#-----------------------------------------------------------
# Vivado v2018.3 (64-bit)
# SW Build 2405991 on Thu Dec  6 23:38:27 MST 2018
# IP Build 2404404 on Fri Dec  7 01:43:56 MST 2018
# Start of session at: Thu Apr 16 18:54:51 2020
# Process ID: 14692
# Current directory: C:/Users/fay/Documents/GitHub/Computer-Organization-experiment/Lab3_RBBE4/RBBE4
# Command line: vivado.exe -gui_launcher_event rodinguilauncherevent9324 C:\Users\fay\Documents\GitHub\Computer-Organization-experiment\Lab3_RBBE4\RBBE4\RBBE4.xpr
# Log file: C:/Users/fay/Documents/GitHub/Computer-Organization-experiment/Lab3_RBBE4/RBBE4/vivado.log
# Journal file: C:/Users/fay/Documents/GitHub/Computer-Organization-experiment/Lab3_RBBE4/RBBE4\vivado.jou
#-----------------------------------------------------------
start_gui
open_project C:/Users/fay/Documents/GitHub/Computer-Organization-experiment/Lab3_RBBE4/RBBE4/RBBE4.xpr
INFO: [Project 1-313] Project file moved from 'D:/Tanimodori/Document/Lecture/HIT_2020_Spring_COMP2008/RBBE4' since last save.
Scanning sources...
Finished scanning sources
INFO: [IP_Flow 19-234] Refreshing IP repositories
INFO: [IP_Flow 19-1704] No user IP repositories specified
INFO: [IP_Flow 19-2313] Loaded Vivado IP repository 'C:/Xilinx/Vivado/2018.3/data/ip'.
update_compile_order -fileset sources_1
exit
INFO: [Common 17-206] Exiting Vivado at Thu Apr 16 18:55:43 2020...
