Vivado Simulator 2018.3
Time resolution is 1 ps
========进行仲裁测试（计数起始点0）========
======从计数起始点开始的循环模式======
共有1个设备提起请求
请求状态：设备3(0);设备2(0);设备1(0);设备0(1)
本次设备0将得到总线控制权
                2513时刻，设备0已得到响应
                2536时刻，设备0完成总线访问，请求已撤出
========进行仲裁测试（计数起始点0）========
======从计数起始点开始的循环模式======
共有1个设备提起请求
请求状态：设备3(0);设备2(0);设备1(1);设备0(0)
本次设备1将得到总线控制权
                5024时刻，设备1已得到响应
                5047时刻，设备1完成总线访问，请求已撤出
========进行仲裁测试（计数起始点0）========
======从计数起始点开始的循环模式======
共有2个设备提起请求
请求状态：设备3(0);设备2(0);设备1(1);设备0(1)
本次设备0将得到总线控制权
                7535时刻，设备0已得到响应
                7558时刻，设备0完成总线访问，请求已撤出
请求状态：设备3(0);设备2(0);设备1(1);设备0(0)
本次设备1将得到总线控制权
                9891时刻，设备1已得到响应
                9914时刻，设备1完成总线访问，请求已撤出
========进行仲裁测试（计数起始点0）========
======从计数起始点开始的循环模式======
共有1个设备提起请求
请求状态：设备3(0);设备2(1);设备1(0);设备0(0)
本次设备2将得到总线控制权
               12402时刻，设备2已得到响应
               12425时刻，设备2完成总线访问，请求已撤出
========进行仲裁测试（计数起始点0）========
======从计数起始点开始的循环模式======
共有2个设备提起请求
请求状态：设备3(0);设备2(1);设备1(0);设备0(1)
本次设备0将得到总线控制权
               14913时刻，设备0已得到响应
               14936时刻，设备0完成总线访问，请求已撤出
请求状态：设备3(0);设备2(1);设备1(0);设备0(0)
本次设备2将得到总线控制权
               17269时刻，设备2已得到响应
               17292时刻，设备2完成总线访问，请求已撤出
========进行仲裁测试（计数起始点0）========
======从计数起始点开始的循环模式======
共有2个设备提起请求
请求状态：设备3(0);设备2(1);设备1(1);设备0(0)
本次设备1将得到总线控制权
               19780时刻，设备1已得到响应
               19803时刻，设备1完成总线访问，请求已撤出
请求状态：设备3(0);设备2(1);设备1(0);设备0(0)
本次设备2将得到总线控制权
               22136时刻，设备2已得到响应
               22159时刻，设备2完成总线访问，请求已撤出
========进行仲裁测试（计数起始点0）========
======从计数起始点开始的循环模式======
共有3个设备提起请求
请求状态：设备3(0);设备2(1);设备1(1);设备0(1)
本次设备0将得到总线控制权
               24647时刻，设备0已得到响应
               24670时刻，设备0完成总线访问，请求已撤出
请求状态：设备3(0);设备2(1);设备1(1);设备0(0)
本次设备1将得到总线控制权
               27003时刻，设备1已得到响应
               27026时刻，设备1完成总线访问，请求已撤出
请求状态：设备3(0);设备2(1);设备1(0);设备0(0)
本次设备2将得到总线控制权
               29359时刻，设备2已得到响应
               29382时刻，设备2完成总线访问，请求已撤出
========进行仲裁测试（计数起始点0）========
======从计数起始点开始的循环模式======
共有1个设备提起请求
请求状态：设备3(1);设备2(0);设备1(0);设备0(0)
本次设备3将得到总线控制权
               31870时刻，设备3已得到响应
               31893时刻，设备3完成总线访问，请求已撤出
========进行仲裁测试（计数起始点0）========
======从计数起始点开始的循环模式======
共有2个设备提起请求
请求状态：设备3(1);设备2(0);设备1(0);设备0(1)
本次设备0将得到总线控制权
               34381时刻，设备0已得到响应
               34404时刻，设备0完成总线访问，请求已撤出
请求状态：设备3(1);设备2(0);设备1(0);设备0(0)
本次设备3将得到总线控制权
               36737时刻，设备3已得到响应
               36760时刻，设备3完成总线访问，请求已撤出
========进行仲裁测试（计数起始点0）========
======从计数起始点开始的循环模式======
共有2个设备提起请求
请求状态：设备3(1);设备2(0);设备1(1);设备0(0)
本次设备1将得到总线控制权
               39248时刻，设备1已得到响应
               39271时刻，设备1完成总线访问，请求已撤出
请求状态：设备3(1);设备2(0);设备1(0);设备0(0)
本次设备3将得到总线控制权
               41604时刻，设备3已得到响应
               41627时刻，设备3完成总线访问，请求已撤出
========进行仲裁测试（计数起始点0）========
======从计数起始点开始的循环模式======
共有3个设备提起请求
请求状态：设备3(1);设备2(0);设备1(1);设备0(1)
本次设备0将得到总线控制权
               44115时刻，设备0已得到响应
               44138时刻，设备0完成总线访问，请求已撤出
请求状态：设备3(1);设备2(0);设备1(1);设备0(0)
本次设备1将得到总线控制权
               46471时刻，设备1已得到响应
               46494时刻，设备1完成总线访问，请求已撤出
请求状态：设备3(1);设备2(0);设备1(0);设备0(0)
本次设备3将得到总线控制权
               48827时刻，设备3已得到响应
               48850时刻，设备3完成总线访问，请求已撤出
========进行仲裁测试（计数起始点0）========
======从计数起始点开始的循环模式======
共有2个设备提起请求
请求状态：设备3(1);设备2(1);设备1(0);设备0(0)
本次设备2将得到总线控制权
               51338时刻，设备2已得到响应
               51361时刻，设备2完成总线访问，请求已撤出
请求状态：设备3(1);设备2(0);设备1(0);设备0(0)
本次设备3将得到总线控制权
               53694时刻，设备3已得到响应
               53717时刻，设备3完成总线访问，请求已撤出
========进行仲裁测试（计数起始点0）========
======从计数起始点开始的循环模式======
共有3个设备提起请求
请求状态：设备3(1);设备2(1);设备1(0);设备0(1)
本次设备0将得到总线控制权
               56205时刻，设备0已得到响应
               56228时刻，设备0完成总线访问，请求已撤出
请求状态：设备3(1);设备2(1);设备1(0);设备0(0)
本次设备2将得到总线控制权
               58561时刻，设备2已得到响应
               58584时刻，设备2完成总线访问，请求已撤出
请求状态：设备3(1);设备2(0);设备1(0);设备0(0)
本次设备3将得到总线控制权
               60917时刻，设备3已得到响应
               60940时刻，设备3完成总线访问，请求已撤出
========进行仲裁测试（计数起始点0）========
======从计数起始点开始的循环模式======
共有3个设备提起请求
请求状态：设备3(1);设备2(1);设备1(1);设备0(0)
本次设备1将得到总线控制权
               63428时刻，设备1已得到响应
               63451时刻，设备1完成总线访问，请求已撤出
请求状态：设备3(1);设备2(1);设备1(0);设备0(0)
本次设备2将得到总线控制权
               65784时刻，设备2已得到响应
               65807时刻，设备2完成总线访问，请求已撤出
请求状态：设备3(1);设备2(0);设备1(0);设备0(0)
本次设备3将得到总线控制权
               68140时刻，设备3已得到响应
               68163时刻，设备3完成总线访问，请求已撤出
========进行仲裁测试（计数起始点0）========
======从计数起始点开始的循环模式======
共有4个设备提起请求
请求状态：设备3(1);设备2(1);设备1(1);设备0(1)
本次设备0将得到总线控制权
               70651时刻，设备0已得到响应
               70674时刻，设备0完成总线访问，请求已撤出
请求状态：设备3(1);设备2(1);设备1(1);设备0(0)
本次设备1将得到总线控制权
               73007时刻，设备1已得到响应
               73030时刻，设备1完成总线访问，请求已撤出
请求状态：设备3(1);设备2(1);设备1(0);设备0(0)
本次设备2将得到总线控制权
               75363时刻，设备2已得到响应
               75386时刻，设备2完成总线访问，请求已撤出
请求状态：设备3(1);设备2(0);设备1(0);设备0(0)
本次设备3将得到总线控制权
               77719时刻，设备3已得到响应
               77742时刻，设备3完成总线访问，请求已撤出
========进行仲裁测试（计数起始点1）========
======从计数起始点开始的循环模式======
共有1个设备提起请求
请求状态：设备3(0);设备2(0);设备1(0);设备0(1)
本次设备0将得到总线控制权
               80230时刻，设备0已得到响应
               80253时刻，设备0完成总线访问，请求已撤出
========进行仲裁测试（计数起始点1）========
======从计数起始点开始的循环模式======
共有1个设备提起请求
请求状态：设备3(0);设备2(0);设备1(1);设备0(0)
本次设备1将得到总线控制权
               82741时刻，设备1已得到响应
               82764时刻，设备1完成总线访问，请求已撤出
========进行仲裁测试（计数起始点1）========
======从计数起始点开始的循环模式======
共有2个设备提起请求
请求状态：设备3(0);设备2(0);设备1(1);设备0(1)
本次设备1将得到总线控制权
               85252时刻，设备1已得到响应
               85275时刻，设备1完成总线访问，请求已撤出
请求状态：设备3(0);设备2(0);设备1(0);设备0(1)
本次设备0将得到总线控制权
               87608时刻，设备0已得到响应
               87631时刻，设备0完成总线访问，请求已撤出
========进行仲裁测试（计数起始点1）========
======从计数起始点开始的循环模式======
共有1个设备提起请求
请求状态：设备3(0);设备2(1);设备1(0);设备0(0)
本次设备2将得到总线控制权
               90119时刻，设备2已得到响应
               90142时刻，设备2完成总线访问，请求已撤出
========进行仲裁测试（计数起始点1）========
======从计数起始点开始的循环模式======
共有2个设备提起请求
请求状态：设备3(0);设备2(1);设备1(0);设备0(1)
本次设备2将得到总线控制权
               92630时刻，设备2已得到响应
               92653时刻，设备2完成总线访问，请求已撤出
请求状态：设备3(0);设备2(0);设备1(0);设备0(1)
本次设备0将得到总线控制权
               94986时刻，设备0已得到响应
               95009时刻，设备0完成总线访问，请求已撤出
========进行仲裁测试（计数起始点1）========
======从计数起始点开始的循环模式======
共有2个设备提起请求
请求状态：设备3(0);设备2(1);设备1(1);设备0(0)
本次设备1将得到总线控制权
               97497时刻，设备1已得到响应
               97520时刻，设备1完成总线访问，请求已撤出
请求状态：设备3(0);设备2(1);设备1(0);设备0(0)
本次设备2将得到总线控制权
               99853时刻，设备2已得到响应
               99876时刻，设备2完成总线访问，请求已撤出
========进行仲裁测试（计数起始点1）========
======从计数起始点开始的循环模式======
共有3个设备提起请求
请求状态：设备3(0);设备2(1);设备1(1);设备0(1)
本次设备1将得到总线控制权
              102364时刻，设备1已得到响应
              102387时刻，设备1完成总线访问，请求已撤出
请求状态：设备3(0);设备2(1);设备1(0);设备0(1)
本次设备2将得到总线控制权
              104720时刻，设备2已得到响应
              104743时刻，设备2完成总线访问，请求已撤出
请求状态：设备3(0);设备2(0);设备1(0);设备0(1)
本次设备0将得到总线控制权
              107076时刻，设备0已得到响应
              107099时刻，设备0完成总线访问，请求已撤出
========进行仲裁测试（计数起始点1）========
======从计数起始点开始的循环模式======
共有1个设备提起请求
请求状态：设备3(1);设备2(0);设备1(0);设备0(0)
本次设备3将得到总线控制权
              109587时刻，设备3已得到响应
              109610时刻，设备3完成总线访问，请求已撤出
========进行仲裁测试（计数起始点1）========
======从计数起始点开始的循环模式======
共有2个设备提起请求
请求状态：设备3(1);设备2(0);设备1(0);设备0(1)
本次设备3将得到总线控制权
              112098时刻，设备3已得到响应
              112121时刻，设备3完成总线访问，请求已撤出
请求状态：设备3(0);设备2(0);设备1(0);设备0(1)
本次设备0将得到总线控制权
              114454时刻，设备0已得到响应
              114477时刻，设备0完成总线访问，请求已撤出
========进行仲裁测试（计数起始点1）========
======从计数起始点开始的循环模式======
共有2个设备提起请求
请求状态：设备3(1);设备2(0);设备1(1);设备0(0)
本次设备1将得到总线控制权
              116965时刻，设备1已得到响应
              116988时刻，设备1完成总线访问，请求已撤出
请求状态：设备3(1);设备2(0);设备1(0);设备0(0)
本次设备3将得到总线控制权
              119321时刻，设备3已得到响应
              119344时刻，设备3完成总线访问，请求已撤出
========进行仲裁测试（计数起始点1）========
======从计数起始点开始的循环模式======
共有3个设备提起请求
请求状态：设备3(1);设备2(0);设备1(1);设备0(1)
本次设备1将得到总线控制权
              121832时刻，设备1已得到响应
              121855时刻，设备1完成总线访问，请求已撤出
请求状态：设备3(1);设备2(0);设备1(0);设备0(1)
本次设备3将得到总线控制权
              124188时刻，设备3已得到响应
              124211时刻，设备3完成总线访问，请求已撤出
请求状态：设备3(0);设备2(0);设备1(0);设备0(1)
本次设备0将得到总线控制权
              126544时刻，设备0已得到响应
              126567时刻，设备0完成总线访问，请求已撤出
========进行仲裁测试（计数起始点1）========
======从计数起始点开始的循环模式======
共有2个设备提起请求
请求状态：设备3(1);设备2(1);设备1(0);设备0(0)
本次设备2将得到总线控制权
              129055时刻，设备2已得到响应
              129078时刻，设备2完成总线访问，请求已撤出
请求状态：设备3(1);设备2(0);设备1(0);设备0(0)
本次设备3将得到总线控制权
              131411时刻，设备3已得到响应
              131434时刻，设备3完成总线访问，请求已撤出
========进行仲裁测试（计数起始点1）========
======从计数起始点开始的循环模式======
共有3个设备提起请求
请求状态：设备3(1);设备2(1);设备1(0);设备0(1)
本次设备2将得到总线控制权
              133922时刻，设备2已得到响应
              133945时刻，设备2完成总线访问，请求已撤出
请求状态：设备3(1);设备2(0);设备1(0);设备0(1)
本次设备3将得到总线控制权
              136278时刻，设备3已得到响应
              136301时刻，设备3完成总线访问，请求已撤出
请求状态：设备3(0);设备2(0);设备1(0);设备0(1)
本次设备0将得到总线控制权
              138634时刻，设备0已得到响应
              138657时刻，设备0完成总线访问，请求已撤出
========进行仲裁测试（计数起始点1）========
======从计数起始点开始的循环模式======
共有3个设备提起请求
请求状态：设备3(1);设备2(1);设备1(1);设备0(0)
本次设备1将得到总线控制权
              141145时刻，设备1已得到响应
              141168时刻，设备1完成总线访问，请求已撤出
请求状态：设备3(1);设备2(1);设备1(0);设备0(0)
本次设备2将得到总线控制权
              143501时刻，设备2已得到响应
              143524时刻，设备2完成总线访问，请求已撤出
请求状态：设备3(1);设备2(0);设备1(0);设备0(0)
本次设备3将得到总线控制权
              145857时刻，设备3已得到响应
              145880时刻，设备3完成总线访问，请求已撤出
========进行仲裁测试（计数起始点1）========
======从计数起始点开始的循环模式======
共有4个设备提起请求
请求状态：设备3(1);设备2(1);设备1(1);设备0(1)
本次设备1将得到总线控制权
              148368时刻，设备1已得到响应
              148391时刻，设备1完成总线访问，请求已撤出
请求状态：设备3(1);设备2(1);设备1(0);设备0(1)
本次设备2将得到总线控制权
              150724时刻，设备2已得到响应
              150747时刻，设备2完成总线访问，请求已撤出
请求状态：设备3(1);设备2(0);设备1(0);设备0(1)
本次设备3将得到总线控制权
              153080时刻，设备3已得到响应
              153103时刻，设备3完成总线访问，请求已撤出
请求状态：设备3(0);设备2(0);设备1(0);设备0(1)
本次设备0将得到总线控制权
              155436时刻，设备0已得到响应
              155459时刻，设备0完成总线访问，请求已撤出
========进行仲裁测试（计数起始点2）========
======从计数起始点开始的循环模式======
共有1个设备提起请求
请求状态：设备3(0);设备2(0);设备1(0);设备0(1)
本次设备0将得到总线控制权
              157947时刻，设备0已得到响应
              157970时刻，设备0完成总线访问，请求已撤出
========进行仲裁测试（计数起始点2）========
======从计数起始点开始的循环模式======
共有1个设备提起请求
请求状态：设备3(0);设备2(0);设备1(1);设备0(0)
本次设备1将得到总线控制权
              160458时刻，设备1已得到响应
              160481时刻，设备1完成总线访问，请求已撤出
========进行仲裁测试（计数起始点2）========
======从计数起始点开始的循环模式======
共有2个设备提起请求
请求状态：设备3(0);设备2(0);设备1(1);设备0(1)
本次设备0将得到总线控制权
              162969时刻，设备0已得到响应
              162992时刻，设备0完成总线访问，请求已撤出
请求状态：设备3(0);设备2(0);设备1(1);设备0(0)
本次设备1将得到总线控制权
              165325时刻，设备1已得到响应
              165348时刻，设备1完成总线访问，请求已撤出
========进行仲裁测试（计数起始点2）========
======从计数起始点开始的循环模式======
共有1个设备提起请求
请求状态：设备3(0);设备2(1);设备1(0);设备0(0)
本次设备2将得到总线控制权
              167836时刻，设备2已得到响应
              167859时刻，设备2完成总线访问，请求已撤出
========进行仲裁测试（计数起始点2）========
======从计数起始点开始的循环模式======
共有2个设备提起请求
请求状态：设备3(0);设备2(1);设备1(0);设备0(1)
本次设备2将得到总线控制权
              170347时刻，设备2已得到响应
              170370时刻，设备2完成总线访问，请求已撤出
请求状态：设备3(0);设备2(0);设备1(0);设备0(1)
本次设备0将得到总线控制权
              172703时刻，设备0已得到响应
              172726时刻，设备0完成总线访问，请求已撤出
========进行仲裁测试（计数起始点2）========
======从计数起始点开始的循环模式======
共有2个设备提起请求
请求状态：设备3(0);设备2(1);设备1(1);设备0(0)
本次设备2将得到总线控制权
              175214时刻，设备2已得到响应
              175237时刻，设备2完成总线访问，请求已撤出
请求状态：设备3(0);设备2(0);设备1(1);设备0(0)
本次设备1将得到总线控制权
              177570时刻，设备1已得到响应
              177593时刻，设备1完成总线访问，请求已撤出
========进行仲裁测试（计数起始点2）========
======从计数起始点开始的循环模式======
共有3个设备提起请求
请求状态：设备3(0);设备2(1);设备1(1);设备0(1)
本次设备2将得到总线控制权
              180081时刻，设备2已得到响应
              180104时刻，设备2完成总线访问，请求已撤出
请求状态：设备3(0);设备2(0);设备1(1);设备0(1)
本次设备0将得到总线控制权
              182437时刻，设备0已得到响应
              182460时刻，设备0完成总线访问，请求已撤出
请求状态：设备3(0);设备2(0);设备1(1);设备0(0)
本次设备1将得到总线控制权
              184793时刻，设备1已得到响应
              184816时刻，设备1完成总线访问，请求已撤出
========进行仲裁测试（计数起始点2）========
======从计数起始点开始的循环模式======
共有1个设备提起请求
请求状态：设备3(1);设备2(0);设备1(0);设备0(0)
本次设备3将得到总线控制权
              187304时刻，设备3已得到响应
              187327时刻，设备3完成总线访问，请求已撤出
========进行仲裁测试（计数起始点2）========
======从计数起始点开始的循环模式======
共有2个设备提起请求
请求状态：设备3(1);设备2(0);设备1(0);设备0(1)
本次设备3将得到总线控制权
              189815时刻，设备3已得到响应
              189838时刻，设备3完成总线访问，请求已撤出
请求状态：设备3(0);设备2(0);设备1(0);设备0(1)
本次设备0将得到总线控制权
              192171时刻，设备0已得到响应
              192194时刻，设备0完成总线访问，请求已撤出
========进行仲裁测试（计数起始点2）========
======从计数起始点开始的循环模式======
共有2个设备提起请求
请求状态：设备3(1);设备2(0);设备1(1);设备0(0)
本次设备3将得到总线控制权
              194682时刻，设备3已得到响应
              194705时刻，设备3完成总线访问，请求已撤出
请求状态：设备3(0);设备2(0);设备1(1);设备0(0)
本次设备1将得到总线控制权
              197038时刻，设备1已得到响应
              197061时刻，设备1完成总线访问，请求已撤出
========进行仲裁测试（计数起始点2）========
======从计数起始点开始的循环模式======
共有3个设备提起请求
请求状态：设备3(1);设备2(0);设备1(1);设备0(1)
本次设备3将得到总线控制权
              199549时刻，设备3已得到响应
              199572时刻，设备3完成总线访问，请求已撤出
请求状态：设备3(0);设备2(0);设备1(1);设备0(1)
本次设备0将得到总线控制权
              201905时刻，设备0已得到响应
              201928时刻，设备0完成总线访问，请求已撤出
请求状态：设备3(0);设备2(0);设备1(1);设备0(0)
本次设备1将得到总线控制权
              204261时刻，设备1已得到响应
              204284时刻，设备1完成总线访问，请求已撤出
========进行仲裁测试（计数起始点2）========
======从计数起始点开始的循环模式======
共有2个设备提起请求
请求状态：设备3(1);设备2(1);设备1(0);设备0(0)
本次设备2将得到总线控制权
              206772时刻，设备2已得到响应
              206795时刻，设备2完成总线访问，请求已撤出
请求状态：设备3(1);设备2(0);设备1(0);设备0(0)
本次设备3将得到总线控制权
              209128时刻，设备3已得到响应
              209151时刻，设备3完成总线访问，请求已撤出
========进行仲裁测试（计数起始点2）========
======从计数起始点开始的循环模式======
共有3个设备提起请求
请求状态：设备3(1);设备2(1);设备1(0);设备0(1)
本次设备2将得到总线控制权
              211639时刻，设备2已得到响应
              211662时刻，设备2完成总线访问，请求已撤出
请求状态：设备3(1);设备2(0);设备1(0);设备0(1)
本次设备3将得到总线控制权
              213995时刻，设备3已得到响应
              214018时刻，设备3完成总线访问，请求已撤出
请求状态：设备3(0);设备2(0);设备1(0);设备0(1)
本次设备0将得到总线控制权
              216351时刻，设备0已得到响应
              216374时刻，设备0完成总线访问，请求已撤出
========进行仲裁测试（计数起始点2）========
======从计数起始点开始的循环模式======
共有3个设备提起请求
请求状态：设备3(1);设备2(1);设备1(1);设备0(0)
本次设备2将得到总线控制权
              218862时刻，设备2已得到响应
              218885时刻，设备2完成总线访问，请求已撤出
请求状态：设备3(1);设备2(0);设备1(1);设备0(0)
本次设备3将得到总线控制权
              221218时刻，设备3已得到响应
              221241时刻，设备3完成总线访问，请求已撤出
请求状态：设备3(0);设备2(0);设备1(1);设备0(0)
本次设备1将得到总线控制权
              223574时刻，设备1已得到响应
              223597时刻，设备1完成总线访问，请求已撤出
========进行仲裁测试（计数起始点2）========
======从计数起始点开始的循环模式======
共有4个设备提起请求
请求状态：设备3(1);设备2(1);设备1(1);设备0(1)
本次设备2将得到总线控制权
              226085时刻，设备2已得到响应
              226108时刻，设备2完成总线访问，请求已撤出
请求状态：设备3(1);设备2(0);设备1(1);设备0(1)
本次设备3将得到总线控制权
              228441时刻，设备3已得到响应
              228464时刻，设备3完成总线访问，请求已撤出
请求状态：设备3(0);设备2(0);设备1(1);设备0(1)
本次设备0将得到总线控制权
              230797时刻，设备0已得到响应
              230820时刻，设备0完成总线访问，请求已撤出
请求状态：设备3(0);设备2(0);设备1(1);设备0(0)
本次设备1将得到总线控制权
              233153时刻，设备1已得到响应
              233176时刻，设备1完成总线访问，请求已撤出
========进行仲裁测试（计数起始点3）========
======从计数起始点开始的循环模式======
共有1个设备提起请求
请求状态：设备3(0);设备2(0);设备1(0);设备0(1)
本次设备0将得到总线控制权
              235664时刻，设备0已得到响应
              235687时刻，设备0完成总线访问，请求已撤出
========进行仲裁测试（计数起始点3）========
======从计数起始点开始的循环模式======
共有1个设备提起请求
请求状态：设备3(0);设备2(0);设备1(1);设备0(0)
本次设备1将得到总线控制权
              238175时刻，设备1已得到响应
              238198时刻，设备1完成总线访问，请求已撤出
========进行仲裁测试（计数起始点3）========
======从计数起始点开始的循环模式======
共有2个设备提起请求
请求状态：设备3(0);设备2(0);设备1(1);设备0(1)
本次设备0将得到总线控制权
              240686时刻，设备0已得到响应
              240709时刻，设备0完成总线访问，请求已撤出
请求状态：设备3(0);设备2(0);设备1(1);设备0(0)
本次设备1将得到总线控制权
              243042时刻，设备1已得到响应
              243065时刻，设备1完成总线访问，请求已撤出
========进行仲裁测试（计数起始点3）========
======从计数起始点开始的循环模式======
共有1个设备提起请求
请求状态：设备3(0);设备2(1);设备1(0);设备0(0)
本次设备2将得到总线控制权
              245553时刻，设备2已得到响应
              245576时刻，设备2完成总线访问，请求已撤出
========进行仲裁测试（计数起始点3）========
======从计数起始点开始的循环模式======
共有2个设备提起请求
请求状态：设备3(0);设备2(1);设备1(0);设备0(1)
本次设备0将得到总线控制权
              248064时刻，设备0已得到响应
              248087时刻，设备0完成总线访问，请求已撤出
请求状态：设备3(0);设备2(1);设备1(0);设备0(0)
本次设备2将得到总线控制权
              250420时刻，设备2已得到响应
              250443时刻，设备2完成总线访问，请求已撤出
========进行仲裁测试（计数起始点3）========
======从计数起始点开始的循环模式======
共有2个设备提起请求
请求状态：设备3(0);设备2(1);设备1(1);设备0(0)
本次设备1将得到总线控制权
              252931时刻，设备1已得到响应
              252954时刻，设备1完成总线访问，请求已撤出
请求状态：设备3(0);设备2(1);设备1(0);设备0(0)
本次设备2将得到总线控制权
              255287时刻，设备2已得到响应
              255310时刻，设备2完成总线访问，请求已撤出
========进行仲裁测试（计数起始点3）========
======从计数起始点开始的循环模式======
共有3个设备提起请求
请求状态：设备3(0);设备2(1);设备1(1);设备0(1)
本次设备0将得到总线控制权
              257798时刻，设备0已得到响应
              257821时刻，设备0完成总线访问，请求已撤出
请求状态：设备3(0);设备2(1);设备1(1);设备0(0)
本次设备1将得到总线控制权
              260154时刻，设备1已得到响应
              260177时刻，设备1完成总线访问，请求已撤出
请求状态：设备3(0);设备2(1);设备1(0);设备0(0)
本次设备2将得到总线控制权
              262510时刻，设备2已得到响应
              262533时刻，设备2完成总线访问，请求已撤出
========进行仲裁测试（计数起始点3）========
======从计数起始点开始的循环模式======
共有1个设备提起请求
请求状态：设备3(1);设备2(0);设备1(0);设备0(0)
本次设备3将得到总线控制权
              265021时刻，设备3已得到响应
              265044时刻，设备3完成总线访问，请求已撤出
========进行仲裁测试（计数起始点3）========
======从计数起始点开始的循环模式======
共有2个设备提起请求
请求状态：设备3(1);设备2(0);设备1(0);设备0(1)
本次设备3将得到总线控制权
              267532时刻，设备3已得到响应
              267555时刻，设备3完成总线访问，请求已撤出
请求状态：设备3(0);设备2(0);设备1(0);设备0(1)
本次设备0将得到总线控制权
              269888时刻，设备0已得到响应
              269911时刻，设备0完成总线访问，请求已撤出
========进行仲裁测试（计数起始点3）========
======从计数起始点开始的循环模式======
共有2个设备提起请求
请求状态：设备3(1);设备2(0);设备1(1);设备0(0)
本次设备3将得到总线控制权
              272399时刻，设备3已得到响应
              272422时刻，设备3完成总线访问，请求已撤出
请求状态：设备3(0);设备2(0);设备1(1);设备0(0)
本次设备1将得到总线控制权
              274755时刻，设备1已得到响应
              274778时刻，设备1完成总线访问，请求已撤出
========进行仲裁测试（计数起始点3）========
======从计数起始点开始的循环模式======
共有3个设备提起请求
请求状态：设备3(1);设备2(0);设备1(1);设备0(1)
本次设备3将得到总线控制权
              277266时刻，设备3已得到响应
              277289时刻，设备3完成总线访问，请求已撤出
请求状态：设备3(0);设备2(0);设备1(1);设备0(1)
本次设备0将得到总线控制权
              279622时刻，设备0已得到响应
              279645时刻，设备0完成总线访问，请求已撤出
请求状态：设备3(0);设备2(0);设备1(1);设备0(0)
本次设备1将得到总线控制权
              281978时刻，设备1已得到响应
              282001时刻，设备1完成总线访问，请求已撤出
========进行仲裁测试（计数起始点3）========
======从计数起始点开始的循环模式======
共有2个设备提起请求
请求状态：设备3(1);设备2(1);设备1(0);设备0(0)
本次设备3将得到总线控制权
              284489时刻，设备3已得到响应
              284512时刻，设备3完成总线访问，请求已撤出
请求状态：设备3(0);设备2(1);设备1(0);设备0(0)
本次设备2将得到总线控制权
              286845时刻，设备2已得到响应
              286868时刻，设备2完成总线访问，请求已撤出
========进行仲裁测试（计数起始点3）========
======从计数起始点开始的循环模式======
共有3个设备提起请求
请求状态：设备3(1);设备2(1);设备1(0);设备0(1)
本次设备3将得到总线控制权
              289356时刻，设备3已得到响应
              289379时刻，设备3完成总线访问，请求已撤出
请求状态：设备3(0);设备2(1);设备1(0);设备0(1)
本次设备0将得到总线控制权
              291712时刻，设备0已得到响应
              291735时刻，设备0完成总线访问，请求已撤出
请求状态：设备3(0);设备2(1);设备1(0);设备0(0)
本次设备2将得到总线控制权
              294068时刻，设备2已得到响应
              294091时刻，设备2完成总线访问，请求已撤出
========进行仲裁测试（计数起始点3）========
======从计数起始点开始的循环模式======
共有3个设备提起请求
请求状态：设备3(1);设备2(1);设备1(1);设备0(0)
本次设备3将得到总线控制权
              296579时刻，设备3已得到响应
              296602时刻，设备3完成总线访问，请求已撤出
请求状态：设备3(0);设备2(1);设备1(1);设备0(0)
本次设备1将得到总线控制权
              298935时刻，设备1已得到响应
              298958时刻，设备1完成总线访问，请求已撤出
请求状态：设备3(0);设备2(1);设备1(0);设备0(0)
本次设备2将得到总线控制权
              301291时刻，设备2已得到响应
              301314时刻，设备2完成总线访问，请求已撤出
========进行仲裁测试（计数起始点3）========
======从计数起始点开始的循环模式======
共有4个设备提起请求
请求状态：设备3(1);设备2(1);设备1(1);设备0(1)
本次设备3将得到总线控制权
              303802时刻，设备3已得到响应
              303825时刻，设备3完成总线访问，请求已撤出
请求状态：设备3(0);设备2(1);设备1(1);设备0(1)
本次设备0将得到总线控制权
              306158时刻，设备0已得到响应
              306181时刻，设备0完成总线访问，请求已撤出
请求状态：设备3(0);设备2(1);设备1(1);设备0(0)
本次设备1将得到总线控制权
              308514时刻，设备1已得到响应
              308537时刻，设备1完成总线访问，请求已撤出
请求状态：设备3(0);设备2(1);设备1(0);设备0(0)
本次设备2将得到总线控制权
              310870时刻，设备2已得到响应
              310893时刻，设备2完成总线访问，请求已撤出
========进行仲裁测试（计数起始点0）========
======从终止点开始的循环模式======
共有1个设备提起请求
请求状态：设备3(0);设备2(0);设备1(0);设备0(1)
本次设备0将得到总线控制权
              313381时刻，设备0已得到响应
              313404时刻，设备0完成总线访问，请求已撤出
========进行仲裁测试（计数起始点0）========
======从终止点开始的循环模式======
共有1个设备提起请求
请求状态：设备3(0);设备2(0);设备1(1);设备0(0)
本次设备1将得到总线控制权
              315892时刻，设备1已得到响应
              315915时刻，设备1完成总线访问，请求已撤出
========进行仲裁测试（计数起始点0）========
======从终止点开始的循环模式======
共有2个设备提起请求
请求状态：设备3(0);设备2(0);设备1(1);设备0(1)
本次设备0将得到总线控制权
              318403时刻，设备0已得到响应
              318426时刻，设备0完成总线访问，请求已撤出
请求状态：设备3(0);设备2(0);设备1(1);设备0(0)
本次设备1将得到总线控制权
              320759时刻，设备1已得到响应
              320782时刻，设备1完成总线访问，请求已撤出
========进行仲裁测试（计数起始点0）========
======从终止点开始的循环模式======
共有1个设备提起请求
请求状态：设备3(0);设备2(1);设备1(0);设备0(0)
本次设备2将得到总线控制权
              323270时刻，设备2已得到响应
              323293时刻，设备2完成总线访问，请求已撤出
========进行仲裁测试（计数起始点0）========
======从终止点开始的循环模式======
共有2个设备提起请求
请求状态：设备3(0);设备2(1);设备1(0);设备0(1)
本次设备0将得到总线控制权
              325781时刻，设备0已得到响应
              325804时刻，设备0完成总线访问，请求已撤出
请求状态：设备3(0);设备2(1);设备1(0);设备0(0)
本次设备2将得到总线控制权
              328137时刻，设备2已得到响应
              328160时刻，设备2完成总线访问，请求已撤出
========进行仲裁测试（计数起始点0）========
======从终止点开始的循环模式======
共有2个设备提起请求
请求状态：设备3(0);设备2(1);设备1(1);设备0(0)
本次设备1将得到总线控制权
              330648时刻，设备1已得到响应
              330671时刻，设备1完成总线访问，请求已撤出
请求状态：设备3(0);设备2(1);设备1(0);设备0(0)
本次设备2将得到总线控制权
              333004时刻，设备2已得到响应
              333027时刻，设备2完成总线访问，请求已撤出
========进行仲裁测试（计数起始点0）========
======从终止点开始的循环模式======
共有3个设备提起请求
请求状态：设备3(0);设备2(1);设备1(1);设备0(1)
本次设备0将得到总线控制权
              335515时刻，设备0已得到响应
              335538时刻，设备0完成总线访问，请求已撤出
请求状态：设备3(0);设备2(1);设备1(1);设备0(0)
本次设备1将得到总线控制权
              337871时刻，设备1已得到响应
              337894时刻，设备1完成总线访问，请求已撤出
请求状态：设备3(0);设备2(1);设备1(0);设备0(0)
本次设备2将得到总线控制权
              340227时刻，设备2已得到响应
              340250时刻，设备2完成总线访问，请求已撤出
========进行仲裁测试（计数起始点0）========
======从终止点开始的循环模式======
共有1个设备提起请求
请求状态：设备3(1);设备2(0);设备1(0);设备0(0)
本次设备3将得到总线控制权
              342738时刻，设备3已得到响应
              342761时刻，设备3完成总线访问，请求已撤出
========进行仲裁测试（计数起始点0）========
======从终止点开始的循环模式======
共有2个设备提起请求
请求状态：设备3(1);设备2(0);设备1(0);设备0(1)
本次设备0将得到总线控制权
              345249时刻，设备0已得到响应
              345272时刻，设备0完成总线访问，请求已撤出
请求状态：设备3(1);设备2(0);设备1(0);设备0(0)
本次设备3将得到总线控制权
              347605时刻，设备3已得到响应
              347628时刻，设备3完成总线访问，请求已撤出
========进行仲裁测试（计数起始点0）========
======从终止点开始的循环模式======
共有2个设备提起请求
请求状态：设备3(1);设备2(0);设备1(1);设备0(0)
本次设备1将得到总线控制权
              350116时刻，设备1已得到响应
              350139时刻，设备1完成总线访问，请求已撤出
请求状态：设备3(1);设备2(0);设备1(0);设备0(0)
本次设备3将得到总线控制权
              352472时刻，设备3已得到响应
              352495时刻，设备3完成总线访问，请求已撤出
========进行仲裁测试（计数起始点0）========
======从终止点开始的循环模式======
共有3个设备提起请求
请求状态：设备3(1);设备2(0);设备1(1);设备0(1)
本次设备0将得到总线控制权
              354983时刻，设备0已得到响应
              355006时刻，设备0完成总线访问，请求已撤出
请求状态：设备3(1);设备2(0);设备1(1);设备0(0)
本次设备1将得到总线控制权
              357339时刻，设备1已得到响应
              357362时刻，设备1完成总线访问，请求已撤出
请求状态：设备3(1);设备2(0);设备1(0);设备0(0)
本次设备3将得到总线控制权
              359695时刻，设备3已得到响应
              359718时刻，设备3完成总线访问，请求已撤出
========进行仲裁测试（计数起始点0）========
======从终止点开始的循环模式======
共有2个设备提起请求
请求状态：设备3(1);设备2(1);设备1(0);设备0(0)
本次设备2将得到总线控制权
              362206时刻，设备2已得到响应
              362229时刻，设备2完成总线访问，请求已撤出
请求状态：设备3(1);设备2(0);设备1(0);设备0(0)
本次设备3将得到总线控制权
              364562时刻，设备3已得到响应
              364585时刻，设备3完成总线访问，请求已撤出
========进行仲裁测试（计数起始点0）========
======从终止点开始的循环模式======
共有3个设备提起请求
请求状态：设备3(1);设备2(1);设备1(0);设备0(1)
本次设备0将得到总线控制权
              367073时刻，设备0已得到响应
              367096时刻，设备0完成总线访问，请求已撤出
请求状态：设备3(1);设备2(1);设备1(0);设备0(0)
本次设备2将得到总线控制权
              369429时刻，设备2已得到响应
              369452时刻，设备2完成总线访问，请求已撤出
请求状态：设备3(1);设备2(0);设备1(0);设备0(0)
本次设备3将得到总线控制权
              371785时刻，设备3已得到响应
              371808时刻，设备3完成总线访问，请求已撤出
========进行仲裁测试（计数起始点0）========
======从终止点开始的循环模式======
共有3个设备提起请求
请求状态：设备3(1);设备2(1);设备1(1);设备0(0)
本次设备1将得到总线控制权
              374296时刻，设备1已得到响应
              374319时刻，设备1完成总线访问，请求已撤出
请求状态：设备3(1);设备2(1);设备1(0);设备0(0)
本次设备2将得到总线控制权
              376652时刻，设备2已得到响应
              376675时刻，设备2完成总线访问，请求已撤出
请求状态：设备3(1);设备2(0);设备1(0);设备0(0)
本次设备3将得到总线控制权
              379008时刻，设备3已得到响应
              379031时刻，设备3完成总线访问，请求已撤出
========进行仲裁测试（计数起始点0）========
======从终止点开始的循环模式======
共有4个设备提起请求
请求状态：设备3(1);设备2(1);设备1(1);设备0(1)
本次设备0将得到总线控制权
              381519时刻，设备0已得到响应
              381542时刻，设备0完成总线访问，请求已撤出
请求状态：设备3(1);设备2(1);设备1(1);设备0(0)
本次设备1将得到总线控制权
              383875时刻，设备1已得到响应
              383898时刻，设备1完成总线访问，请求已撤出
请求状态：设备3(1);设备2(1);设备1(0);设备0(0)
本次设备2将得到总线控制权
              386231时刻，设备2已得到响应
              386254时刻，设备2完成总线访问，请求已撤出
请求状态：设备3(1);设备2(0);设备1(0);设备0(0)
本次设备3将得到总线控制权
              388587时刻，设备3已得到响应
              388610时刻，设备3完成总线访问，请求已撤出
========进行仲裁测试（计数起始点1）========
======从终止点开始的循环模式======
共有1个设备提起请求
请求状态：设备3(0);设备2(0);设备1(0);设备0(1)
本次设备0将得到总线控制权
              391098时刻，设备0已得到响应
              391121时刻，设备0完成总线访问，请求已撤出
========进行仲裁测试（计数起始点1）========
======从终止点开始的循环模式======
共有1个设备提起请求
请求状态：设备3(0);设备2(0);设备1(1);设备0(0)
本次设备1将得到总线控制权
              393609时刻，设备1已得到响应
              393632时刻，设备1完成总线访问，请求已撤出
========进行仲裁测试（计数起始点1）========
======从终止点开始的循环模式======
共有2个设备提起请求
请求状态：设备3(0);设备2(0);设备1(1);设备0(1)
本次设备1将得到总线控制权
              396120时刻，设备1已得到响应
              396143时刻，设备1完成总线访问，请求已撤出
请求状态：设备3(0);设备2(0);设备1(0);设备0(1)
本次设备0将得到总线控制权
              398476时刻，设备0已得到响应
              398499时刻，设备0完成总线访问，请求已撤出
========进行仲裁测试（计数起始点1）========
======从终止点开始的循环模式======
共有1个设备提起请求
请求状态：设备3(0);设备2(1);设备1(0);设备0(0)
本次设备2将得到总线控制权
              400987时刻，设备2已得到响应
              401010时刻，设备2完成总线访问，请求已撤出
========进行仲裁测试（计数起始点1）========
======从终止点开始的循环模式======
共有2个设备提起请求
请求状态：设备3(0);设备2(1);设备1(0);设备0(1)
本次设备2将得到总线控制权
              403498时刻，设备2已得到响应
              403521时刻，设备2完成总线访问，请求已撤出
请求状态：设备3(0);设备2(0);设备1(0);设备0(1)
本次设备0将得到总线控制权
              405854时刻，设备0已得到响应
              405877时刻，设备0完成总线访问，请求已撤出
========进行仲裁测试（计数起始点1）========
======从终止点开始的循环模式======
共有2个设备提起请求
请求状态：设备3(0);设备2(1);设备1(1);设备0(0)
本次设备1将得到总线控制权
              408365时刻，设备1已得到响应
              408388时刻，设备1完成总线访问，请求已撤出
请求状态：设备3(0);设备2(1);设备1(0);设备0(0)
本次设备2将得到总线控制权
              410721时刻，设备2已得到响应
              410744时刻，设备2完成总线访问，请求已撤出
========进行仲裁测试（计数起始点1）========
======从终止点开始的循环模式======
共有3个设备提起请求
请求状态：设备3(0);设备2(1);设备1(1);设备0(1)
本次设备1将得到总线控制权
              413232时刻，设备1已得到响应
              413255时刻，设备1完成总线访问，请求已撤出
请求状态：设备3(0);设备2(1);设备1(0);设备0(1)
本次设备2将得到总线控制权
              415588时刻，设备2已得到响应
              415611时刻，设备2完成总线访问，请求已撤出
请求状态：设备3(0);设备2(0);设备1(0);设备0(1)
本次设备0将得到总线控制权
              417944时刻，设备0已得到响应
              417967时刻，设备0完成总线访问，请求已撤出
========进行仲裁测试（计数起始点1）========
======从终止点开始的循环模式======
共有1个设备提起请求
请求状态：设备3(1);设备2(0);设备1(0);设备0(0)
本次设备3将得到总线控制权
              420455时刻，设备3已得到响应
              420478时刻，设备3完成总线访问，请求已撤出
========进行仲裁测试（计数起始点1）========
======从终止点开始的循环模式======
共有2个设备提起请求
请求状态：设备3(1);设备2(0);设备1(0);设备0(1)
本次设备3将得到总线控制权
              422966时刻，设备3已得到响应
              422989时刻，设备3完成总线访问，请求已撤出
请求状态：设备3(0);设备2(0);设备1(0);设备0(1)
本次设备0将得到总线控制权
              425322时刻，设备0已得到响应
              425345时刻，设备0完成总线访问，请求已撤出
========进行仲裁测试（计数起始点1）========
======从终止点开始的循环模式======
共有2个设备提起请求
请求状态：设备3(1);设备2(0);设备1(1);设备0(0)
本次设备1将得到总线控制权
              427833时刻，设备1已得到响应
              427856时刻，设备1完成总线访问，请求已撤出
请求状态：设备3(1);设备2(0);设备1(0);设备0(0)
本次设备3将得到总线控制权
              430189时刻，设备3已得到响应
              430212时刻，设备3完成总线访问，请求已撤出
========进行仲裁测试（计数起始点1）========
======从终止点开始的循环模式======
共有3个设备提起请求
请求状态：设备3(1);设备2(0);设备1(1);设备0(1)
本次设备1将得到总线控制权
              432700时刻，设备1已得到响应
              432723时刻，设备1完成总线访问，请求已撤出
请求状态：设备3(1);设备2(0);设备1(0);设备0(1)
本次设备3将得到总线控制权
              435056时刻，设备3已得到响应
              435079时刻，设备3完成总线访问，请求已撤出
请求状态：设备3(0);设备2(0);设备1(0);设备0(1)
本次设备0将得到总线控制权
              437412时刻，设备0已得到响应
              437435时刻，设备0完成总线访问，请求已撤出
========进行仲裁测试（计数起始点1）========
======从终止点开始的循环模式======
共有2个设备提起请求
请求状态：设备3(1);设备2(1);设备1(0);设备0(0)
本次设备2将得到总线控制权
              439923时刻，设备2已得到响应
              439946时刻，设备2完成总线访问，请求已撤出
请求状态：设备3(1);设备2(0);设备1(0);设备0(0)
本次设备3将得到总线控制权
              442279时刻，设备3已得到响应
              442302时刻，设备3完成总线访问，请求已撤出
========进行仲裁测试（计数起始点1）========
======从终止点开始的循环模式======
共有3个设备提起请求
请求状态：设备3(1);设备2(1);设备1(0);设备0(1)
本次设备2将得到总线控制权
              444790时刻，设备2已得到响应
              444813时刻，设备2完成总线访问，请求已撤出
请求状态：设备3(1);设备2(0);设备1(0);设备0(1)
本次设备3将得到总线控制权
              447146时刻，设备3已得到响应
              447169时刻，设备3完成总线访问，请求已撤出
请求状态：设备3(0);设备2(0);设备1(0);设备0(1)
本次设备0将得到总线控制权
              449502时刻，设备0已得到响应
              449525时刻，设备0完成总线访问，请求已撤出
========进行仲裁测试（计数起始点1）========
======从终止点开始的循环模式======
共有3个设备提起请求
请求状态：设备3(1);设备2(1);设备1(1);设备0(0)
本次设备1将得到总线控制权
              452013时刻，设备1已得到响应
              452036时刻，设备1完成总线访问，请求已撤出
请求状态：设备3(1);设备2(1);设备1(0);设备0(0)
本次设备2将得到总线控制权
              454369时刻，设备2已得到响应
              454392时刻，设备2完成总线访问，请求已撤出
请求状态：设备3(1);设备2(0);设备1(0);设备0(0)
本次设备3将得到总线控制权
              456725时刻，设备3已得到响应
              456748时刻，设备3完成总线访问，请求已撤出
========进行仲裁测试（计数起始点1）========
======从终止点开始的循环模式======
共有4个设备提起请求
请求状态：设备3(1);设备2(1);设备1(1);设备0(1)
本次设备1将得到总线控制权
              459236时刻，设备1已得到响应
              459259时刻，设备1完成总线访问，请求已撤出
请求状态：设备3(1);设备2(1);设备1(0);设备0(1)
本次设备2将得到总线控制权
              461592时刻，设备2已得到响应
              461615时刻，设备2完成总线访问，请求已撤出
请求状态：设备3(1);设备2(0);设备1(0);设备0(1)
本次设备3将得到总线控制权
              463948时刻，设备3已得到响应
              463971时刻，设备3完成总线访问，请求已撤出
请求状态：设备3(0);设备2(0);设备1(0);设备0(1)
本次设备0将得到总线控制权
              466304时刻，设备0已得到响应
              466327时刻，设备0完成总线访问，请求已撤出
========进行仲裁测试（计数起始点2）========
======从终止点开始的循环模式======
共有1个设备提起请求
请求状态：设备3(0);设备2(0);设备1(0);设备0(1)
本次设备0将得到总线控制权
              468815时刻，设备0已得到响应
              468838时刻，设备0完成总线访问，请求已撤出
========进行仲裁测试（计数起始点2）========
======从终止点开始的循环模式======
共有1个设备提起请求
请求状态：设备3(0);设备2(0);设备1(1);设备0(0)
本次设备1将得到总线控制权
              471326时刻，设备1已得到响应
              471349时刻，设备1完成总线访问，请求已撤出
========进行仲裁测试（计数起始点2）========
======从终止点开始的循环模式======
共有2个设备提起请求
请求状态：设备3(0);设备2(0);设备1(1);设备0(1)
本次设备0将得到总线控制权
              473837时刻，设备0已得到响应
              473860时刻，设备0完成总线访问，请求已撤出
请求状态：设备3(0);设备2(0);设备1(1);设备0(0)
本次设备1将得到总线控制权
              476193时刻，设备1已得到响应
              476216时刻，设备1完成总线访问，请求已撤出
========进行仲裁测试（计数起始点2）========
======从终止点开始的循环模式======
共有1个设备提起请求
请求状态：设备3(0);设备2(1);设备1(0);设备0(0)
本次设备2将得到总线控制权
              478704时刻，设备2已得到响应
              478727时刻，设备2完成总线访问，请求已撤出
========进行仲裁测试（计数起始点2）========
======从终止点开始的循环模式======
共有2个设备提起请求
请求状态：设备3(0);设备2(1);设备1(0);设备0(1)
本次设备2将得到总线控制权
              481215时刻，设备2已得到响应
              481238时刻，设备2完成总线访问，请求已撤出
请求状态：设备3(0);设备2(0);设备1(0);设备0(1)
本次设备0将得到总线控制权
              483571时刻，设备0已得到响应
              483594时刻，设备0完成总线访问，请求已撤出
========进行仲裁测试（计数起始点2）========
======从终止点开始的循环模式======
共有2个设备提起请求
请求状态：设备3(0);设备2(1);设备1(1);设备0(0)
本次设备2将得到总线控制权
              486082时刻，设备2已得到响应
              486105时刻，设备2完成总线访问，请求已撤出
请求状态：设备3(0);设备2(0);设备1(1);设备0(0)
本次设备1将得到总线控制权
              488438时刻，设备1已得到响应
              488461时刻，设备1完成总线访问，请求已撤出
========进行仲裁测试（计数起始点2）========
======从终止点开始的循环模式======
共有3个设备提起请求
请求状态：设备3(0);设备2(1);设备1(1);设备0(1)
本次设备2将得到总线控制权
              490949时刻，设备2已得到响应
              490972时刻，设备2完成总线访问，请求已撤出
请求状态：设备3(0);设备2(0);设备1(1);设备0(1)
本次设备0将得到总线控制权
              493305时刻，设备0已得到响应
              493328时刻，设备0完成总线访问，请求已撤出
请求状态：设备3(0);设备2(0);设备1(1);设备0(0)
本次设备1将得到总线控制权
              495661时刻，设备1已得到响应
              495684时刻，设备1完成总线访问，请求已撤出
========进行仲裁测试（计数起始点2）========
======从终止点开始的循环模式======
共有1个设备提起请求
请求状态：设备3(1);设备2(0);设备1(0);设备0(0)
本次设备3将得到总线控制权
              498172时刻，设备3已得到响应
              498195时刻，设备3完成总线访问，请求已撤出
========进行仲裁测试（计数起始点2）========
======从终止点开始的循环模式======
共有2个设备提起请求
请求状态：设备3(1);设备2(0);设备1(0);设备0(1)
本次设备3将得到总线控制权
              500683时刻，设备3已得到响应
              500706时刻，设备3完成总线访问，请求已撤出
请求状态：设备3(0);设备2(0);设备1(0);设备0(1)
本次设备0将得到总线控制权
              503039时刻，设备0已得到响应
              503062时刻，设备0完成总线访问，请求已撤出
========进行仲裁测试（计数起始点2）========
======从终止点开始的循环模式======
共有2个设备提起请求
请求状态：设备3(1);设备2(0);设备1(1);设备0(0)
本次设备3将得到总线控制权
              505550时刻，设备3已得到响应
              505573时刻，设备3完成总线访问，请求已撤出
请求状态：设备3(0);设备2(0);设备1(1);设备0(0)
本次设备1将得到总线控制权
              507906时刻，设备1已得到响应
              507929时刻，设备1完成总线访问，请求已撤出
========进行仲裁测试（计数起始点2）========
======从终止点开始的循环模式======
共有3个设备提起请求
请求状态：设备3(1);设备2(0);设备1(1);设备0(1)
本次设备3将得到总线控制权
              510417时刻，设备3已得到响应
              510440时刻，设备3完成总线访问，请求已撤出
请求状态：设备3(0);设备2(0);设备1(1);设备0(1)
本次设备0将得到总线控制权
              512773时刻，设备0已得到响应
              512796时刻，设备0完成总线访问，请求已撤出
请求状态：设备3(0);设备2(0);设备1(1);设备0(0)
本次设备1将得到总线控制权
              515129时刻，设备1已得到响应
              515152时刻，设备1完成总线访问，请求已撤出
========进行仲裁测试（计数起始点2）========
======从终止点开始的循环模式======
共有2个设备提起请求
请求状态：设备3(1);设备2(1);设备1(0);设备0(0)
本次设备2将得到总线控制权
              517640时刻，设备2已得到响应
              517663时刻，设备2完成总线访问，请求已撤出
请求状态：设备3(1);设备2(0);设备1(0);设备0(0)
本次设备3将得到总线控制权
              519996时刻，设备3已得到响应
              520019时刻，设备3完成总线访问，请求已撤出
========进行仲裁测试（计数起始点2）========
======从终止点开始的循环模式======
共有3个设备提起请求
请求状态：设备3(1);设备2(1);设备1(0);设备0(1)
本次设备2将得到总线控制权
              522507时刻，设备2已得到响应
              522530时刻，设备2完成总线访问，请求已撤出
请求状态：设备3(1);设备2(0);设备1(0);设备0(1)
本次设备3将得到总线控制权
              524863时刻，设备3已得到响应
              524886时刻，设备3完成总线访问，请求已撤出
请求状态：设备3(0);设备2(0);设备1(0);设备0(1)
本次设备0将得到总线控制权
              527219时刻，设备0已得到响应
              527242时刻，设备0完成总线访问，请求已撤出
========进行仲裁测试（计数起始点2）========
======从终止点开始的循环模式======
共有3个设备提起请求
请求状态：设备3(1);设备2(1);设备1(1);设备0(0)
本次设备2将得到总线控制权
              529730时刻，设备2已得到响应
              529753时刻，设备2完成总线访问，请求已撤出
请求状态：设备3(1);设备2(0);设备1(1);设备0(0)
本次设备3将得到总线控制权
              532086时刻，设备3已得到响应
              532109时刻，设备3完成总线访问，请求已撤出
请求状态：设备3(0);设备2(0);设备1(1);设备0(0)
本次设备1将得到总线控制权
              534442时刻，设备1已得到响应
              534465时刻，设备1完成总线访问，请求已撤出
========进行仲裁测试（计数起始点2）========
======从终止点开始的循环模式======
共有4个设备提起请求
请求状态：设备3(1);设备2(1);设备1(1);设备0(1)
本次设备2将得到总线控制权
              536953时刻，设备2已得到响应
              536976时刻，设备2完成总线访问，请求已撤出
请求状态：设备3(1);设备2(0);设备1(1);设备0(1)
本次设备3将得到总线控制权
              539309时刻，设备3已得到响应
              539332时刻，设备3完成总线访问，请求已撤出
请求状态：设备3(0);设备2(0);设备1(1);设备0(1)
本次设备0将得到总线控制权
              541665时刻，设备0已得到响应
              541688时刻，设备0完成总线访问，请求已撤出
请求状态：设备3(0);设备2(0);设备1(1);设备0(0)
本次设备1将得到总线控制权
              544021时刻，设备1已得到响应
              544044时刻，设备1完成总线访问，请求已撤出
========进行仲裁测试（计数起始点3）========
======从终止点开始的循环模式======
共有1个设备提起请求
请求状态：设备3(0);设备2(0);设备1(0);设备0(1)
本次设备0将得到总线控制权
              546532时刻，设备0已得到响应
              546555时刻，设备0完成总线访问，请求已撤出
========进行仲裁测试（计数起始点3）========
======从终止点开始的循环模式======
共有1个设备提起请求
请求状态：设备3(0);设备2(0);设备1(1);设备0(0)
本次设备1将得到总线控制权
              549043时刻，设备1已得到响应
              549066时刻，设备1完成总线访问，请求已撤出
========进行仲裁测试（计数起始点3）========
======从终止点开始的循环模式======
共有2个设备提起请求
请求状态：设备3(0);设备2(0);设备1(1);设备0(1)
本次设备0将得到总线控制权
              551554时刻，设备0已得到响应
              551577时刻，设备0完成总线访问，请求已撤出
请求状态：设备3(0);设备2(0);设备1(1);设备0(0)
本次设备1将得到总线控制权
              553910时刻，设备1已得到响应
              553933时刻，设备1完成总线访问，请求已撤出
========进行仲裁测试（计数起始点3）========
======从终止点开始的循环模式======
共有1个设备提起请求
请求状态：设备3(0);设备2(1);设备1(0);设备0(0)
本次设备2将得到总线控制权
              556421时刻，设备2已得到响应
              556444时刻，设备2完成总线访问，请求已撤出
========进行仲裁测试（计数起始点3）========
======从终止点开始的循环模式======
共有2个设备提起请求
请求状态：设备3(0);设备2(1);设备1(0);设备0(1)
本次设备0将得到总线控制权
              558932时刻，设备0已得到响应
              558955时刻，设备0完成总线访问，请求已撤出
请求状态：设备3(0);设备2(1);设备1(0);设备0(0)
本次设备2将得到总线控制权
              561288时刻，设备2已得到响应
              561311时刻，设备2完成总线访问，请求已撤出
========进行仲裁测试（计数起始点3）========
======从终止点开始的循环模式======
共有2个设备提起请求
请求状态：设备3(0);设备2(1);设备1(1);设备0(0)
本次设备1将得到总线控制权
              563799时刻，设备1已得到响应
              563822时刻，设备1完成总线访问，请求已撤出
请求状态：设备3(0);设备2(1);设备1(0);设备0(0)
本次设备2将得到总线控制权
              566155时刻，设备2已得到响应
              566178时刻，设备2完成总线访问，请求已撤出
========进行仲裁测试（计数起始点3）========
======从终止点开始的循环模式======
共有3个设备提起请求
请求状态：设备3(0);设备2(1);设备1(1);设备0(1)
本次设备0将得到总线控制权
              568666时刻，设备0已得到响应
              568689时刻，设备0完成总线访问，请求已撤出
请求状态：设备3(0);设备2(1);设备1(1);设备0(0)
本次设备1将得到总线控制权
              571022时刻，设备1已得到响应
              571045时刻，设备1完成总线访问，请求已撤出
请求状态：设备3(0);设备2(1);设备1(0);设备0(0)
本次设备2将得到总线控制权
              573378时刻，设备2已得到响应
              573401时刻，设备2完成总线访问，请求已撤出
========进行仲裁测试（计数起始点3）========
======从终止点开始的循环模式======
共有1个设备提起请求
请求状态：设备3(1);设备2(0);设备1(0);设备0(0)
本次设备3将得到总线控制权
              575889时刻，设备3已得到响应
              575912时刻，设备3完成总线访问，请求已撤出
========进行仲裁测试（计数起始点3）========
======从终止点开始的循环模式======
共有2个设备提起请求
请求状态：设备3(1);设备2(0);设备1(0);设备0(1)
本次设备3将得到总线控制权
              578400时刻，设备3已得到响应
              578423时刻，设备3完成总线访问，请求已撤出
请求状态：设备3(0);设备2(0);设备1(0);设备0(1)
本次设备0将得到总线控制权
              580756时刻，设备0已得到响应
              580779时刻，设备0完成总线访问，请求已撤出
========进行仲裁测试（计数起始点3）========
======从终止点开始的循环模式======
共有2个设备提起请求
请求状态：设备3(1);设备2(0);设备1(1);设备0(0)
本次设备3将得到总线控制权
              583267时刻，设备3已得到响应
              583290时刻，设备3完成总线访问，请求已撤出
请求状态：设备3(0);设备2(0);设备1(1);设备0(0)
本次设备1将得到总线控制权
              585623时刻，设备1已得到响应
              585646时刻，设备1完成总线访问，请求已撤出
========进行仲裁测试（计数起始点3）========
======从终止点开始的循环模式======
共有3个设备提起请求
请求状态：设备3(1);设备2(0);设备1(1);设备0(1)
本次设备3将得到总线控制权
              588134时刻，设备3已得到响应
              588157时刻，设备3完成总线访问，请求已撤出
请求状态：设备3(0);设备2(0);设备1(1);设备0(1)
本次设备0将得到总线控制权
              590490时刻，设备0已得到响应
              590513时刻，设备0完成总线访问，请求已撤出
请求状态：设备3(0);设备2(0);设备1(1);设备0(0)
本次设备1将得到总线控制权
              592846时刻，设备1已得到响应
              592869时刻，设备1完成总线访问，请求已撤出
========进行仲裁测试（计数起始点3）========
======从终止点开始的循环模式======
共有2个设备提起请求
请求状态：设备3(1);设备2(1);设备1(0);设备0(0)
本次设备3将得到总线控制权
              595357时刻，设备3已得到响应
              595380时刻，设备3完成总线访问，请求已撤出
请求状态：设备3(0);设备2(1);设备1(0);设备0(0)
本次设备2将得到总线控制权
              597713时刻，设备2已得到响应
              597736时刻，设备2完成总线访问，请求已撤出
========进行仲裁测试（计数起始点3）========
======从终止点开始的循环模式======
共有3个设备提起请求
请求状态：设备3(1);设备2(1);设备1(0);设备0(1)
本次设备3将得到总线控制权
              600224时刻，设备3已得到响应
              600247时刻，设备3完成总线访问，请求已撤出
请求状态：设备3(0);设备2(1);设备1(0);设备0(1)
本次设备0将得到总线控制权
              602580时刻，设备0已得到响应
              602603时刻，设备0完成总线访问，请求已撤出
请求状态：设备3(0);设备2(1);设备1(0);设备0(0)
本次设备2将得到总线控制权
              604936时刻，设备2已得到响应
              604959时刻，设备2完成总线访问，请求已撤出
========进行仲裁测试（计数起始点3）========
======从终止点开始的循环模式======
共有3个设备提起请求
请求状态：设备3(1);设备2(1);设备1(1);设备0(0)
本次设备3将得到总线控制权
              607447时刻，设备3已得到响应
              607470时刻，设备3完成总线访问，请求已撤出
请求状态：设备3(0);设备2(1);设备1(1);设备0(0)
本次设备1将得到总线控制权
              609803时刻，设备1已得到响应
              609826时刻，设备1完成总线访问，请求已撤出
请求状态：设备3(0);设备2(1);设备1(0);设备0(0)
本次设备2将得到总线控制权
              612159时刻，设备2已得到响应
              612182时刻，设备2完成总线访问，请求已撤出
========进行仲裁测试（计数起始点3）========
======从终止点开始的循环模式======
共有4个设备提起请求
请求状态：设备3(1);设备2(1);设备1(1);设备0(1)
本次设备3将得到总线控制权
              614670时刻，设备3已得到响应
              614693时刻，设备3完成总线访问，请求已撤出
请求状态：设备3(0);设备2(1);设备1(1);设备0(1)
本次设备0将得到总线控制权
              617026时刻，设备0已得到响应
              617049时刻，设备0完成总线访问，请求已撤出
请求状态：设备3(0);设备2(1);设备1(1);设备0(0)
本次设备1将得到总线控制权
              619382时刻，设备1已得到响应
              619405时刻，设备1完成总线访问，请求已撤出
请求状态：设备3(0);设备2(1);设备1(0);设备0(0)
本次设备2将得到总线控制权
              621738时刻，设备2已得到响应
              621761时刻，设备2完成总线访问，请求已撤出
运行了120个测试，通过了120个测试
