Vivado Simulator 2018.3
Time resolution is 1 ps
========进行仲裁测试（链式查询方法）========
共有0个设备提起请求
========进行仲裁测试（链式查询方法）========
共有1个设备提起请求
请求状态：设备3(0);设备2(0);设备1(0);设备0(1)
本次设备0将得到总线控制权
                 100时刻，设备0已得到响应
                 120时刻，设备0完成总线访问，请求已撤出
========进行仲裁测试（链式查询方法）========
共有1个设备提起请求
请求状态：设备3(0);设备2(0);设备1(1);设备0(0)
本次设备1将得到总线控制权
                 170时刻，设备1已得到响应
                 190时刻，设备1完成总线访问，请求已撤出
========进行仲裁测试（链式查询方法）========
共有2个设备提起请求
请求状态：设备3(0);设备2(0);设备1(1);设备0(1)
本次设备0将得到总线控制权
                 240时刻，设备0已得到响应
                 260时刻，设备0完成总线访问，请求已撤出
请求状态：设备3(0);设备2(0);设备1(1);设备0(0)
本次设备1将得到总线控制权
                 260时刻，设备1已得到响应
                 280时刻，设备1完成总线访问，请求已撤出
========进行仲裁测试（链式查询方法）========
共有1个设备提起请求
请求状态：设备3(0);设备2(1);设备1(0);设备0(0)
本次设备2将得到总线控制权
                 330时刻，设备2已得到响应
                 350时刻，设备2完成总线访问，请求已撤出
========进行仲裁测试（链式查询方法）========
共有2个设备提起请求
请求状态：设备3(0);设备2(1);设备1(0);设备0(1)
本次设备0将得到总线控制权
                 400时刻，设备0已得到响应
                 420时刻，设备0完成总线访问，请求已撤出
请求状态：设备3(0);设备2(1);设备1(0);设备0(0)
本次设备2将得到总线控制权
                 420时刻，设备2已得到响应
                 440时刻，设备2完成总线访问，请求已撤出
========进行仲裁测试（链式查询方法）========
共有2个设备提起请求
请求状态：设备3(0);设备2(1);设备1(1);设备0(0)
本次设备1将得到总线控制权
                 490时刻，设备1已得到响应
                 510时刻，设备1完成总线访问，请求已撤出
请求状态：设备3(0);设备2(1);设备1(0);设备0(0)
本次设备2将得到总线控制权
                 510时刻，设备2已得到响应
                 530时刻，设备2完成总线访问，请求已撤出
========进行仲裁测试（链式查询方法）========
共有3个设备提起请求
请求状态：设备3(0);设备2(1);设备1(1);设备0(1)
本次设备0将得到总线控制权
                 580时刻，设备0已得到响应
                 600时刻，设备0完成总线访问，请求已撤出
请求状态：设备3(0);设备2(1);设备1(1);设备0(0)
本次设备1将得到总线控制权
                 600时刻，设备1已得到响应
                 620时刻，设备1完成总线访问，请求已撤出
请求状态：设备3(0);设备2(1);设备1(0);设备0(0)
本次设备2将得到总线控制权
                 620时刻，设备2已得到响应
                 640时刻，设备2完成总线访问，请求已撤出
========进行仲裁测试（链式查询方法）========
共有1个设备提起请求
请求状态：设备3(1);设备2(0);设备1(0);设备0(0)
本次设备3将得到总线控制权
                 690时刻，设备3已得到响应
                 710时刻，设备3完成总线访问，请求已撤出
========进行仲裁测试（链式查询方法）========
共有2个设备提起请求
请求状态：设备3(1);设备2(0);设备1(0);设备0(1)
本次设备0将得到总线控制权
                 760时刻，设备0已得到响应
                 780时刻，设备0完成总线访问，请求已撤出
请求状态：设备3(1);设备2(0);设备1(0);设备0(0)
本次设备3将得到总线控制权
                 780时刻，设备3已得到响应
                 800时刻，设备3完成总线访问，请求已撤出
========进行仲裁测试（链式查询方法）========
共有2个设备提起请求
请求状态：设备3(1);设备2(0);设备1(1);设备0(0)
本次设备1将得到总线控制权
                 850时刻，设备1已得到响应
                 870时刻，设备1完成总线访问，请求已撤出
请求状态：设备3(1);设备2(0);设备1(0);设备0(0)
本次设备3将得到总线控制权
                 870时刻，设备3已得到响应
                 890时刻，设备3完成总线访问，请求已撤出
========进行仲裁测试（链式查询方法）========
共有3个设备提起请求
请求状态：设备3(1);设备2(0);设备1(1);设备0(1)
本次设备0将得到总线控制权
                 940时刻，设备0已得到响应
                 960时刻，设备0完成总线访问，请求已撤出
请求状态：设备3(1);设备2(0);设备1(1);设备0(0)
本次设备1将得到总线控制权
                 960时刻，设备1已得到响应
                 980时刻，设备1完成总线访问，请求已撤出
请求状态：设备3(1);设备2(0);设备1(0);设备0(0)
本次设备3将得到总线控制权
                 980时刻，设备3已得到响应
                1000时刻，设备3完成总线访问，请求已撤出
========进行仲裁测试（链式查询方法）========
共有2个设备提起请求
请求状态：设备3(1);设备2(1);设备1(0);设备0(0)
本次设备2将得到总线控制权
                1050时刻，设备2已得到响应
                1070时刻，设备2完成总线访问，请求已撤出
请求状态：设备3(1);设备2(0);设备1(0);设备0(0)
本次设备3将得到总线控制权
                1070时刻，设备3已得到响应
                1090时刻，设备3完成总线访问，请求已撤出
========进行仲裁测试（链式查询方法）========
共有3个设备提起请求
请求状态：设备3(1);设备2(1);设备1(0);设备0(1)
本次设备0将得到总线控制权
                1140时刻，设备0已得到响应
                1160时刻，设备0完成总线访问，请求已撤出
请求状态：设备3(1);设备2(1);设备1(0);设备0(0)
本次设备2将得到总线控制权
                1160时刻，设备2已得到响应
                1180时刻，设备2完成总线访问，请求已撤出
请求状态：设备3(1);设备2(0);设备1(0);设备0(0)
本次设备3将得到总线控制权
                1180时刻，设备3已得到响应
                1200时刻，设备3完成总线访问，请求已撤出
========进行仲裁测试（链式查询方法）========
共有3个设备提起请求
请求状态：设备3(1);设备2(1);设备1(1);设备0(0)
本次设备1将得到总线控制权
                1250时刻，设备1已得到响应
                1270时刻，设备1完成总线访问，请求已撤出
请求状态：设备3(1);设备2(1);设备1(0);设备0(0)
本次设备2将得到总线控制权
                1270时刻，设备2已得到响应
                1290时刻，设备2完成总线访问，请求已撤出
请求状态：设备3(1);设备2(0);设备1(0);设备0(0)
本次设备3将得到总线控制权
                1290时刻，设备3已得到响应
                1310时刻，设备3完成总线访问，请求已撤出
========进行仲裁测试（链式查询方法）========
共有4个设备提起请求
请求状态：设备3(1);设备2(1);设备1(1);设备0(1)
本次设备0将得到总线控制权
                1360时刻，设备0已得到响应
                1380时刻，设备0完成总线访问，请求已撤出
请求状态：设备3(1);设备2(1);设备1(1);设备0(0)
本次设备1将得到总线控制权
                1380时刻，设备1已得到响应
                1400时刻，设备1完成总线访问，请求已撤出
请求状态：设备3(1);设备2(1);设备1(0);设备0(0)
本次设备2将得到总线控制权
                1400时刻，设备2已得到响应
                1420时刻，设备2完成总线访问，请求已撤出
请求状态：设备3(1);设备2(0);设备1(0);设备0(0)
本次设备3将得到总线控制权
                1420时刻，设备3已得到响应
                1440时刻，设备3完成总线访问，请求已撤出
测试全部通过
