#-----------------------------------------------------------
# Vivado v2018.3 (64-bit)
# SW Build 2405991 on Thu Dec  6 23:38:27 MST 2018
# IP Build 2404404 on Fri Dec  7 01:43:56 MST 2018
# Start of session at: Fri Apr 10 08:36:19 2020
# Process ID: 22076
# Current directory: C:/Users/fay/Downloads/Lab2_Handouts_0406_2/Lab2_Handouts_0406_2/Lab_BusControl_A
# Command line: vivado.exe -gui_launcher_event rodinguilauncherevent12356 C:\Users\fay\Downloads\Lab2_Handouts_0406_2\Lab2_Handouts_0406_2\Lab_BusControl_A\Lab_BusControl_A.xpr
# Log file: C:/Users/fay/Downloads/Lab2_Handouts_0406_2/Lab2_Handouts_0406_2/Lab_BusControl_A/vivado.log
# Journal file: C:/Users/fay/Downloads/Lab2_Handouts_0406_2/Lab2_Handouts_0406_2/Lab_BusControl_A\vivado.jou
#-----------------------------------------------------------
start_gui
open_project C:/Users/fay/Downloads/Lab2_Handouts_0406_2/Lab2_Handouts_0406_2/Lab_BusControl_A/Lab_BusControl_A.xpr
INFO: [ProjectBase 1-489] The host OS only allows 260 characters in a normal path. The project is stored in a path with more than 80 characters. If you experience issues with IP, Block Designs, or files not being found, please consider moving the project to a location with a shorter path. Alternately consider using the OS subst command to map part of the path to a drive letter.
Current project path is 'C:/Users/fay/Downloads/Lab2_Handouts_0406_2/Lab2_Handouts_0406_2/Lab_BusControl_A'
Scanning sources...
Finished scanning sources
INFO: [IP_Flow 19-234] Refreshing IP repositories
INFO: [IP_Flow 19-1704] No user IP repositories specified
INFO: [IP_Flow 19-2313] Loaded Vivado IP repository 'C:/Xilinx/Vivado/2018.3/data/ip'.
update_compile_order -fileset sources_1
launch_runs impl_1 -jobs 6
[Fri Apr 10 08:36:43 2020] Launched synth_1...
Run output will be captured here: C:/Users/fay/Downloads/Lab2_Handouts_0406_2/Lab2_Handouts_0406_2/Lab_BusControl_A/Lab_BusControl_A.runs/synth_1/runme.log
[Fri Apr 10 08:36:43 2020] Launched impl_1...
Run output will be captured here: C:/Users/fay/Downloads/Lab2_Handouts_0406_2/Lab2_Handouts_0406_2/Lab_BusControl_A/Lab_BusControl_A.runs/impl_1/runme.log
exit
INFO: [Common 17-206] Exiting Vivado at Fri Apr 10 08:38:32 2020...
