#-----------------------------------------------------------
# Vivado v2018.3 (64-bit)
# SW Build 2405991 on Thu Dec  6 23:38:27 MST 2018
# IP Build 2404404 on Fri Dec  7 01:43:56 MST 2018
# Start of session at: Thu Apr  9 18:24:29 2020
# Process ID: 10476
# Current directory: C:/Users/fay/Downloads/Lab2_Handouts_0406_2/Lab2_Handouts_0406_2/Lab_BusControl_B
# Command line: vivado.exe -gui_launcher_event rodinguilauncherevent11424 C:\Users\fay\Downloads\Lab2_Handouts_0406_2\Lab2_Handouts_0406_2\Lab_BusControl_B\Lab_BusControl_B.xpr
# Log file: C:/Users/fay/Downloads/Lab2_Handouts_0406_2/Lab2_Handouts_0406_2/Lab_BusControl_B/vivado.log
# Journal file: C:/Users/fay/Downloads/Lab2_Handouts_0406_2/Lab2_Handouts_0406_2/Lab_BusControl_B\vivado.jou
#-----------------------------------------------------------
start_gui
open_project C:/Users/fay/Downloads/Lab2_Handouts_0406_2/Lab2_Handouts_0406_2/Lab_BusControl_B/Lab_BusControl_B.xpr
INFO: [ProjectBase 1-489] The host OS only allows 260 characters in a normal path. The project is stored in a path with more than 80 characters. If you experience issues with IP, Block Designs, or files not being found, please consider moving the project to a location with a shorter path. Alternately consider using the OS subst command to map part of the path to a drive letter.
Current project path is 'C:/Users/fay/Downloads/Lab2_Handouts_0406_2/Lab2_Handouts_0406_2/Lab_BusControl_B'
Scanning sources...
Finished scanning sources
INFO: [IP_Flow 19-234] Refreshing IP repositories
INFO: [IP_Flow 19-1704] No user IP repositories specified
INFO: [IP_Flow 19-2313] Loaded Vivado IP repository 'C:/Xilinx/Vivado/2018.3/data/ip'.
update_compile_order -fileset sources_1
exit
INFO: [Common 17-206] Exiting Vivado at Thu Apr  9 18:29:52 2020...
