#-----------------------------------------------------------
# Vivado v2018.3 (64-bit)
# SW Build 2405991 on Thu Dec  6 23:38:27 MST 2018
# IP Build 2404404 on Fri Dec  7 01:43:56 MST 2018
# Start of session at: Wed Apr  8 21:31:30 2020
# Process ID: 9788
# Current directory: C:/Users/fay/Downloads/Lab2_Handouts_0406_2/Lab2_Handouts_0406_2/Lab_BusControl_B
# Command line: vivado.exe -gui_launcher_event rodinguilauncherevent17756 C:\Users\fay\Downloads\Lab2_Handouts_0406_2\Lab2_Handouts_0406_2\Lab_BusControl_B\Lab_BusControl_B.xpr
# Log file: C:/Users/fay/Downloads/Lab2_Handouts_0406_2/Lab2_Handouts_0406_2/Lab_BusControl_B/vivado.log
# Journal file: C:/Users/fay/Downloads/Lab2_Handouts_0406_2/Lab2_Handouts_0406_2/Lab_BusControl_B\vivado.jou
#-----------------------------------------------------------
start_gui
open_project C:/Users/fay/Downloads/Lab2_Handouts_0406_2/Lab2_Handouts_0406_2/Lab_BusControl_B/Lab_BusControl_B.xpr
INFO: [ProjectBase 1-489] The host OS only allows 260 characters in a normal path. The project is stored in a path with more than 80 characters. If you experience issues with IP, Block Designs, or files not being found, please consider moving the project to a location with a shorter path. Alternately consider using the OS subst command to map part of the path to a drive letter.
Current project path is 'C:/Users/fay/Downloads/Lab2_Handouts_0406_2/Lab2_Handouts_0406_2/Lab_BusControl_B'
Scanning sources...
Finished scanning sources
INFO: [IP_Flow 19-234] Refreshing IP repositories
INFO: [IP_Flow 19-1704] No user IP repositories specified
INFO: [IP_Flow 19-2313] Loaded Vivado IP repository 'C:/Xilinx/Vivado/2018.3/data/ip'.
update_compile_order -fileset sources_1
launch_simulation
INFO: [Vivado 12-5682] Launching behavioral simulation in 'C:/Users/fay/Downloads/Lab2_Handouts_0406_2/Lab2_Handouts_0406_2/Lab_BusControl_B/Lab_BusControl_B.sim/sim_1/behav/xsim'
INFO: [SIM-utils-51] Simulation object is 'sim_1'
INFO: [SIM-utils-54] Inspecting design source files for 'topsim_counter' in fileset 'sim_1'...
INFO: [USF-XSim-97] Finding global include files...
INFO: [USF-XSim-98] Fetching design files from 'sim_1'...
INFO: [USF-XSim-2] XSim::Compile design
INFO: [USF-XSim-61] Executing 'COMPILE and ANALYZE' step in 'C:/Users/fay/Downloads/Lab2_Handouts_0406_2/Lab2_Handouts_0406_2/Lab_BusControl_B/Lab_BusControl_B.sim/sim_1/behav/xsim'
"xvlog --incr --relax -prj topsim_counter_vlog.prj"
INFO: [VRFC 10-2263] Analyzing Verilog file "C:/Users/fay/Downloads/Lab2_Handouts_0406_2/Lab2_Handouts_0406_2/Lab_BusControl_B/Lab_BusControl_B.srcs/sources_1/new/controller_counter.v" into library xil_defaultlib
INFO: [VRFC 10-311] analyzing module controller_counter
INFO: [VRFC 10-2263] Analyzing Verilog file "C:/Users/fay/Downloads/Lab2_Handouts_0406_2/Lab2_Handouts_0406_2/Lab_BusControl_B/Lab_BusControl_B.srcs/sources_1/new/io_interface_counter.v" into library xil_defaultlib
INFO: [VRFC 10-311] analyzing module io_interface_counter
INFO: [VRFC 10-2263] Analyzing Verilog file "C:/Users/fay/Downloads/Lab2_Handouts_0406_2/Lab2_Handouts_0406_2/Lab_BusControl_B/Lab_BusControl_B.srcs/sources_1/new/top_counter.v" into library xil_defaultlib
INFO: [VRFC 10-311] analyzing module top_counter
INFO: [VRFC 10-2458] undeclared symbol BR, assumed default net type wire [C:/Users/fay/Downloads/Lab2_Handouts_0406_2/Lab2_Handouts_0406_2/Lab_BusControl_B/Lab_BusControl_B.srcs/sources_1/new/top_counter.v:20]
INFO: [VRFC 10-2458] undeclared symbol BS, assumed default net type wire [C:/Users/fay/Downloads/Lab2_Handouts_0406_2/Lab2_Handouts_0406_2/Lab_BusControl_B/Lab_BusControl_B.srcs/sources_1/new/top_counter.v:21]
INFO: [VRFC 10-2263] Analyzing Verilog file "C:/Users/fay/Downloads/Lab2_Handouts_0406_2/Lab2_Handouts_0406_2/Lab_BusControl_B/Lab_BusControl_B.srcs/sim_1/new/topsim_counter.v" into library xil_defaultlib
INFO: [VRFC 10-311] analyzing module topsim_counter
INFO: [USF-XSim-69] 'compile' step finished in '1' seconds
INFO: [USF-XSim-3] XSim::Elaborate design
INFO: [USF-XSim-61] Executing 'ELABORATE' step in 'C:/Users/fay/Downloads/Lab2_Handouts_0406_2/Lab2_Handouts_0406_2/Lab_BusControl_B/Lab_BusControl_B.sim/sim_1/behav/xsim'
Vivado Simulator 2018.3
Copyright 1986-1999, 2001-2018 Xilinx, Inc. All Rights Reserved.
Running: C:/Xilinx/Vivado/2018.3/bin/unwrapped/win64.o/xelab.exe -wto 077462f9e3c64b55b01dc39f86d9343e --incr --debug typical --relax --mt 2 -L xil_defaultlib -L unisims_ver -L unimacro_ver -L secureip --snapshot topsim_counter_behav xil_defaultlib.topsim_counter xil_defaultlib.glbl -log elaborate.log 
Using 2 slave threads.
Starting static elaboration
Completed static elaboration
Starting simulation data flow analysis
Completed simulation data flow analysis
Time Resolution for simulation is 1ps
Compiling module xil_defaultlib.controller_counter
Compiling module xil_defaultlib.io_interface_counter
Compiling module xil_defaultlib.top_counter
Compiling module xil_defaultlib.topsim_counter
WARNING: [XSIM 43-3373] "C:/Users/fay/Downloads/Lab2_Handouts_0406_2/Lab2_Handouts_0406_2/Lab_BusControl_B/Lab_BusControl_B.srcs/sim_1/new/topsim_counter.v" Line 46. System function $fscanf is used as system task. This system function should have a LHS e.g. x=$fscanf().
WARNING: [XSIM 43-3373] "C:/Users/fay/Downloads/Lab2_Handouts_0406_2/Lab2_Handouts_0406_2/Lab_BusControl_B/Lab_BusControl_B.srcs/sim_1/new/topsim_counter.v" Line 47. System function $fscanf is used as system task. This system function should have a LHS e.g. x=$fscanf().
WARNING: [XSIM 43-3373] "C:/Users/fay/Downloads/Lab2_Handouts_0406_2/Lab2_Handouts_0406_2/Lab_BusControl_B/Lab_BusControl_B.srcs/sim_1/new/topsim_counter.v" Line 48. System function $fscanf is used as system task. This system function should have a LHS e.g. x=$fscanf().
WARNING: [XSIM 43-3373] "C:/Users/fay/Downloads/Lab2_Handouts_0406_2/Lab2_Handouts_0406_2/Lab_BusControl_B/Lab_BusControl_B.srcs/sim_1/new/topsim_counter.v" Line 65. System function $fscanf is used as system task. This system function should have a LHS e.g. x=$fscanf().
Compiling module xil_defaultlib.glbl
Built simulation snapshot topsim_counter_behav

****** Webtalk v2018.3 (64-bit)
  **** SW Build 2405991 on Thu Dec  6 23:38:27 MST 2018
  **** IP Build 2404404 on Fri Dec  7 01:43:56 MST 2018
    ** Copyright 1986-2018 Xilinx, Inc. All Rights Reserved.

source C:/Users/fay/Downloads/Lab2_Handouts_0406_2/Lab2_Handouts_0406_2/Lab_BusControl_B/Lab_BusControl_B.sim/sim_1/behav/xsim/xsim.dir/topsim_counter_behav/webtalk/xsim_webtalk.tcl -notrace
INFO: [Common 17-206] Exiting Webtalk at Wed Apr  8 21:43:14 2020...
run_program: Time (s): cpu = 00:00:00 ; elapsed = 00:00:07 . Memory (MB): peak = 722.352 ; gain = 0.000
INFO: [USF-XSim-69] 'elaborate' step finished in '7' seconds
INFO: [USF-XSim-4] XSim::Simulate design
INFO: [USF-XSim-61] Executing 'SIMULATE' step in 'C:/Users/fay/Downloads/Lab2_Handouts_0406_2/Lab2_Handouts_0406_2/Lab_BusControl_B/Lab_BusControl_B.sim/sim_1/behav/xsim'
INFO: [USF-XSim-98] *** Running xsim
   with args "topsim_counter_behav -key {Behavioral:sim_1:Functional:topsim_counter} -tclbatch {topsim_counter.tcl} -log {simulate.log}"
INFO: [USF-XSim-8] Loading simulator feature
Vivado Simulator 2018.3
Time resolution is 1 ps
source topsim_counter.tcl
# set curr_wave [current_wave_config]
# if { [string length $curr_wave] == 0 } {
#   if { [llength [get_objects]] > 0} {
#     add_wave /
#     set_property needs_save false [current_wave_config]
#   } else {
#      send_msg_id Add_Wave-1 WARNING "No top level signals found. Simulator will start without a wave window. If you want to open a wave window go to 'File->New Waveform Configuration' or type 'create_wave_config' in the TCL console."
#   }
# }
# run 1000ns
========进行仲裁测试（计数起始点0）========
======从终止点开始的循环模式======
共有0个设备提起请求
========进行仲裁测试（计数起始点0）========
======从终止点开始的循环模式======
共有1个设备提起请求
请求状态：设备3(0);设备2(0);设备1(0);设备0(1)
本次设备0将得到总线控制权
                 190时刻，设备0已得到响应
                 210时刻，设备0完成总线访问，请求已撤出
========进行仲裁测试（计数起始点0）========
======从终止点开始的循环模式======
共有1个设备提起请求
请求状态：设备3(0);设备2(0);设备1(1);设备0(0)
本次设备1将得到总线控制权
                 310时刻，设备1已得到响应
                 330时刻，设备1完成总线访问，请求已撤出
========进行仲裁测试（计数起始点0）========
======从终止点开始的循环模式======
共有2个设备提起请求
请求状态：设备3(0);设备2(0);设备1(1);设备0(1)
本次设备0将得到总线控制权
                 410时刻，设备0已得到响应
                 430时刻，设备0完成总线访问，请求已撤出
请求状态：设备3(0);设备2(0);设备1(1);设备0(0)
本次设备1将得到总线控制权
                 430时刻，设备1已得到响应
                 450时刻，设备1完成总线访问，请求已撤出
========进行仲裁测试（计数起始点0）========
======从终止点开始的循环模式======
共有1个设备提起请求
请求状态：设备3(0);设备2(1);设备1(0);设备0(0)
本次设备2将得到总线控制权
                 570时刻，设备2已得到响应
                 590时刻，设备2完成总线访问，请求已撤出
========进行仲裁测试（计数起始点1）========
======从终止点开始的循环模式======
共有2个设备提起请求
请求状态：设备3(0);设备2(1);设备1(0);设备0(1)
本次设备2将得到总线控制权
                 690时刻，设备2已得到响应
                 710时刻，设备2完成总线访问，请求已撤出
请求状态：设备3(0);设备2(0);设备1(0);设备0(1)
本次设备0将得到总线控制权
                 750时刻，设备0已得到响应
                 770时刻，设备0完成总线访问，请求已撤出
========进行仲裁测试（计数起始点0）========
======从终止点开始的循环模式======
共有2个设备提起请求
请求状态：设备3(0);设备2(1);设备1(1);设备0(0)
本次设备1将得到总线控制权
                 870时刻，设备1已得到响应
                 890时刻，设备1完成总线访问，请求已撤出
请求状态：设备3(0);设备2(1);设备1(0);设备0(0)
本次设备2将得到总线控制权
                 890时刻，设备2已得到响应
                 910时刻，设备2完成总线访问，请求已撤出
========进行仲裁测试（计数起始点0）========
======从终止点开始的循环模式======
共有3个设备提起请求
请求状态：设备3(0);设备2(1);设备1(1);设备0(1)
本次设备0将得到总线控制权
                 990时刻，设备0已得到响应
INFO: [USF-XSim-96] XSim completed. Design snapshot 'topsim_counter_behav' loaded.
INFO: [USF-XSim-97] XSim simulation ran for 1000ns
launch_simulation: Time (s): cpu = 00:00:06 ; elapsed = 00:00:11 . Memory (MB): peak = 738.156 ; gain = 15.805
run 10us
                1010时刻，设备0完成总线访问，请求已撤出
请求状态：设备3(0);设备2(1);设备1(1);设备0(0)
本次设备1将得到总线控制权
                1010时刻，设备1已得到响应
                1030时刻，设备1完成总线访问，请求已撤出
请求状态：设备3(0);设备2(1);设备1(0);设备0(0)
本次设备2将得到总线控制权
                1070时刻，设备2已得到响应
                1090时刻，设备2完成总线访问，请求已撤出
========进行仲裁测试（计数起始点1）========
======从终止点开始的循环模式======
共有1个设备提起请求
请求状态：设备3(1);设备2(0);设备1(0);设备0(0)
本次设备3将得到总线控制权
                1210时刻，设备3已得到响应
                1230时刻，设备3完成总线访问，请求已撤出
========进行仲裁测试（计数起始点1）========
======从终止点开始的循环模式======
共有2个设备提起请求
请求状态：设备3(1);设备2(0);设备1(0);设备0(1)
本次设备3将得到总线控制权
                1350时刻，设备3已得到响应
                1370时刻，设备3完成总线访问，请求已撤出
请求状态：设备3(0);设备2(0);设备1(0);设备0(1)
本次设备0将得到总线控制权
                1370时刻，设备0已得到响应
                1390时刻，设备0完成总线访问，请求已撤出
========进行仲裁测试（计数起始点1）========
======从终止点开始的循环模式======
共有2个设备提起请求
请求状态：设备3(1);设备2(0);设备1(1);设备0(0)
本次设备1将得到总线控制权
                1470时刻，设备1已得到响应
                1490时刻，设备1完成总线访问，请求已撤出
请求状态：设备3(1);设备2(0);设备1(0);设备0(0)
本次设备3将得到总线控制权
                1530时刻，设备3已得到响应
                1550时刻，设备3完成总线访问，请求已撤出
========进行仲裁测试（计数起始点2）========
======从终止点开始的循环模式======
共有3个设备提起请求
请求状态：设备3(1);设备2(0);设备1(1);设备0(1)
本次设备3将得到总线控制权
                1650时刻，设备3已得到响应
                1670时刻，设备3完成总线访问，请求已撤出
请求状态：设备3(0);设备2(0);设备1(1);设备0(1)
本次设备0将得到总线控制权
                1670时刻，设备0已得到响应
                1690时刻，设备0完成总线访问，请求已撤出
请求状态：设备3(0);设备2(0);设备1(1);设备0(0)
本次设备1将得到总线控制权
                1730时刻，设备1已得到响应
                1750时刻，设备1完成总线访问，请求已撤出
========进行仲裁测试（计数起始点1）========
======从终止点开始的循环模式======
共有2个设备提起请求
请求状态：设备3(1);设备2(1);设备1(0);设备0(0)
本次设备2将得到总线控制权
                1850时刻，设备2已得到响应
                1870时刻，设备2完成总线访问，请求已撤出
请求状态：设备3(1);设备2(0);设备1(0);设备0(0)
本次设备3将得到总线控制权
                1870时刻，设备3已得到响应
                1890时刻，设备3完成总线访问，请求已撤出
========进行仲裁测试（计数起始点3）========
======从终止点开始的循环模式======
共有3个设备提起请求
请求状态：设备3(1);设备2(1);设备1(0);设备0(1)
本次设备3将得到总线控制权
                1970时刻，设备3已得到响应
                1990时刻，设备3完成总线访问，请求已撤出
请求状态：设备3(0);设备2(1);设备1(0);设备0(1)
本次设备0将得到总线控制权
                1990时刻，设备0已得到响应
                2010时刻，设备0完成总线访问，请求已撤出
请求状态：设备3(0);设备2(1);设备1(0);设备0(0)
本次设备2将得到总线控制权
                2070时刻，设备2已得到响应
                2090时刻，设备2完成总线访问，请求已撤出
========进行仲裁测试（计数起始点2）========
======从终止点开始的循环模式======
共有3个设备提起请求
请求状态：设备3(1);设备2(1);设备1(1);设备0(0)
本次设备2将得到总线控制权
                2170时刻，设备2已得到响应
                2190时刻，设备2完成总线访问，请求已撤出
请求状态：设备3(1);设备2(0);设备1(1);设备0(0)
本次设备3将得到总线控制权
                2190时刻，设备3已得到响应
                2210时刻，设备3完成总线访问，请求已撤出
请求状态：设备3(0);设备2(0);设备1(1);设备0(0)
本次设备1将得到总线控制权
                2270时刻，设备1已得到响应
                2290时刻，设备1完成总线访问，请求已撤出
========进行仲裁测试（计数起始点0）========
======从终止点开始的循环模式======
共有4个设备提起请求
请求状态：设备3(1);设备2(1);设备1(1);设备0(1)
本次设备0将得到总线控制权
                2370时刻，设备0已得到响应
                2390时刻，设备0完成总线访问，请求已撤出
请求状态：设备3(1);设备2(1);设备1(1);设备0(0)
本次设备1将得到总线控制权
                2390时刻，设备1已得到响应
                2410时刻，设备1完成总线访问，请求已撤出
请求状态：设备3(1);设备2(1);设备1(0);设备0(0)
本次设备2将得到总线控制权
                2450时刻，设备2已得到响应
                2470时刻，设备2完成总线访问，请求已撤出
请求状态：设备3(1);设备2(0);设备1(0);设备0(0)
本次设备3将得到总线控制权
                2470时刻，设备3已得到响应
                2490时刻，设备3完成总线访问，请求已撤出
========进行仲裁测试（计数起始点0）========
======从计数起始点开始的循环模式======
共有0个设备提起请求
========进行仲裁测试（计数起始点0）========
======从计数起始点开始的循环模式======
共有1个设备提起请求
请求状态：设备3(0);设备2(0);设备1(0);设备0(1)
本次设备0将得到总线控制权
                2650时刻，设备0已得到响应
                2670时刻，设备0完成总线访问，请求已撤出
========进行仲裁测试（计数起始点0）========
======从计数起始点开始的循环模式======
共有1个设备提起请求
请求状态：设备3(0);设备2(0);设备1(1);设备0(0)
本次设备1将得到总线控制权
                2770时刻，设备1已得到响应
                2790时刻，设备1完成总线访问，请求已撤出
========进行仲裁测试（计数起始点0）========
======从计数起始点开始的循环模式======
共有2个设备提起请求
请求状态：设备3(0);设备2(0);设备1(1);设备0(1)
本次设备0将得到总线控制权
                2870时刻，设备0已得到响应
                2890时刻，设备0完成总线访问，请求已撤出
请求状态：设备3(0);设备2(0);设备1(1);设备0(0)
本次设备1将得到总线控制权
                2890时刻，设备1已得到响应
                2910时刻，设备1完成总线访问，请求已撤出
========进行仲裁测试（计数起始点0）========
======从计数起始点开始的循环模式======
共有1个设备提起请求
请求状态：设备3(0);设备2(1);设备1(0);设备0(0)
本次设备2将得到总线控制权
                3030时刻，设备2已得到响应
                3050时刻，设备2完成总线访问，请求已撤出
========进行仲裁测试（计数起始点1）========
======从计数起始点开始的循环模式======
共有2个设备提起请求
请求状态：设备3(0);设备2(1);设备1(0);设备0(1)
本次设备2将得到总线控制权
                3150时刻，设备2已得到响应
                3170时刻，设备2完成总线访问，请求已撤出
请求状态：设备3(0);设备2(0);设备1(0);设备0(1)
本次设备0将得到总线控制权
                3250时刻，设备0已得到响应
                3270时刻，设备0完成总线访问，请求已撤出
========进行仲裁测试（计数起始点0）========
======从计数起始点开始的循环模式======
共有2个设备提起请求
请求状态：设备3(0);设备2(1);设备1(1);设备0(0)
本次设备1将得到总线控制权
                3370时刻，设备1已得到响应
                3390时刻，设备1完成总线访问，请求已撤出
请求状态：设备3(0);设备2(1);设备1(0);设备0(0)
本次设备2将得到总线控制权
                3390时刻，设备2已得到响应
                3410时刻，设备2完成总线访问，请求已撤出
========进行仲裁测试（计数起始点0）========
======从计数起始点开始的循环模式======
共有3个设备提起请求
请求状态：设备3(0);设备2(1);设备1(1);设备0(1)
本次设备0将得到总线控制权
                3490时刻，设备0已得到响应
                3510时刻，设备0完成总线访问，请求已撤出
请求状态：设备3(0);设备2(1);设备1(1);设备0(0)
本次设备1将得到总线控制权
                3510时刻，设备1已得到响应
                3530时刻，设备1完成总线访问，请求已撤出
请求状态：设备3(0);设备2(1);设备1(0);设备0(0)
本次设备2将得到总线控制权
                3590时刻，设备2已得到响应
                3610时刻，设备2完成总线访问，请求已撤出
========进行仲裁测试（计数起始点1）========
======从计数起始点开始的循环模式======
共有1个设备提起请求
请求状态：设备3(1);设备2(0);设备1(0);设备0(0)
本次设备3将得到总线控制权
                3730时刻，设备3已得到响应
                3750时刻，设备3完成总线访问，请求已撤出
========进行仲裁测试（计数起始点1）========
======从计数起始点开始的循环模式======
共有2个设备提起请求
请求状态：设备3(1);设备2(0);设备1(0);设备0(1)
本次设备3将得到总线控制权
                3870时刻，设备3已得到响应
                3890时刻，设备3完成总线访问，请求已撤出
请求状态：设备3(0);设备2(0);设备1(0);设备0(1)
本次设备0将得到总线控制权
                3890时刻，设备0已得到响应
                3910时刻，设备0完成总线访问，请求已撤出
========进行仲裁测试（计数起始点1）========
======从计数起始点开始的循环模式======
共有2个设备提起请求
请求状态：设备3(1);设备2(0);设备1(1);设备0(0)
本次设备1将得到总线控制权
                3990时刻，设备1已得到响应
                4010时刻，设备1完成总线访问，请求已撤出
请求状态：设备3(1);设备2(0);设备1(0);设备0(0)
本次设备3将得到总线控制权
                4070时刻，设备3已得到响应
                4090时刻，设备3完成总线访问，请求已撤出
========进行仲裁测试（计数起始点2）========
======从计数起始点开始的循环模式======
共有3个设备提起请求
请求状态：设备3(1);设备2(0);设备1(1);设备0(1)
本次设备3将得到总线控制权
                4190时刻，设备3已得到响应
                4210时刻，设备3完成总线访问，请求已撤出
请求状态：设备3(0);设备2(0);设备1(1);设备0(1)
本次设备0将得到总线控制权
                4210时刻，设备0已得到响应
                4230时刻，设备0完成总线访问，请求已撤出
请求状态：设备3(0);设备2(0);设备1(1);设备0(0)
本次设备1将得到总线控制权
                4310时刻，设备1已得到响应
                4330时刻，设备1完成总线访问，请求已撤出
========进行仲裁测试（计数起始点1）========
======从计数起始点开始的循环模式======
共有2个设备提起请求
请求状态：设备3(1);设备2(1);设备1(0);设备0(0)
本次设备2将得到总线控制权
                4430时刻，设备2已得到响应
                4450时刻，设备2完成总线访问，请求已撤出
请求状态：设备3(1);设备2(0);设备1(0);设备0(0)
本次设备3将得到总线控制权
                4450时刻，设备3已得到响应
                4470时刻，设备3完成总线访问，请求已撤出
========进行仲裁测试（计数起始点3）========
======从计数起始点开始的循环模式======
共有3个设备提起请求
请求状态：设备3(1);设备2(1);设备1(0);设备0(1)
本次设备3将得到总线控制权
                4550时刻，设备3已得到响应
                4570时刻，设备3完成总线访问，请求已撤出
请求状态：设备3(0);设备2(1);设备1(0);设备0(1)
本次设备0将得到总线控制权
                4570时刻，设备0已得到响应
                4590时刻，设备0完成总线访问，请求已撤出
请求状态：设备3(0);设备2(1);设备1(0);设备0(0)
本次设备2将得到总线控制权
                4670时刻，设备2已得到响应
                4690时刻，设备2完成总线访问，请求已撤出
========进行仲裁测试（计数起始点2）========
======从计数起始点开始的循环模式======
共有3个设备提起请求
请求状态：设备3(1);设备2(1);设备1(1);设备0(0)
本次设备2将得到总线控制权
                4770时刻，设备2已得到响应
                4790时刻，设备2完成总线访问，请求已撤出
请求状态：设备3(1);设备2(0);设备1(1);设备0(0)
本次设备3将得到总线控制权
                4790时刻，设备3已得到响应
                4810时刻，设备3完成总线访问，请求已撤出
请求状态：设备3(0);设备2(0);设备1(1);设备0(0)
本次设备1将得到总线控制权
                4890时刻，设备1已得到响应
                4910时刻，设备1完成总线访问，请求已撤出
========进行仲裁测试（计数起始点0）========
======从计数起始点开始的循环模式======
共有4个设备提起请求
请求状态：设备3(1);设备2(1);设备1(1);设备0(1)
本次设备0将得到总线控制权
                4990时刻，设备0已得到响应
                5010时刻，设备0完成总线访问，请求已撤出
请求状态：设备3(1);设备2(1);设备1(1);设备0(0)
本次设备1将得到总线控制权
                5010时刻，设备1已得到响应
                5030时刻，设备1完成总线访问，请求已撤出
请求状态：设备3(1);设备2(1);设备1(0);设备0(0)
本次设备2将得到总线控制权
                5090时刻，设备2已得到响应
                5110时刻，设备2完成总线访问，请求已撤出
请求状态：设备3(1);设备2(0);设备1(0);设备0(0)
本次设备3将得到总线控制权
                5110时刻，设备3已得到响应
                5130时刻，设备3完成总线访问，请求已撤出
测试完成
relaunch_sim
INFO: [Vivado 12-5682] Launching behavioral simulation in 'C:/Users/fay/Downloads/Lab2_Handouts_0406_2/Lab2_Handouts_0406_2/Lab_BusControl_B/Lab_BusControl_B.sim/sim_1/behav/xsim'
INFO: [SIM-utils-51] Simulation object is 'sim_1'
INFO: [SIM-utils-54] Inspecting design source files for 'topsim_counter' in fileset 'sim_1'...
INFO: [USF-XSim-97] Finding global include files...
INFO: [USF-XSim-98] Fetching design files from 'sim_1'...
INFO: [USF-XSim-2] XSim::Compile design
INFO: [USF-XSim-61] Executing 'COMPILE and ANALYZE' step in 'C:/Users/fay/Downloads/Lab2_Handouts_0406_2/Lab2_Handouts_0406_2/Lab_BusControl_B/Lab_BusControl_B.sim/sim_1/behav/xsim'
"xvlog --incr --relax -prj topsim_counter_vlog.prj"
INFO: [USF-XSim-69] 'compile' step finished in '1' seconds
INFO: [Vivado 12-5682] Launching behavioral simulation in 'C:/Users/fay/Downloads/Lab2_Handouts_0406_2/Lab2_Handouts_0406_2/Lab_BusControl_B/Lab_BusControl_B.sim/sim_1/behav/xsim'
INFO: [USF-XSim-3] XSim::Elaborate design
INFO: [USF-XSim-61] Executing 'ELABORATE' step in 'C:/Users/fay/Downloads/Lab2_Handouts_0406_2/Lab2_Handouts_0406_2/Lab_BusControl_B/Lab_BusControl_B.sim/sim_1/behav/xsim'
Vivado Simulator 2018.3
Copyright 1986-1999, 2001-2018 Xilinx, Inc. All Rights Reserved.
Running: C:/Xilinx/Vivado/2018.3/bin/unwrapped/win64.o/xelab.exe -wto 077462f9e3c64b55b01dc39f86d9343e --incr --debug typical --relax --mt 2 -L xil_defaultlib -L unisims_ver -L unimacro_ver -L secureip --snapshot topsim_counter_behav xil_defaultlib.topsim_counter xil_defaultlib.glbl -log elaborate.log 
Using 2 slave threads.
Starting static elaboration
Completed static elaboration
INFO: [XSIM 43-4323] No Change in HDL. Linking previously generated obj files to create kernel
INFO: [USF-XSim-69] 'elaborate' step finished in '1' seconds
Vivado Simulator 2018.3
Time resolution is 1 ps
========进行仲裁测试（计数起始点0）========
======从终止点开始的循环模式======
共有0个设备提起请求
========进行仲裁测试（计数起始点0）========
======从终止点开始的循环模式======
共有1个设备提起请求
请求状态：设备3(0);设备2(0);设备1(0);设备0(1)
本次设备0将得到总线控制权
                 190时刻，设备0已得到响应
                 210时刻，设备0完成总线访问，请求已撤出
========进行仲裁测试（计数起始点0）========
======从终止点开始的循环模式======
共有1个设备提起请求
请求状态：设备3(0);设备2(0);设备1(1);设备0(0)
本次设备1将得到总线控制权
                 310时刻，设备1已得到响应
                 330时刻，设备1完成总线访问，请求已撤出
========进行仲裁测试（计数起始点0）========
======从终止点开始的循环模式======
共有2个设备提起请求
请求状态：设备3(0);设备2(0);设备1(1);设备0(1)
本次设备0将得到总线控制权
                 410时刻，设备0已得到响应
                 430时刻，设备0完成总线访问，请求已撤出
请求状态：设备3(0);设备2(0);设备1(1);设备0(0)
本次设备1将得到总线控制权
                 430时刻，设备1已得到响应
                 450时刻，设备1完成总线访问，请求已撤出
========进行仲裁测试（计数起始点0）========
======从终止点开始的循环模式======
共有1个设备提起请求
请求状态：设备3(0);设备2(1);设备1(0);设备0(0)
本次设备2将得到总线控制权
                 570时刻，设备2已得到响应
                 590时刻，设备2完成总线访问，请求已撤出
========进行仲裁测试（计数起始点1）========
======从终止点开始的循环模式======
共有2个设备提起请求
请求状态：设备3(0);设备2(1);设备1(0);设备0(1)
本次设备2将得到总线控制权
                 690时刻，设备2已得到响应
                 710时刻，设备2完成总线访问，请求已撤出
请求状态：设备3(0);设备2(0);设备1(0);设备0(1)
本次设备0将得到总线控制权
                 750时刻，设备0已得到响应
                 770时刻，设备0完成总线访问，请求已撤出
========进行仲裁测试（计数起始点0）========
======从终止点开始的循环模式======
共有2个设备提起请求
请求状态：设备3(0);设备2(1);设备1(1);设备0(0)
本次设备1将得到总线控制权
                 870时刻，设备1已得到响应
                 890时刻，设备1完成总线访问，请求已撤出
请求状态：设备3(0);设备2(1);设备1(0);设备0(0)
本次设备2将得到总线控制权
                 890时刻，设备2已得到响应
                 910时刻，设备2完成总线访问，请求已撤出
========进行仲裁测试（计数起始点0）========
======从终止点开始的循环模式======
共有3个设备提起请求
请求状态：设备3(0);设备2(1);设备1(1);设备0(1)
本次设备0将得到总线控制权
                 990时刻，设备0已得到响应
run 10us
                1010时刻，设备0完成总线访问，请求已撤出
请求状态：设备3(0);设备2(1);设备1(1);设备0(0)
本次设备1将得到总线控制权
                1010时刻，设备1已得到响应
                1030时刻，设备1完成总线访问，请求已撤出
请求状态：设备3(0);设备2(1);设备1(0);设备0(0)
本次设备2将得到总线控制权
                1070时刻，设备2已得到响应
                1090时刻，设备2完成总线访问，请求已撤出
========进行仲裁测试（计数起始点1）========
======从终止点开始的循环模式======
共有1个设备提起请求
请求状态：设备3(1);设备2(0);设备1(0);设备0(0)
本次设备3将得到总线控制权
                1210时刻，设备3已得到响应
                1230时刻，设备3完成总线访问，请求已撤出
========进行仲裁测试（计数起始点1）========
======从终止点开始的循环模式======
共有2个设备提起请求
请求状态：设备3(1);设备2(0);设备1(0);设备0(1)
本次设备3将得到总线控制权
                1350时刻，设备3已得到响应
                1370时刻，设备3完成总线访问，请求已撤出
请求状态：设备3(0);设备2(0);设备1(0);设备0(1)
本次设备0将得到总线控制权
                1370时刻，设备0已得到响应
                1390时刻，设备0完成总线访问，请求已撤出
========进行仲裁测试（计数起始点1）========
======从终止点开始的循环模式======
共有2个设备提起请求
请求状态：设备3(1);设备2(0);设备1(1);设备0(0)
本次设备1将得到总线控制权
                1470时刻，设备1已得到响应
                1490时刻，设备1完成总线访问，请求已撤出
请求状态：设备3(1);设备2(0);设备1(0);设备0(0)
本次设备3将得到总线控制权
                1530时刻，设备3已得到响应
                1550时刻，设备3完成总线访问，请求已撤出
========进行仲裁测试（计数起始点2）========
======从终止点开始的循环模式======
共有3个设备提起请求
请求状态：设备3(1);设备2(0);设备1(1);设备0(1)
本次设备3将得到总线控制权
                1650时刻，设备3已得到响应
                1670时刻，设备3完成总线访问，请求已撤出
请求状态：设备3(0);设备2(0);设备1(1);设备0(1)
本次设备0将得到总线控制权
                1670时刻，设备0已得到响应
                1690时刻，设备0完成总线访问，请求已撤出
请求状态：设备3(0);设备2(0);设备1(1);设备0(0)
本次设备1将得到总线控制权
                1730时刻，设备1已得到响应
                1750时刻，设备1完成总线访问，请求已撤出
========进行仲裁测试（计数起始点1）========
======从终止点开始的循环模式======
共有2个设备提起请求
请求状态：设备3(1);设备2(1);设备1(0);设备0(0)
本次设备2将得到总线控制权
                1850时刻，设备2已得到响应
                1870时刻，设备2完成总线访问，请求已撤出
请求状态：设备3(1);设备2(0);设备1(0);设备0(0)
本次设备3将得到总线控制权
                1870时刻，设备3已得到响应
                1890时刻，设备3完成总线访问，请求已撤出
========进行仲裁测试（计数起始点3）========
======从终止点开始的循环模式======
共有3个设备提起请求
请求状态：设备3(1);设备2(1);设备1(0);设备0(1)
本次设备3将得到总线控制权
                1970时刻，设备3已得到响应
                1990时刻，设备3完成总线访问，请求已撤出
请求状态：设备3(0);设备2(1);设备1(0);设备0(1)
本次设备0将得到总线控制权
                1990时刻，设备0已得到响应
                2010时刻，设备0完成总线访问，请求已撤出
请求状态：设备3(0);设备2(1);设备1(0);设备0(0)
本次设备2将得到总线控制权
                2070时刻，设备2已得到响应
                2090时刻，设备2完成总线访问，请求已撤出
========进行仲裁测试（计数起始点2）========
======从终止点开始的循环模式======
共有3个设备提起请求
请求状态：设备3(1);设备2(1);设备1(1);设备0(0)
本次设备2将得到总线控制权
                2170时刻，设备2已得到响应
                2190时刻，设备2完成总线访问，请求已撤出
请求状态：设备3(1);设备2(0);设备1(1);设备0(0)
本次设备3将得到总线控制权
                2190时刻，设备3已得到响应
                2210时刻，设备3完成总线访问，请求已撤出
请求状态：设备3(0);设备2(0);设备1(1);设备0(0)
本次设备1将得到总线控制权
                2270时刻，设备1已得到响应
                2290时刻，设备1完成总线访问，请求已撤出
========进行仲裁测试（计数起始点0）========
======从终止点开始的循环模式======
共有4个设备提起请求
请求状态：设备3(1);设备2(1);设备1(1);设备0(1)
本次设备0将得到总线控制权
                2370时刻，设备0已得到响应
                2390时刻，设备0完成总线访问，请求已撤出
请求状态：设备3(1);设备2(1);设备1(1);设备0(0)
本次设备1将得到总线控制权
                2390时刻，设备1已得到响应
                2410时刻，设备1完成总线访问，请求已撤出
请求状态：设备3(1);设备2(1);设备1(0);设备0(0)
本次设备2将得到总线控制权
                2450时刻，设备2已得到响应
                2470时刻，设备2完成总线访问，请求已撤出
请求状态：设备3(1);设备2(0);设备1(0);设备0(0)
本次设备3将得到总线控制权
                2470时刻，设备3已得到响应
                2490时刻，设备3完成总线访问，请求已撤出
========进行仲裁测试（计数起始点0）========
======从计数起始点开始的循环模式======
共有0个设备提起请求
========进行仲裁测试（计数起始点0）========
======从计数起始点开始的循环模式======
共有1个设备提起请求
请求状态：设备3(0);设备2(0);设备1(0);设备0(1)
本次设备0将得到总线控制权
                2650时刻，设备0已得到响应
                2670时刻，设备0完成总线访问，请求已撤出
========进行仲裁测试（计数起始点0）========
======从计数起始点开始的循环模式======
共有1个设备提起请求
请求状态：设备3(0);设备2(0);设备1(1);设备0(0)
本次设备1将得到总线控制权
                2770时刻，设备1已得到响应
                2790时刻，设备1完成总线访问，请求已撤出
========进行仲裁测试（计数起始点0）========
======从计数起始点开始的循环模式======
共有2个设备提起请求
请求状态：设备3(0);设备2(0);设备1(1);设备0(1)
本次设备0将得到总线控制权
                2870时刻，设备0已得到响应
                2890时刻，设备0完成总线访问，请求已撤出
请求状态：设备3(0);设备2(0);设备1(1);设备0(0)
本次设备1将得到总线控制权
                2890时刻，设备1已得到响应
                2910时刻，设备1完成总线访问，请求已撤出
========进行仲裁测试（计数起始点0）========
======从计数起始点开始的循环模式======
共有1个设备提起请求
请求状态：设备3(0);设备2(1);设备1(0);设备0(0)
本次设备2将得到总线控制权
                3030时刻，设备2已得到响应
                3050时刻，设备2完成总线访问，请求已撤出
========进行仲裁测试（计数起始点1）========
======从计数起始点开始的循环模式======
共有2个设备提起请求
请求状态：设备3(0);设备2(1);设备1(0);设备0(1)
本次设备2将得到总线控制权
                3150时刻，设备2已得到响应
                3170时刻，设备2完成总线访问，请求已撤出
请求状态：设备3(0);设备2(0);设备1(0);设备0(1)
本次设备0将得到总线控制权
                3250时刻，设备0已得到响应
                3270时刻，设备0完成总线访问，请求已撤出
========进行仲裁测试（计数起始点0）========
======从计数起始点开始的循环模式======
共有2个设备提起请求
请求状态：设备3(0);设备2(1);设备1(1);设备0(0)
本次设备1将得到总线控制权
                3370时刻，设备1已得到响应
                3390时刻，设备1完成总线访问，请求已撤出
请求状态：设备3(0);设备2(1);设备1(0);设备0(0)
本次设备2将得到总线控制权
                3390时刻，设备2已得到响应
                3410时刻，设备2完成总线访问，请求已撤出
========进行仲裁测试（计数起始点0）========
======从计数起始点开始的循环模式======
共有3个设备提起请求
请求状态：设备3(0);设备2(1);设备1(1);设备0(1)
本次设备0将得到总线控制权
                3490时刻，设备0已得到响应
                3510时刻，设备0完成总线访问，请求已撤出
请求状态：设备3(0);设备2(1);设备1(1);设备0(0)
本次设备1将得到总线控制权
                3510时刻，设备1已得到响应
                3530时刻，设备1完成总线访问，请求已撤出
请求状态：设备3(0);设备2(1);设备1(0);设备0(0)
本次设备2将得到总线控制权
                3590时刻，设备2已得到响应
                3610时刻，设备2完成总线访问，请求已撤出
========进行仲裁测试（计数起始点1）========
======从计数起始点开始的循环模式======
共有1个设备提起请求
请求状态：设备3(1);设备2(0);设备1(0);设备0(0)
本次设备3将得到总线控制权
                3730时刻，设备3已得到响应
                3750时刻，设备3完成总线访问，请求已撤出
========进行仲裁测试（计数起始点1）========
======从计数起始点开始的循环模式======
共有2个设备提起请求
请求状态：设备3(1);设备2(0);设备1(0);设备0(1)
本次设备3将得到总线控制权
                3870时刻，设备3已得到响应
                3890时刻，设备3完成总线访问，请求已撤出
请求状态：设备3(0);设备2(0);设备1(0);设备0(1)
本次设备0将得到总线控制权
                3890时刻，设备0已得到响应
                3910时刻，设备0完成总线访问，请求已撤出
========进行仲裁测试（计数起始点1）========
======从计数起始点开始的循环模式======
共有2个设备提起请求
请求状态：设备3(1);设备2(0);设备1(1);设备0(0)
本次设备1将得到总线控制权
                3990时刻，设备1已得到响应
                4010时刻，设备1完成总线访问，请求已撤出
请求状态：设备3(1);设备2(0);设备1(0);设备0(0)
本次设备3将得到总线控制权
                4070时刻，设备3已得到响应
                4090时刻，设备3完成总线访问，请求已撤出
========进行仲裁测试（计数起始点2）========
======从计数起始点开始的循环模式======
共有3个设备提起请求
请求状态：设备3(1);设备2(0);设备1(1);设备0(1)
本次设备3将得到总线控制权
                4190时刻，设备3已得到响应
                4210时刻，设备3完成总线访问，请求已撤出
请求状态：设备3(0);设备2(0);设备1(1);设备0(1)
本次设备0将得到总线控制权
                4210时刻，设备0已得到响应
                4230时刻，设备0完成总线访问，请求已撤出
请求状态：设备3(0);设备2(0);设备1(1);设备0(0)
本次设备1将得到总线控制权
                4310时刻，设备1已得到响应
                4330时刻，设备1完成总线访问，请求已撤出
========进行仲裁测试（计数起始点1）========
======从计数起始点开始的循环模式======
共有2个设备提起请求
请求状态：设备3(1);设备2(1);设备1(0);设备0(0)
本次设备2将得到总线控制权
                4430时刻，设备2已得到响应
                4450时刻，设备2完成总线访问，请求已撤出
请求状态：设备3(1);设备2(0);设备1(0);设备0(0)
本次设备3将得到总线控制权
                4450时刻，设备3已得到响应
                4470时刻，设备3完成总线访问，请求已撤出
========进行仲裁测试（计数起始点3）========
======从计数起始点开始的循环模式======
共有3个设备提起请求
请求状态：设备3(1);设备2(1);设备1(0);设备0(1)
本次设备3将得到总线控制权
                4550时刻，设备3已得到响应
                4570时刻，设备3完成总线访问，请求已撤出
请求状态：设备3(0);设备2(1);设备1(0);设备0(1)
本次设备0将得到总线控制权
                4570时刻，设备0已得到响应
                4590时刻，设备0完成总线访问，请求已撤出
请求状态：设备3(0);设备2(1);设备1(0);设备0(0)
本次设备2将得到总线控制权
                4670时刻，设备2已得到响应
                4690时刻，设备2完成总线访问，请求已撤出
========进行仲裁测试（计数起始点2）========
======从计数起始点开始的循环模式======
共有3个设备提起请求
请求状态：设备3(1);设备2(1);设备1(1);设备0(0)
本次设备2将得到总线控制权
                4770时刻，设备2已得到响应
                4790时刻，设备2完成总线访问，请求已撤出
请求状态：设备3(1);设备2(0);设备1(1);设备0(0)
本次设备3将得到总线控制权
                4790时刻，设备3已得到响应
                4810时刻，设备3完成总线访问，请求已撤出
请求状态：设备3(0);设备2(0);设备1(1);设备0(0)
本次设备1将得到总线控制权
                4890时刻，设备1已得到响应
                4910时刻，设备1完成总线访问，请求已撤出
========进行仲裁测试（计数起始点0）========
======从计数起始点开始的循环模式======
共有4个设备提起请求
请求状态：设备3(1);设备2(1);设备1(1);设备0(1)
本次设备0将得到总线控制权
                4990时刻，设备0已得到响应
                5010时刻，设备0完成总线访问，请求已撤出
请求状态：设备3(1);设备2(1);设备1(1);设备0(0)
本次设备1将得到总线控制权
                5010时刻，设备1已得到响应
                5030时刻，设备1完成总线访问，请求已撤出
请求状态：设备3(1);设备2(1);设备1(0);设备0(0)
本次设备2将得到总线控制权
                5090时刻，设备2已得到响应
                5110时刻，设备2完成总线访问，请求已撤出
请求状态：设备3(1);设备2(0);设备1(0);设备0(0)
本次设备3将得到总线控制权
                5110时刻，设备3已得到响应
                5130时刻，设备3完成总线访问，请求已撤出
测试完成
relaunch_sim
INFO: [Vivado 12-5682] Launching behavioral simulation in 'C:/Users/fay/Downloads/Lab2_Handouts_0406_2/Lab2_Handouts_0406_2/Lab_BusControl_B/Lab_BusControl_B.sim/sim_1/behav/xsim'
INFO: [SIM-utils-51] Simulation object is 'sim_1'
INFO: [SIM-utils-54] Inspecting design source files for 'topsim_counter' in fileset 'sim_1'...
INFO: [USF-XSim-97] Finding global include files...
INFO: [USF-XSim-98] Fetching design files from 'sim_1'...
INFO: [USF-XSim-2] XSim::Compile design
INFO: [USF-XSim-61] Executing 'COMPILE and ANALYZE' step in 'C:/Users/fay/Downloads/Lab2_Handouts_0406_2/Lab2_Handouts_0406_2/Lab_BusControl_B/Lab_BusControl_B.sim/sim_1/behav/xsim'
"xvlog --incr --relax -prj topsim_counter_vlog.prj"
INFO: [VRFC 10-2263] Analyzing Verilog file "C:/Users/fay/Downloads/Lab2_Handouts_0406_2/Lab2_Handouts_0406_2/Lab_BusControl_B/Lab_BusControl_B.srcs/sources_1/new/controller_counter.v" into library xil_defaultlib
INFO: [VRFC 10-311] analyzing module controller_counter
INFO: [VRFC 10-2263] Analyzing Verilog file "C:/Users/fay/Downloads/Lab2_Handouts_0406_2/Lab2_Handouts_0406_2/Lab_BusControl_B/Lab_BusControl_B.srcs/sources_1/new/io_interface_counter.v" into library xil_defaultlib
INFO: [VRFC 10-311] analyzing module io_interface_counter
INFO: [VRFC 10-2263] Analyzing Verilog file "C:/Users/fay/Downloads/Lab2_Handouts_0406_2/Lab2_Handouts_0406_2/Lab_BusControl_B/Lab_BusControl_B.srcs/sources_1/new/top_counter.v" into library xil_defaultlib
INFO: [VRFC 10-311] analyzing module top_counter
INFO: [VRFC 10-2458] undeclared symbol BR, assumed default net type wire [C:/Users/fay/Downloads/Lab2_Handouts_0406_2/Lab2_Handouts_0406_2/Lab_BusControl_B/Lab_BusControl_B.srcs/sources_1/new/top_counter.v:20]
INFO: [VRFC 10-2458] undeclared symbol BS, assumed default net type wire [C:/Users/fay/Downloads/Lab2_Handouts_0406_2/Lab2_Handouts_0406_2/Lab_BusControl_B/Lab_BusControl_B.srcs/sources_1/new/top_counter.v:21]
INFO: [VRFC 10-2263] Analyzing Verilog file "C:/Users/fay/Downloads/Lab2_Handouts_0406_2/Lab2_Handouts_0406_2/Lab_BusControl_B/Lab_BusControl_B.srcs/sim_1/new/topsim_counter.v" into library xil_defaultlib
INFO: [VRFC 10-311] analyzing module topsim_counter
INFO: [USF-XSim-69] 'compile' step finished in '2' seconds
INFO: [Vivado 12-5682] Launching behavioral simulation in 'C:/Users/fay/Downloads/Lab2_Handouts_0406_2/Lab2_Handouts_0406_2/Lab_BusControl_B/Lab_BusControl_B.sim/sim_1/behav/xsim'
INFO: [USF-XSim-3] XSim::Elaborate design
INFO: [USF-XSim-61] Executing 'ELABORATE' step in 'C:/Users/fay/Downloads/Lab2_Handouts_0406_2/Lab2_Handouts_0406_2/Lab_BusControl_B/Lab_BusControl_B.sim/sim_1/behav/xsim'
Vivado Simulator 2018.3
Copyright 1986-1999, 2001-2018 Xilinx, Inc. All Rights Reserved.
Running: C:/Xilinx/Vivado/2018.3/bin/unwrapped/win64.o/xelab.exe -wto 077462f9e3c64b55b01dc39f86d9343e --incr --debug typical --relax --mt 2 -L xil_defaultlib -L unisims_ver -L unimacro_ver -L secureip --snapshot topsim_counter_behav xil_defaultlib.topsim_counter xil_defaultlib.glbl -log elaborate.log 
Using 2 slave threads.
Starting static elaboration
Completed static elaboration
Starting simulation data flow analysis
Completed simulation data flow analysis
Time Resolution for simulation is 1ps
Compiling module xil_defaultlib.controller_counter
Compiling module xil_defaultlib.io_interface_counter
Compiling module xil_defaultlib.top_counter
Compiling module xil_defaultlib.topsim_counter
WARNING: [XSIM 43-3373] "C:/Users/fay/Downloads/Lab2_Handouts_0406_2/Lab2_Handouts_0406_2/Lab_BusControl_B/Lab_BusControl_B.srcs/sim_1/new/topsim_counter.v" Line 46. System function $fscanf is used as system task. This system function should have a LHS e.g. x=$fscanf().
WARNING: [XSIM 43-3373] "C:/Users/fay/Downloads/Lab2_Handouts_0406_2/Lab2_Handouts_0406_2/Lab_BusControl_B/Lab_BusControl_B.srcs/sim_1/new/topsim_counter.v" Line 47. System function $fscanf is used as system task. This system function should have a LHS e.g. x=$fscanf().
WARNING: [XSIM 43-3373] "C:/Users/fay/Downloads/Lab2_Handouts_0406_2/Lab2_Handouts_0406_2/Lab_BusControl_B/Lab_BusControl_B.srcs/sim_1/new/topsim_counter.v" Line 48. System function $fscanf is used as system task. This system function should have a LHS e.g. x=$fscanf().
WARNING: [XSIM 43-3373] "C:/Users/fay/Downloads/Lab2_Handouts_0406_2/Lab2_Handouts_0406_2/Lab_BusControl_B/Lab_BusControl_B.srcs/sim_1/new/topsim_counter.v" Line 65. System function $fscanf is used as system task. This system function should have a LHS e.g. x=$fscanf().
Compiling module xil_defaultlib.glbl
Built simulation snapshot topsim_counter_behav
INFO: [USF-XSim-69] 'elaborate' step finished in '1' seconds
Vivado Simulator 2018.3
Time resolution is 1 ps
========进行仲裁测试（计数起始点0）========
======从终止点开始的循环模式======
共有0个设备提起请求
========进行仲裁测试（计数起始点0）========
======从终止点开始的循环模式======
共有1个设备提起请求
请求状态：设备3(0);设备2(0);设备1(0);设备0(1)
本次设备0将得到总线控制权
                 175时刻，设备0已得到响应
                 195时刻，设备0完成总线访问，请求已撤出
========进行仲裁测试（计数起始点0）========
======从终止点开始的循环模式======
共有1个设备提起请求
请求状态：设备3(0);设备2(0);设备1(1);设备0(0)
本次设备1将得到总线控制权
                 270时刻，设备1已得到响应
                 290时刻，设备1完成总线访问，请求已撤出
========进行仲裁测试（计数起始点0）========
======从终止点开始的循环模式======
共有2个设备提起请求
请求状态：设备3(0);设备2(0);设备1(1);设备0(1)
本次设备0将得到总线控制权
                 365时刻，设备0已得到响应
                 385时刻，设备0完成总线访问，请求已撤出
请求状态：设备3(0);设备2(0);设备1(1);设备0(0)
本次设备1将得到总线控制权
                 390时刻，设备1已得到响应
                 410时刻，设备1完成总线访问，请求已撤出
========进行仲裁测试（计数起始点0）========
======从终止点开始的循环模式======
共有1个设备提起请求
请求状态：设备3(0);设备2(1);设备1(0);设备0(0)
本次设备2将得到总线控制权
                 510时刻，设备2已得到响应
                 530时刻，设备2完成总线访问，请求已撤出
========进行仲裁测试（计数起始点1）========
======从终止点开始的循环模式======
共有2个设备提起请求
请求状态：设备3(0);设备2(1);设备1(0);设备0(1)
本次设备2将得到总线控制权
                 610时刻，设备2已得到响应
                 630时刻，设备2完成总线访问，请求已撤出
请求状态：设备3(0);设备2(0);设备1(0);设备0(1)
本次设备0将得到总线控制权
                 670时刻，设备0已得到响应
                 690时刻，设备0完成总线访问，请求已撤出
========进行仲裁测试（计数起始点0）========
======从终止点开始的循环模式======
共有2个设备提起请求
请求状态：设备3(0);设备2(1);设备1(1);设备0(0)
本次设备1将得到总线控制权
                 770时刻，设备1已得到响应
                 790时刻，设备1完成总线访问，请求已撤出
请求状态：设备3(0);设备2(1);设备1(0);设备0(0)
本次设备2将得到总线控制权
                 810时刻，设备2已得到响应
                 830时刻，设备2完成总线访问，请求已撤出
========进行仲裁测试（计数起始点0）========
======从终止点开始的循环模式======
共有3个设备提起请求
请求状态：设备3(0);设备2(1);设备1(1);设备0(1)
本次设备0将得到总线控制权
                 905时刻，设备0已得到响应
                 925时刻，设备0完成总线访问，请求已撤出
请求状态：设备3(0);设备2(1);设备1(1);设备0(0)
本次设备1将得到总线控制权
                 930时刻，设备1已得到响应
                 950时刻，设备1完成总线访问，请求已撤出
请求状态：设备3(0);设备2(1);设备1(0);设备0(0)
本次设备2将得到总线控制权
                 970时刻，设备2已得到响应
                 990时刻，设备2完成总线访问，请求已撤出
relaunch_sim: Time (s): cpu = 00:00:00 ; elapsed = 00:00:05 . Memory (MB): peak = 762.711 ; gain = 0.000
run 10us
========进行仲裁测试（计数起始点1）========
======从终止点开始的循环模式======
共有1个设备提起请求
请求状态：设备3(1);设备2(0);设备1(0);设备0(0)
本次设备3将得到总线控制权
                1090时刻，设备3已得到响应
                1110时刻，设备3完成总线访问，请求已撤出
========进行仲裁测试（计数起始点1）========
======从终止点开始的循环模式======
共有2个设备提起请求
请求状态：设备3(1);设备2(0);设备1(0);设备0(1)
本次设备3将得到总线控制权
                1210时刻，设备3已得到响应
                1230时刻，设备3完成总线访问，请求已撤出
请求状态：设备3(0);设备2(0);设备1(0);设备0(1)
本次设备0将得到总线控制权
                1250时刻，设备0已得到响应
                1270时刻，设备0完成总线访问，请求已撤出
========进行仲裁测试（计数起始点1）========
======从终止点开始的循环模式======
共有2个设备提起请求
请求状态：设备3(1);设备2(0);设备1(1);设备0(0)
本次设备1将得到总线控制权
                1345时刻，设备1已得到响应
                1365时刻，设备1完成总线访问，请求已撤出
请求状态：设备3(1);设备2(0);设备1(0);设备0(0)
本次设备3将得到总线控制权
                1390时刻，设备3已得到响应
                1410时刻，设备3完成总线访问，请求已撤出
========进行仲裁测试（计数起始点2）========
======从终止点开始的循环模式======
共有3个设备提起请求
请求状态：设备3(1);设备2(0);设备1(1);设备0(1)
本次设备3将得到总线控制权
                1490时刻，设备3已得到响应
                1510时刻，设备3完成总线访问，请求已撤出
请求状态：设备3(0);设备2(0);设备1(1);设备0(1)
本次设备0将得到总线控制权
                1530时刻，设备0已得到响应
                1550时刻，设备0完成总线访问，请求已撤出
请求状态：设备3(0);设备2(0);设备1(1);设备0(0)
本次设备1将得到总线控制权
                1570时刻，设备1已得到响应
                1590时刻，设备1完成总线访问，请求已撤出
========进行仲裁测试（计数起始点1）========
======从终止点开始的循环模式======
共有2个设备提起请求
请求状态：设备3(1);设备2(1);设备1(0);设备0(0)
本次设备2将得到总线控制权
                1670时刻，设备2已得到响应
                1690时刻，设备2完成总线访问，请求已撤出
请求状态：设备3(1);设备2(0);设备1(0);设备0(0)
本次设备3将得到总线控制权
                1710时刻，设备3已得到响应
                1730时刻，设备3完成总线访问，请求已撤出
========进行仲裁测试（计数起始点3）========
======从终止点开始的循环模式======
共有3个设备提起请求
请求状态：设备3(1);设备2(1);设备1(0);设备0(1)
本次设备3将得到总线控制权
                1805时刻，设备3已得到响应
                1825时刻，设备3完成总线访问，请求已撤出
请求状态：设备3(0);设备2(1);设备1(0);设备0(1)
本次设备0将得到总线控制权
                1830时刻，设备0已得到响应
                1850时刻，设备0完成总线访问，请求已撤出
请求状态：设备3(0);设备2(1);设备1(0);设备0(0)
本次设备2将得到总线控制权
                1890时刻，设备2已得到响应
                1910时刻，设备2完成总线访问，请求已撤出
========进行仲裁测试（计数起始点2）========
======从终止点开始的循环模式======
共有3个设备提起请求
请求状态：设备3(1);设备2(1);设备1(1);设备0(0)
本次设备2将得到总线控制权
                1985时刻，设备2已得到响应
                2005时刻，设备2完成总线访问，请求已撤出
请求状态：设备3(1);设备2(0);设备1(1);设备0(0)
本次设备3将得到总线控制权
                2010时刻，设备3已得到响应
                2030时刻，设备3完成总线访问，请求已撤出
请求状态：设备3(0);设备2(0);设备1(1);设备0(0)
本次设备1将得到总线控制权
                2070时刻，设备1已得到响应
                2090时刻，设备1完成总线访问，请求已撤出
========进行仲裁测试（计数起始点0）========
======从终止点开始的循环模式======
共有4个设备提起请求
请求状态：设备3(1);设备2(1);设备1(1);设备0(1)
本次设备0将得到总线控制权
                2165时刻，设备0已得到响应
                2185时刻，设备0完成总线访问，请求已撤出
请求状态：设备3(1);设备2(1);设备1(1);设备0(0)
本次设备1将得到总线控制权
                2190时刻，设备1已得到响应
                2210时刻，设备1完成总线访问，请求已撤出
请求状态：设备3(1);设备2(1);设备1(0);设备0(0)
本次设备2将得到总线控制权
                2230时刻，设备2已得到响应
                2250时刻，设备2完成总线访问，请求已撤出
请求状态：设备3(1);设备2(0);设备1(0);设备0(0)
本次设备3将得到总线控制权
                2270时刻，设备3已得到响应
                2290时刻，设备3完成总线访问，请求已撤出
========进行仲裁测试（计数起始点0）========
======从计数起始点开始的循环模式======
共有0个设备提起请求
========进行仲裁测试（计数起始点0）========
======从计数起始点开始的循环模式======
共有1个设备提起请求
请求状态：设备3(0);设备2(0);设备1(0);设备0(1)
本次设备0将得到总线控制权
                2440时刻，设备0已得到响应
                2460时刻，设备0完成总线访问，请求已撤出
========进行仲裁测试（计数起始点0）========
======从计数起始点开始的循环模式======
共有1个设备提起请求
请求状态：设备3(0);设备2(0);设备1(1);设备0(0)
本次设备1将得到总线控制权
                2550时刻，设备1已得到响应
                2570时刻，设备1完成总线访问，请求已撤出
========进行仲裁测试（计数起始点0）========
======从计数起始点开始的循环模式======
共有2个设备提起请求
请求状态：设备3(0);设备2(0);设备1(1);设备0(1)
本次设备0将得到总线控制权
                2645时刻，设备0已得到响应
                2665时刻，设备0完成总线访问，请求已撤出
请求状态：设备3(0);设备2(0);设备1(1);设备0(0)
本次设备1将得到总线控制权
                2670时刻，设备1已得到响应
                2690时刻，设备1完成总线访问，请求已撤出
========进行仲裁测试（计数起始点0）========
======从计数起始点开始的循环模式======
共有1个设备提起请求
请求状态：设备3(0);设备2(1);设备1(0);设备0(0)
本次设备2将得到总线控制权
                2790时刻，设备2已得到响应
                2810时刻，设备2完成总线访问，请求已撤出
========进行仲裁测试（计数起始点1）========
======从计数起始点开始的循环模式======
共有2个设备提起请求
请求状态：设备3(0);设备2(1);设备1(0);设备0(1)
本次设备2将得到总线控制权
                2890时刻，设备2已得到响应
                2910时刻，设备2完成总线访问，请求已撤出
请求状态：设备3(0);设备2(0);设备1(0);设备0(1)
本次设备0将得到总线控制权
                2970时刻，设备0已得到响应
                2990时刻，设备0完成总线访问，请求已撤出
========进行仲裁测试（计数起始点0）========
======从计数起始点开始的循环模式======
共有2个设备提起请求
请求状态：设备3(0);设备2(1);设备1(1);设备0(0)
本次设备1将得到总线控制权
                3070时刻，设备1已得到响应
                3090时刻，设备1完成总线访问，请求已撤出
请求状态：设备3(0);设备2(1);设备1(0);设备0(0)
本次设备2将得到总线控制权
                3130时刻，设备2已得到响应
                3150时刻，设备2完成总线访问，请求已撤出
========进行仲裁测试（计数起始点0）========
======从计数起始点开始的循环模式======
共有3个设备提起请求
请求状态：设备3(0);设备2(1);设备1(1);设备0(1)
本次设备0将得到总线控制权
                3225时刻，设备0已得到响应
                3245时刻，设备0完成总线访问，请求已撤出
请求状态：设备3(0);设备2(1);设备1(1);设备0(0)
本次设备1将得到总线控制权
                3250时刻，设备1已得到响应
                3270时刻，设备1完成总线访问，请求已撤出
请求状态：设备3(0);设备2(1);设备1(0);设备0(0)
本次设备2将得到总线控制权
                3310时刻，设备2已得到响应
                3330时刻，设备2完成总线访问，请求已撤出
========进行仲裁测试（计数起始点1）========
======从计数起始点开始的循环模式======
共有1个设备提起请求
请求状态：设备3(1);设备2(0);设备1(0);设备0(0)
本次设备3将得到总线控制权
                3430时刻，设备3已得到响应
                3450时刻，设备3完成总线访问，请求已撤出
========进行仲裁测试（计数起始点1）========
======从计数起始点开始的循环模式======
共有2个设备提起请求
请求状态：设备3(1);设备2(0);设备1(0);设备0(1)
本次设备3将得到总线控制权
                3550时刻，设备3已得到响应
                3570时刻，设备3完成总线访问，请求已撤出
请求状态：设备3(0);设备2(0);设备1(0);设备0(1)
本次设备0将得到总线控制权
                3630时刻，设备0已得到响应
                3650时刻，设备0完成总线访问，请求已撤出
========进行仲裁测试（计数起始点1）========
======从计数起始点开始的循环模式======
共有2个设备提起请求
请求状态：设备3(1);设备2(0);设备1(1);设备0(0)
本次设备1将得到总线控制权
                3725时刻，设备1已得到响应
                3745时刻，设备1完成总线访问，请求已撤出
请求状态：设备3(1);设备2(0);设备1(0);设备0(0)
本次设备3将得到总线控制权
                3770时刻，设备3已得到响应
                3790时刻，设备3完成总线访问，请求已撤出
========进行仲裁测试（计数起始点2）========
======从计数起始点开始的循环模式======
共有3个设备提起请求
请求状态：设备3(1);设备2(0);设备1(1);设备0(1)
本次设备3将得到总线控制权
                3870时刻，设备3已得到响应
                3890时刻，设备3完成总线访问，请求已撤出
请求状态：设备3(0);设备2(0);设备1(1);设备0(1)
本次设备0将得到总线控制权
                3930时刻，设备0已得到响应
                3950时刻，设备0完成总线访问，请求已撤出
请求状态：设备3(0);设备2(0);设备1(1);设备0(0)
本次设备1将得到总线控制权
                4010时刻，设备1已得到响应
                4030时刻，设备1完成总线访问，请求已撤出
========进行仲裁测试（计数起始点1）========
======从计数起始点开始的循环模式======
共有2个设备提起请求
请求状态：设备3(1);设备2(1);设备1(0);设备0(0)
本次设备2将得到总线控制权
                4110时刻，设备2已得到响应
                4130时刻，设备2完成总线访问，请求已撤出
请求状态：设备3(1);设备2(0);设备1(0);设备0(0)
本次设备3将得到总线控制权
                4170时刻，设备3已得到响应
                4190时刻，设备3完成总线访问，请求已撤出
========进行仲裁测试（计数起始点3）========
======从计数起始点开始的循环模式======
共有3个设备提起请求
请求状态：设备3(1);设备2(1);设备1(0);设备0(1)
本次设备3将得到总线控制权
                4265时刻，设备3已得到响应
                4285时刻，设备3完成总线访问，请求已撤出
请求状态：设备3(0);设备2(1);设备1(0);设备0(1)
本次设备0将得到总线控制权
                4290时刻，设备0已得到响应
                4310时刻，设备0完成总线访问，请求已撤出
请求状态：设备3(0);设备2(1);设备1(0);设备0(0)
本次设备2将得到总线控制权
                4370时刻，设备2已得到响应
                4390时刻，设备2完成总线访问，请求已撤出
========进行仲裁测试（计数起始点2）========
======从计数起始点开始的循环模式======
共有3个设备提起请求
请求状态：设备3(1);设备2(1);设备1(1);设备0(0)
本次设备2将得到总线控制权
                4465时刻，设备2已得到响应
                4485时刻，设备2完成总线访问，请求已撤出
请求状态：设备3(1);设备2(0);设备1(1);设备0(0)
本次设备3将得到总线控制权
                4490时刻，设备3已得到响应
                4510时刻，设备3完成总线访问，请求已撤出
请求状态：设备3(0);设备2(0);设备1(1);设备0(0)
本次设备1将得到总线控制权
                4570时刻，设备1已得到响应
                4590时刻，设备1完成总线访问，请求已撤出
========进行仲裁测试（计数起始点0）========
======从计数起始点开始的循环模式======
共有4个设备提起请求
请求状态：设备3(1);设备2(1);设备1(1);设备0(1)
本次设备0将得到总线控制权
                4665时刻，设备0已得到响应
                4685时刻，设备0完成总线访问，请求已撤出
请求状态：设备3(1);设备2(1);设备1(1);设备0(0)
本次设备1将得到总线控制权
                4690时刻，设备1已得到响应
                4710时刻，设备1完成总线访问，请求已撤出
请求状态：设备3(1);设备2(1);设备1(0);设备0(0)
本次设备2将得到总线控制权
                4750时刻，设备2已得到响应
                4770时刻，设备2完成总线访问，请求已撤出
请求状态：设备3(1);设备2(0);设备1(0);设备0(0)
本次设备3将得到总线控制权
                4830时刻，设备3已得到响应
                4850时刻，设备3完成总线访问，请求已撤出
测试完成
relaunch_sim
INFO: [Vivado 12-5682] Launching behavioral simulation in 'C:/Users/fay/Downloads/Lab2_Handouts_0406_2/Lab2_Handouts_0406_2/Lab_BusControl_B/Lab_BusControl_B.sim/sim_1/behav/xsim'
INFO: [SIM-utils-51] Simulation object is 'sim_1'
INFO: [SIM-utils-54] Inspecting design source files for 'topsim_counter' in fileset 'sim_1'...
INFO: [USF-XSim-97] Finding global include files...
INFO: [USF-XSim-98] Fetching design files from 'sim_1'...
INFO: [USF-XSim-2] XSim::Compile design
INFO: [USF-XSim-61] Executing 'COMPILE and ANALYZE' step in 'C:/Users/fay/Downloads/Lab2_Handouts_0406_2/Lab2_Handouts_0406_2/Lab_BusControl_B/Lab_BusControl_B.sim/sim_1/behav/xsim'
"xvlog --incr --relax -prj topsim_counter_vlog.prj"
INFO: [VRFC 10-2263] Analyzing Verilog file "C:/Users/fay/Downloads/Lab2_Handouts_0406_2/Lab2_Handouts_0406_2/Lab_BusControl_B/Lab_BusControl_B.srcs/sources_1/new/controller_counter.v" into library xil_defaultlib
INFO: [VRFC 10-311] analyzing module controller_counter
INFO: [VRFC 10-2263] Analyzing Verilog file "C:/Users/fay/Downloads/Lab2_Handouts_0406_2/Lab2_Handouts_0406_2/Lab_BusControl_B/Lab_BusControl_B.srcs/sources_1/new/io_interface_counter.v" into library xil_defaultlib
INFO: [VRFC 10-311] analyzing module io_interface_counter
INFO: [VRFC 10-2263] Analyzing Verilog file "C:/Users/fay/Downloads/Lab2_Handouts_0406_2/Lab2_Handouts_0406_2/Lab_BusControl_B/Lab_BusControl_B.srcs/sources_1/new/top_counter.v" into library xil_defaultlib
INFO: [VRFC 10-311] analyzing module top_counter
INFO: [VRFC 10-2458] undeclared symbol BR, assumed default net type wire [C:/Users/fay/Downloads/Lab2_Handouts_0406_2/Lab2_Handouts_0406_2/Lab_BusControl_B/Lab_BusControl_B.srcs/sources_1/new/top_counter.v:20]
INFO: [VRFC 10-2458] undeclared symbol BS, assumed default net type wire [C:/Users/fay/Downloads/Lab2_Handouts_0406_2/Lab2_Handouts_0406_2/Lab_BusControl_B/Lab_BusControl_B.srcs/sources_1/new/top_counter.v:21]
INFO: [VRFC 10-2263] Analyzing Verilog file "C:/Users/fay/Downloads/Lab2_Handouts_0406_2/Lab2_Handouts_0406_2/Lab_BusControl_B/Lab_BusControl_B.srcs/sim_1/new/topsim_counter.v" into library xil_defaultlib
INFO: [VRFC 10-311] analyzing module topsim_counter
INFO: [USF-XSim-69] 'compile' step finished in '1' seconds
INFO: [Vivado 12-5682] Launching behavioral simulation in 'C:/Users/fay/Downloads/Lab2_Handouts_0406_2/Lab2_Handouts_0406_2/Lab_BusControl_B/Lab_BusControl_B.sim/sim_1/behav/xsim'
INFO: [USF-XSim-3] XSim::Elaborate design
INFO: [USF-XSim-61] Executing 'ELABORATE' step in 'C:/Users/fay/Downloads/Lab2_Handouts_0406_2/Lab2_Handouts_0406_2/Lab_BusControl_B/Lab_BusControl_B.sim/sim_1/behav/xsim'
Vivado Simulator 2018.3
Copyright 1986-1999, 2001-2018 Xilinx, Inc. All Rights Reserved.
Running: C:/Xilinx/Vivado/2018.3/bin/unwrapped/win64.o/xelab.exe -wto 077462f9e3c64b55b01dc39f86d9343e --incr --debug typical --relax --mt 2 -L xil_defaultlib -L unisims_ver -L unimacro_ver -L secureip --snapshot topsim_counter_behav xil_defaultlib.topsim_counter xil_defaultlib.glbl -log elaborate.log 
Using 2 slave threads.
Starting static elaboration
Completed static elaboration
Starting simulation data flow analysis
Completed simulation data flow analysis
Time Resolution for simulation is 1ps
Compiling module xil_defaultlib.controller_counter
Compiling module xil_defaultlib.io_interface_counter
Compiling module xil_defaultlib.top_counter
Compiling module xil_defaultlib.topsim_counter
WARNING: [XSIM 43-3373] "C:/Users/fay/Downloads/Lab2_Handouts_0406_2/Lab2_Handouts_0406_2/Lab_BusControl_B/Lab_BusControl_B.srcs/sim_1/new/topsim_counter.v" Line 46. System function $fscanf is used as system task. This system function should have a LHS e.g. x=$fscanf().
WARNING: [XSIM 43-3373] "C:/Users/fay/Downloads/Lab2_Handouts_0406_2/Lab2_Handouts_0406_2/Lab_BusControl_B/Lab_BusControl_B.srcs/sim_1/new/topsim_counter.v" Line 47. System function $fscanf is used as system task. This system function should have a LHS e.g. x=$fscanf().
WARNING: [XSIM 43-3373] "C:/Users/fay/Downloads/Lab2_Handouts_0406_2/Lab2_Handouts_0406_2/Lab_BusControl_B/Lab_BusControl_B.srcs/sim_1/new/topsim_counter.v" Line 48. System function $fscanf is used as system task. This system function should have a LHS e.g. x=$fscanf().
WARNING: [XSIM 43-3373] "C:/Users/fay/Downloads/Lab2_Handouts_0406_2/Lab2_Handouts_0406_2/Lab_BusControl_B/Lab_BusControl_B.srcs/sim_1/new/topsim_counter.v" Line 65. System function $fscanf is used as system task. This system function should have a LHS e.g. x=$fscanf().
Compiling module xil_defaultlib.glbl
Built simulation snapshot topsim_counter_behav
INFO: [USF-XSim-69] 'elaborate' step finished in '1' seconds
Vivado Simulator 2018.3
Time resolution is 1 ps
========进行仲裁测试（计数起始点0）========
======从终止点开始的循环模式======
共有0个设备提起请求
========进行仲裁测试（计数起始点0）========
======从终止点开始的循环模式======
共有1个设备提起请求
请求状态：设备3(0);设备2(0);设备1(0);设备0(1)
本次设备0将得到总线控制权
                 175时刻，设备0已得到响应
                 195时刻，设备0完成总线访问，请求已撤出
========进行仲裁测试（计数起始点0）========
======从终止点开始的循环模式======
共有1个设备提起请求
请求状态：设备3(0);设备2(0);设备1(1);设备0(0)
本次设备1将得到总线控制权
                 270时刻，设备1已得到响应
                 290时刻，设备1完成总线访问，请求已撤出
========进行仲裁测试（计数起始点0）========
======从终止点开始的循环模式======
共有2个设备提起请求
请求状态：设备3(0);设备2(0);设备1(1);设备0(1)
本次设备0将得到总线控制权
                 365时刻，设备0已得到响应
                 385时刻，设备0完成总线访问，请求已撤出
请求状态：设备3(0);设备2(0);设备1(1);设备0(0)
本次设备1将得到总线控制权
                 390时刻，设备1已得到响应
                 410时刻，设备1完成总线访问，请求已撤出
========进行仲裁测试（计数起始点0）========
======从终止点开始的循环模式======
共有1个设备提起请求
请求状态：设备3(0);设备2(1);设备1(0);设备0(0)
本次设备2将得到总线控制权
                 510时刻，设备2已得到响应
                 530时刻，设备2完成总线访问，请求已撤出
========进行仲裁测试（计数起始点1）========
======从终止点开始的循环模式======
共有2个设备提起请求
请求状态：设备3(0);设备2(1);设备1(0);设备0(1)
本次设备2将得到总线控制权
                 610时刻，设备2已得到响应
                 630时刻，设备2完成总线访问，请求已撤出
请求状态：设备3(0);设备2(0);设备1(0);设备0(1)
本次设备0将得到总线控制权
                 670时刻，设备0已得到响应
                 690时刻，设备0完成总线访问，请求已撤出
========进行仲裁测试（计数起始点0）========
======从终止点开始的循环模式======
共有2个设备提起请求
请求状态：设备3(0);设备2(1);设备1(1);设备0(0)
本次设备1将得到总线控制权
                 770时刻，设备1已得到响应
                 790时刻，设备1完成总线访问，请求已撤出
请求状态：设备3(0);设备2(1);设备1(0);设备0(0)
本次设备2将得到总线控制权
                 810时刻，设备2已得到响应
                 830时刻，设备2完成总线访问，请求已撤出
========进行仲裁测试（计数起始点0）========
======从终止点开始的循环模式======
共有3个设备提起请求
请求状态：设备3(0);设备2(1);设备1(1);设备0(1)
本次设备0将得到总线控制权
                 905时刻，设备0已得到响应
                 925时刻，设备0完成总线访问，请求已撤出
请求状态：设备3(0);设备2(1);设备1(1);设备0(0)
本次设备1将得到总线控制权
                 930时刻，设备1已得到响应
                 950时刻，设备1完成总线访问，请求已撤出
请求状态：设备3(0);设备2(1);设备1(0);设备0(0)
本次设备2将得到总线控制权
                 970时刻，设备2已得到响应
                 990时刻，设备2完成总线访问，请求已撤出
run 10us
========进行仲裁测试（计数起始点1）========
======从终止点开始的循环模式======
共有1个设备提起请求
请求状态：设备3(1);设备2(0);设备1(0);设备0(0)
本次设备3将得到总线控制权
                1090时刻，设备3已得到响应
                1110时刻，设备3完成总线访问，请求已撤出
========进行仲裁测试（计数起始点1）========
======从终止点开始的循环模式======
共有2个设备提起请求
请求状态：设备3(1);设备2(0);设备1(0);设备0(1)
本次设备3将得到总线控制权
                1210时刻，设备3已得到响应
                1230时刻，设备3完成总线访问，请求已撤出
请求状态：设备3(0);设备2(0);设备1(0);设备0(1)
本次设备0将得到总线控制权
                1250时刻，设备0已得到响应
                1270时刻，设备0完成总线访问，请求已撤出
========进行仲裁测试（计数起始点1）========
======从终止点开始的循环模式======
共有2个设备提起请求
请求状态：设备3(1);设备2(0);设备1(1);设备0(0)
本次设备1将得到总线控制权
                1345时刻，设备1已得到响应
                1365时刻，设备1完成总线访问，请求已撤出
请求状态：设备3(1);设备2(0);设备1(0);设备0(0)
本次设备3将得到总线控制权
                1390时刻，设备3已得到响应
                1410时刻，设备3完成总线访问，请求已撤出
========进行仲裁测试（计数起始点2）========
======从终止点开始的循环模式======
共有3个设备提起请求
请求状态：设备3(1);设备2(0);设备1(1);设备0(1)
本次设备3将得到总线控制权
                1490时刻，设备3已得到响应
                1510时刻，设备3完成总线访问，请求已撤出
请求状态：设备3(0);设备2(0);设备1(1);设备0(1)
本次设备0将得到总线控制权
                1530时刻，设备0已得到响应
                1550时刻，设备0完成总线访问，请求已撤出
请求状态：设备3(0);设备2(0);设备1(1);设备0(0)
本次设备1将得到总线控制权
                1570时刻，设备1已得到响应
                1590时刻，设备1完成总线访问，请求已撤出
========进行仲裁测试（计数起始点1）========
======从终止点开始的循环模式======
共有2个设备提起请求
请求状态：设备3(1);设备2(1);设备1(0);设备0(0)
本次设备2将得到总线控制权
                1670时刻，设备2已得到响应
                1690时刻，设备2完成总线访问，请求已撤出
请求状态：设备3(1);设备2(0);设备1(0);设备0(0)
本次设备3将得到总线控制权
                1710时刻，设备3已得到响应
                1730时刻，设备3完成总线访问，请求已撤出
========进行仲裁测试（计数起始点3）========
======从终止点开始的循环模式======
共有3个设备提起请求
请求状态：设备3(1);设备2(1);设备1(0);设备0(1)
本次设备3将得到总线控制权
                1805时刻，设备3已得到响应
                1825时刻，设备3完成总线访问，请求已撤出
请求状态：设备3(0);设备2(1);设备1(0);设备0(1)
本次设备0将得到总线控制权
                1830时刻，设备0已得到响应
                1850时刻，设备0完成总线访问，请求已撤出
请求状态：设备3(0);设备2(1);设备1(0);设备0(0)
本次设备2将得到总线控制权
                1890时刻，设备2已得到响应
                1910时刻，设备2完成总线访问，请求已撤出
========进行仲裁测试（计数起始点2）========
======从终止点开始的循环模式======
共有3个设备提起请求
请求状态：设备3(1);设备2(1);设备1(1);设备0(0)
本次设备2将得到总线控制权
                1985时刻，设备2已得到响应
                2005时刻，设备2完成总线访问，请求已撤出
请求状态：设备3(1);设备2(0);设备1(1);设备0(0)
本次设备3将得到总线控制权
                2010时刻，设备3已得到响应
                2030时刻，设备3完成总线访问，请求已撤出
请求状态：设备3(0);设备2(0);设备1(1);设备0(0)
本次设备1将得到总线控制权
                2070时刻，设备1已得到响应
                2090时刻，设备1完成总线访问，请求已撤出
========进行仲裁测试（计数起始点0）========
======从终止点开始的循环模式======
共有4个设备提起请求
请求状态：设备3(1);设备2(1);设备1(1);设备0(1)
本次设备0将得到总线控制权
                2165时刻，设备0已得到响应
                2185时刻，设备0完成总线访问，请求已撤出
请求状态：设备3(1);设备2(1);设备1(1);设备0(0)
本次设备1将得到总线控制权
                2190时刻，设备1已得到响应
                2210时刻，设备1完成总线访问，请求已撤出
请求状态：设备3(1);设备2(1);设备1(0);设备0(0)
本次设备2将得到总线控制权
                2230时刻，设备2已得到响应
                2250时刻，设备2完成总线访问，请求已撤出
请求状态：设备3(1);设备2(0);设备1(0);设备0(0)
本次设备3将得到总线控制权
                2270时刻，设备3已得到响应
                2290时刻，设备3完成总线访问，请求已撤出
========进行仲裁测试（计数起始点0）========
======从计数起始点开始的循环模式======
共有0个设备提起请求
========进行仲裁测试（计数起始点0）========
======从计数起始点开始的循环模式======
共有1个设备提起请求
请求状态：设备3(0);设备2(0);设备1(0);设备0(1)
本次设备0将得到总线控制权
                2440时刻，设备0已得到响应
                2460时刻，设备0完成总线访问，请求已撤出
========进行仲裁测试（计数起始点0）========
======从计数起始点开始的循环模式======
共有1个设备提起请求
请求状态：设备3(0);设备2(0);设备1(1);设备0(0)
本次设备1将得到总线控制权
                2550时刻，设备1已得到响应
                2570时刻，设备1完成总线访问，请求已撤出
========进行仲裁测试（计数起始点0）========
======从计数起始点开始的循环模式======
共有2个设备提起请求
请求状态：设备3(0);设备2(0);设备1(1);设备0(1)
本次设备0将得到总线控制权
                2645时刻，设备0已得到响应
                2665时刻，设备0完成总线访问，请求已撤出
请求状态：设备3(0);设备2(0);设备1(1);设备0(0)
本次设备1将得到总线控制权
                2670时刻，设备1已得到响应
                2690时刻，设备1完成总线访问，请求已撤出
========进行仲裁测试（计数起始点0）========
======从计数起始点开始的循环模式======
共有1个设备提起请求
请求状态：设备3(0);设备2(1);设备1(0);设备0(0)
本次设备2将得到总线控制权
                2790时刻，设备2已得到响应
                2810时刻，设备2完成总线访问，请求已撤出
========进行仲裁测试（计数起始点1）========
======从计数起始点开始的循环模式======
共有2个设备提起请求
请求状态：设备3(0);设备2(1);设备1(0);设备0(1)
本次设备2将得到总线控制权
                2890时刻，设备2已得到响应
                2910时刻，设备2完成总线访问，请求已撤出
请求状态：设备3(0);设备2(0);设备1(0);设备0(1)
本次设备0将得到总线控制权
                2970时刻，设备0已得到响应
                2990时刻，设备0完成总线访问，请求已撤出
========进行仲裁测试（计数起始点0）========
======从计数起始点开始的循环模式======
共有2个设备提起请求
请求状态：设备3(0);设备2(1);设备1(1);设备0(0)
本次设备1将得到总线控制权
                3070时刻，设备1已得到响应
                3090时刻，设备1完成总线访问，请求已撤出
请求状态：设备3(0);设备2(1);设备1(0);设备0(0)
本次设备2将得到总线控制权
                3130时刻，设备2已得到响应
                3150时刻，设备2完成总线访问，请求已撤出
========进行仲裁测试（计数起始点0）========
======从计数起始点开始的循环模式======
共有3个设备提起请求
请求状态：设备3(0);设备2(1);设备1(1);设备0(1)
本次设备0将得到总线控制权
                3225时刻，设备0已得到响应
                3245时刻，设备0完成总线访问，请求已撤出
请求状态：设备3(0);设备2(1);设备1(1);设备0(0)
本次设备1将得到总线控制权
                3250时刻，设备1已得到响应
                3270时刻，设备1完成总线访问，请求已撤出
请求状态：设备3(0);设备2(1);设备1(0);设备0(0)
本次设备2将得到总线控制权
                3310时刻，设备2已得到响应
                3330时刻，设备2完成总线访问，请求已撤出
========进行仲裁测试（计数起始点1）========
======从计数起始点开始的循环模式======
共有1个设备提起请求
请求状态：设备3(1);设备2(0);设备1(0);设备0(0)
本次设备3将得到总线控制权
                3430时刻，设备3已得到响应
                3450时刻，设备3完成总线访问，请求已撤出
========进行仲裁测试（计数起始点1）========
======从计数起始点开始的循环模式======
共有2个设备提起请求
请求状态：设备3(1);设备2(0);设备1(0);设备0(1)
本次设备3将得到总线控制权
                3550时刻，设备3已得到响应
                3570时刻，设备3完成总线访问，请求已撤出
请求状态：设备3(0);设备2(0);设备1(0);设备0(1)
本次设备0将得到总线控制权
                3630时刻，设备0已得到响应
                3650时刻，设备0完成总线访问，请求已撤出
========进行仲裁测试（计数起始点1）========
======从计数起始点开始的循环模式======
共有2个设备提起请求
请求状态：设备3(1);设备2(0);设备1(1);设备0(0)
本次设备1将得到总线控制权
                3725时刻，设备1已得到响应
                3745时刻，设备1完成总线访问，请求已撤出
请求状态：设备3(1);设备2(0);设备1(0);设备0(0)
本次设备3将得到总线控制权
                3770时刻，设备3已得到响应
                3790时刻，设备3完成总线访问，请求已撤出
========进行仲裁测试（计数起始点2）========
======从计数起始点开始的循环模式======
共有3个设备提起请求
请求状态：设备3(1);设备2(0);设备1(1);设备0(1)
本次设备3将得到总线控制权
                3870时刻，设备3已得到响应
                3890时刻，设备3完成总线访问，请求已撤出
请求状态：设备3(0);设备2(0);设备1(1);设备0(1)
本次设备0将得到总线控制权
                3930时刻，设备0已得到响应
                3950时刻，设备0完成总线访问，请求已撤出
请求状态：设备3(0);设备2(0);设备1(1);设备0(0)
本次设备1将得到总线控制权
                4010时刻，设备1已得到响应
                4030时刻，设备1完成总线访问，请求已撤出
========进行仲裁测试（计数起始点1）========
======从计数起始点开始的循环模式======
共有2个设备提起请求
请求状态：设备3(1);设备2(1);设备1(0);设备0(0)
本次设备2将得到总线控制权
                4110时刻，设备2已得到响应
                4130时刻，设备2完成总线访问，请求已撤出
请求状态：设备3(1);设备2(0);设备1(0);设备0(0)
本次设备3将得到总线控制权
                4170时刻，设备3已得到响应
                4190时刻，设备3完成总线访问，请求已撤出
========进行仲裁测试（计数起始点3）========
======从计数起始点开始的循环模式======
共有3个设备提起请求
请求状态：设备3(1);设备2(1);设备1(0);设备0(1)
本次设备3将得到总线控制权
                4265时刻，设备3已得到响应
                4285时刻，设备3完成总线访问，请求已撤出
请求状态：设备3(0);设备2(1);设备1(0);设备0(1)
本次设备0将得到总线控制权
                4290时刻，设备0已得到响应
                4310时刻，设备0完成总线访问，请求已撤出
请求状态：设备3(0);设备2(1);设备1(0);设备0(0)
本次设备2将得到总线控制权
                4370时刻，设备2已得到响应
                4390时刻，设备2完成总线访问，请求已撤出
========进行仲裁测试（计数起始点2）========
======从计数起始点开始的循环模式======
共有3个设备提起请求
请求状态：设备3(1);设备2(1);设备1(1);设备0(0)
本次设备2将得到总线控制权
                4465时刻，设备2已得到响应
                4485时刻，设备2完成总线访问，请求已撤出
请求状态：设备3(1);设备2(0);设备1(1);设备0(0)
本次设备3将得到总线控制权
                4490时刻，设备3已得到响应
                4510时刻，设备3完成总线访问，请求已撤出
请求状态：设备3(0);设备2(0);设备1(1);设备0(0)
本次设备1将得到总线控制权
                4570时刻，设备1已得到响应
                4590时刻，设备1完成总线访问，请求已撤出
========进行仲裁测试（计数起始点0）========
======从计数起始点开始的循环模式======
共有4个设备提起请求
请求状态：设备3(1);设备2(1);设备1(1);设备0(1)
本次设备0将得到总线控制权
                4665时刻，设备0已得到响应
                4685时刻，设备0完成总线访问，请求已撤出
请求状态：设备3(1);设备2(1);设备1(1);设备0(0)
本次设备1将得到总线控制权
                4690时刻，设备1已得到响应
                4710时刻，设备1完成总线访问，请求已撤出
请求状态：设备3(1);设备2(1);设备1(0);设备0(0)
本次设备2将得到总线控制权
                4750时刻，设备2已得到响应
                4770时刻，设备2完成总线访问，请求已撤出
请求状态：设备3(1);设备2(0);设备1(0);设备0(0)
本次设备3将得到总线控制权
                4830时刻，设备3已得到响应
                4850时刻，设备3完成总线访问，请求已撤出
测试完成
close_sim
INFO: [Simtcl 6-16] Simulation closed
exit
INFO: [Common 17-206] Exiting Vivado at Wed Apr  8 22:52:12 2020...
