#-----------------------------------------------------------
# Vivado v2018.3 (64-bit)
# SW Build 2405991 on Thu Dec  6 23:38:27 MST 2018
# IP Build 2404404 on Fri Dec  7 01:43:56 MST 2018
# Start of session at: Wed May  6 08:27:01 2020
# Process ID: 3528
# Current directory: C:/Users/fay/Documents/GitHub/Computer-Organization-experiment/Lab4_Handouts_20200504_161045/Lab4_Controller
# Command line: vivado.exe -gui_launcher_event rodinguilauncherevent21884 C:\Users\fay\Documents\GitHub\Computer-Organization-experiment\Lab4_Handouts_20200504_161045\Lab4_Controller\Lab4_Controller.xpr
# Log file: C:/Users/fay/Documents/GitHub/Computer-Organization-experiment/Lab4_Handouts_20200504_161045/Lab4_Controller/vivado.log
# Journal file: C:/Users/fay/Documents/GitHub/Computer-Organization-experiment/Lab4_Handouts_20200504_161045/Lab4_Controller\vivado.jou
#-----------------------------------------------------------
start_gui
open_project C:/Users/fay/Documents/GitHub/Computer-Organization-experiment/Lab4_Handouts_20200504_161045/Lab4_Controller/Lab4_Controller.xpr
INFO: [ProjectBase 1-489] The host OS only allows 260 characters in a normal path. The project is stored in a path with more than 80 characters. If you experience issues with IP, Block Designs, or files not being found, please consider moving the project to a location with a shorter path. Alternately consider using the OS subst command to map part of the path to a drive letter.
Current project path is 'C:/Users/fay/Documents/GitHub/Computer-Organization-experiment/Lab4_Handouts_20200504_161045/Lab4_Controller'
Scanning sources...
Finished scanning sources
INFO: [IP_Flow 19-234] Refreshing IP repositories
INFO: [IP_Flow 19-1704] No user IP repositories specified
INFO: [IP_Flow 19-2313] Loaded Vivado IP repository 'C:/Xilinx/Vivado/2018.3/data/ip'.
open_project: Time (s): cpu = 00:00:11 ; elapsed = 00:00:06 . Memory (MB): peak = 700.203 ; gain = 81.836
update_compile_order -fileset sources_1
launch_simulation
INFO: [Vivado 12-5682] Launching behavioral simulation in 'C:/Users/fay/Documents/GitHub/Computer-Organization-experiment/Lab4_Handouts_20200504_161045/Lab4_Controller/Lab4_Controller.sim/sim_1/behav/xsim'
INFO: [SIM-utils-51] Simulation object is 'sim_1'
INFO: [SIM-utils-54] Inspecting design source files for 'all_sim' in fileset 'sim_1'...
INFO: [USF-XSim-97] Finding global include files...
INFO: [USF-XSim-98] Fetching design files from 'sim_1'...
INFO: [USF-XSim-2] XSim::Compile design
INFO: [USF-XSim-61] Executing 'COMPILE and ANALYZE' step in 'C:/Users/fay/Documents/GitHub/Computer-Organization-experiment/Lab4_Handouts_20200504_161045/Lab4_Controller/Lab4_Controller.sim/sim_1/behav/xsim'
"xvlog --incr --relax -prj all_sim_vlog.prj"
INFO: [VRFC 10-2263] Analyzing Verilog file "C:/Users/fay/Documents/GitHub/Computer-Organization-experiment/Lab4_Handouts_20200504_161045/Lab4_Controller/Lab4_Controller.srcs/sources_1/new/ALU.v" into library xil_defaultlib
INFO: [VRFC 10-311] analyzing module ALU
INFO: [VRFC 10-2263] Analyzing Verilog file "C:/Users/fay/Documents/GitHub/Computer-Organization-experiment/Lab4_Handouts_20200504_161045/Lab4_Controller/Lab4_Controller.srcs/sources_1/new/Control_Unit.v" into library xil_defaultlib
INFO: [VRFC 10-311] analyzing module Control_Unit
INFO: [VRFC 10-2263] Analyzing Verilog file "C:/Users/fay/Documents/GitHub/Computer-Organization-experiment/Lab4_Handouts_20200504_161045/Lab4_Controller/Lab4_Controller.srcs/sources_1/new/DataPath.v" into library xil_defaultlib
INFO: [VRFC 10-311] analyzing module DataPath
INFO: [VRFC 10-2263] Analyzing Verilog file "C:/Users/fay/Documents/GitHub/Computer-Organization-experiment/Lab4_Handouts_20200504_161045/Lab4_Controller/Lab4_Controller.srcs/sources_1/new/Regs.v" into library xil_defaultlib
INFO: [VRFC 10-311] analyzing module Regs
INFO: [VRFC 10-2263] Analyzing Verilog file "C:/Users/fay/Documents/GitHub/Computer-Organization-experiment/Lab4_Handouts_20200504_161045/Lab4_Controller/Lab4_Controller.srcs/sources_1/new/mem_wrap.v" into library xil_defaultlib
INFO: [VRFC 10-311] analyzing module mem_wrap
INFO: [VRFC 10-2263] Analyzing Verilog file "C:/Users/fay/Documents/GitHub/Computer-Organization-experiment/Lab4_Handouts_20200504_161045/Lab4_Controller/Lab4_Controller.srcs/sources_1/new/top.v" into library xil_defaultlib
INFO: [VRFC 10-311] analyzing module top
INFO: [VRFC 10-2263] Analyzing Verilog file "C:/Users/fay/Documents/GitHub/Computer-Organization-experiment/Lab4_Handouts_20200504_161045/Lab4_Controller/Lab4_Controller.srcs/sim_1/new/all_sim.v" into library xil_defaultlib
INFO: [VRFC 10-311] analyzing module all_sim
INFO: [USF-XSim-69] 'compile' step finished in '2' seconds
INFO: [USF-XSim-3] XSim::Elaborate design
INFO: [USF-XSim-61] Executing 'ELABORATE' step in 'C:/Users/fay/Documents/GitHub/Computer-Organization-experiment/Lab4_Handouts_20200504_161045/Lab4_Controller/Lab4_Controller.sim/sim_1/behav/xsim'
Vivado Simulator 2018.3
Copyright 1986-1999, 2001-2018 Xilinx, Inc. All Rights Reserved.
Running: C:/Xilinx/Vivado/2018.3/bin/unwrapped/win64.o/xelab.exe -wto 5d482cd56d87422b98c35799262c4d54 --incr --debug typical --relax --mt 2 -L xil_defaultlib -L unisims_ver -L unimacro_ver -L secureip --snapshot all_sim_behav xil_defaultlib.all_sim xil_defaultlib.glbl -log elaborate.log 
Using 2 slave threads.
Starting static elaboration
Completed static elaboration
Starting simulation data flow analysis
Completed simulation data flow analysis
Time Resolution for simulation is 1ps
Compiling module xil_defaultlib.Control_Unit
Compiling module xil_defaultlib.Regs
Compiling module xil_defaultlib.mem_wrap
Compiling module xil_defaultlib.ALU
Compiling module xil_defaultlib.DataPath
Compiling module xil_defaultlib.top
Compiling module xil_defaultlib.all_sim
Compiling module xil_defaultlib.glbl
Built simulation snapshot all_sim_behav
INFO: [USF-XSim-69] 'elaborate' step finished in '2' seconds
INFO: [USF-XSim-4] XSim::Simulate design
INFO: [USF-XSim-61] Executing 'SIMULATE' step in 'C:/Users/fay/Documents/GitHub/Computer-Organization-experiment/Lab4_Handouts_20200504_161045/Lab4_Controller/Lab4_Controller.sim/sim_1/behav/xsim'
INFO: [USF-XSim-98] *** Running xsim
   with args "all_sim_behav -key {Behavioral:sim_1:Functional:all_sim} -tclbatch {all_sim.tcl} -log {simulate.log}"
INFO: [USF-XSim-8] Loading simulator feature
Vivado Simulator 2018.3
Time resolution is 1 ps
source all_sim.tcl
# set curr_wave [current_wave_config]
# if { [string length $curr_wave] == 0 } {
#   if { [llength [get_objects]] > 0} {
#     add_wave /
#     set_property needs_save false [current_wave_config]
#   } else {
#      send_msg_id Add_Wave-1 WARNING "No top level signals found. Simulator will start without a wave window. If you want to open a wave window go to 'File->New Waveform Configuration' or type 'create_wave_config' in the TCL console."
#   }
# }
# run 1000ns
PC: 00000000 
 IR: 00000000 
 MAR: 00000000 
 MDR: 00000000 
 ACC: 00000000 
 SP: 00000000 
 R: 00000000 
 Bus: zzzzzzzz

PC: 00000001 
 IR: 00000000 
 MAR: 00000000 
 MDR: 00100000 
 ACC: 00000000 
 SP: 00000000 
 R: 00000000 
 Bus: 00100000

PC: 00000001 
 IR: 00100000 
 MAR: 00000000 
 MDR: 00100000 
 ACC: 00000000 
 SP: 00000000 
 R: 00000000 
 Bus: zzzzzzzz

PC: 00000001 
 IR: 00100000 
 MAR: 00000000 
 MDR: 00100000 
 ACC: 00000000 
 SP: 00000000 
 R: 00000000 
 Bus: 00000001

PC: 00000001 
 IR: 00100000 
 MAR: 00000001 
 MDR: 00100000 
 ACC: 00000000 
 SP: 00000000 
 R: 00000000 
 Bus: zzzzzzzz

PC: 00000010 
 IR: 00100000 
 MAR: 00000001 
 MDR: 00100011 
 ACC: 00000000 
 SP: 00000000 
 R: 00000000 
 Bus: 00100011

PC: 00000010 
 IR: 00100000 
 MAR: 00100011 
 MDR: 00100011 
 ACC: 00000000 
 SP: 00000000 
 R: 00000000 
 Bus: zzzzzzzz

PC: 00000010 
 IR: 00100000 
 MAR: 00100011 
 MDR: 00000100 
 ACC: 00000000 
 SP: 00000000 
 R: 00000000 
 Bus: 00000100

PC: 00000010 
 IR: 00100000 
 MAR: 00100011 
 MDR: 00000100 
 ACC: 00000100 
 SP: 00000000 
 R: 00000000 
 Bus: 00000010

PC: 00000010 
 IR: 00100000 
 MAR: 00000010 
 MDR: 00000100 
 ACC: 00000100 
 SP: 00000000 
 R: 00000000 
 Bus: zzzzzzzz

PC: 00000011 
 IR: 00100000 
 MAR: 00000010 
 MDR: 01000000 
 ACC: 00000100 
 SP: 00000000 
 R: 00000000 
 Bus: 01000000

PC: 00000011 
 IR: 01000000 
 MAR: 00000010 
 MDR: 01000000 
 ACC: 00000100 
 SP: 00000000 
 R: 00000000 
 Bus: zzzzzzzz

PC: 00000011 
 IR: 01000000 
 MAR: 00000010 
 MDR: 01000000 
 ACC: 00000100 
 SP: 00000000 
 R: 00000000 
 Bus: 00000100

PC: 00000011 
 IR: 01000000 
 MAR: 00000010 
 MDR: 01000000 
 ACC: 00000100 
 SP: 00000000 
 R: 00000100 
 Bus: 00000011

PC: 00000011 
 IR: 01000000 
 MAR: 00000011 
 MDR: 01000000 
 ACC: 00000100 
 SP: 00000000 
 R: 00000100 
 Bus: zzzzzzzz

PC: 00000100 
 IR: 01000000 
 MAR: 00000011 
 MDR: 00100000 
 ACC: 00000100 
 SP: 00000000 
 R: 00000100 
 Bus: 00100000

PC: 00000100 
 IR: 00100000 
 MAR: 00000011 
 MDR: 00100000 
 ACC: 00000100 
 SP: 00000000 
 R: 00000100 
 Bus: zzzzzzzz

PC: 00000100 
 IR: 00100000 
 MAR: 00000011 
 MDR: 00100000 
 ACC: 00000100 
 SP: 00000000 
 R: 00000100 
 Bus: 00000100

PC: 00000100 
 IR: 00100000 
 MAR: 00000100 
 MDR: 00100000 
 ACC: 00000100 
 SP: 00000000 
 R: 00000100 
 Bus: zzzzzzzz

PC: 00000101 
 IR: 00100000 
 MAR: 00000100 
 MDR: 00100100 
 ACC: 00000100 
 SP: 00000000 
 R: 00000100 
 Bus: 00100100

PC: 00000101 
 IR: 00100000 
 MAR: 00100100 
 MDR: 00100100 
 ACC: 00000100 
 SP: 00000000 
 R: 00000100 
 Bus: zzzzzzzz

PC: 00000101 
 IR: 00100000 
 MAR: 00100100 
 MDR: 00000000 
 ACC: 00000100 
 SP: 00000000 
 R: 00000100 
 Bus: 00000000

PC: 00000101 
 IR: 00100000 
 MAR: 00100100 
 MDR: 00000000 
 ACC: 00000000 
 SP: 00000000 
 R: 00000100 
 Bus: 00000101

PC: 00000101 
 IR: 00100000 
 MAR: 00000101 
 MDR: 00000000 
 ACC: 00000000 
 SP: 00000000 
 R: 00000100 
 Bus: zzzzzzzz

PC: 00000110 
 IR: 00100000 
 MAR: 00000101 
 MDR: 01010000 
 ACC: 00000000 
 SP: 00000000 
 R: 00000100 
 Bus: 01010000

PC: 00000110 
 IR: 01010000 
 MAR: 00000101 
 MDR: 01010000 
 ACC: 00000000 
 SP: 00000000 
 R: 00000100 
 Bus: zzzzzzzz

PC: 00000110 
 IR: 01010000 
 MAR: 00000101 
 MDR: 01010000 
 ACC: 00000000 
 SP: 00000000 
 R: 00000100 
 Bus: 00000100

PC: 00000110 
 IR: 01010000 
 MAR: 00000101 
 MDR: 01010000 
 ACC: 00000100 
 SP: 00000000 
 R: 00000100 
 Bus: 00000110

PC: 00000110 
 IR: 01010000 
 MAR: 00000110 
 MDR: 01010000 
 ACC: 00000100 
 SP: 00000000 
 R: 00000100 
 Bus: zzzzzzzz

PC: 00000111 
 IR: 01010000 
 MAR: 00000110 
 MDR: 00110000 
 ACC: 00000100 
 SP: 00000000 
 R: 00000100 
 Bus: 00110000

PC: 00000111 
 IR: 00110000 
 MAR: 00000110 
 MDR: 00110000 
 ACC: 00000100 
 SP: 00000000 
 R: 00000100 
 Bus: zzzzzzzz

PC: 00000111 
 IR: 00110000 
 MAR: 00000110 
 MDR: 00110000 
 ACC: 00000100 
 SP: 00000000 
 R: 00000100 
 Bus: 00000111

PC: 00000111 
 IR: 00110000 
 MAR: 00000111 
 MDR: 00110000 
 ACC: 00000100 
 SP: 00000000 
 R: 00000100 
 Bus: zzzzzzzz

PC: 00001000 
 IR: 00110000 
 MAR: 00000111 
 MDR: 00100100 
 ACC: 00000100 
 SP: 00000000 
 R: 00000100 
 Bus: 00100100

PC: 00001000 
 IR: 00110000 
 MAR: 00100100 
 MDR: 00100100 
 ACC: 00000100 
 SP: 00000000 
 R: 00000100 
 Bus: 00000100

PC: 00001000 
 IR: 00110000 
 MAR: 00100100 
 MDR: 00000100 
 ACC: 00000100 
 SP: 00000000 
 R: 00000100 
 Bus: 00001000

PC: 00001000 
 IR: 00110000 
 MAR: 00001000 
 MDR: 00000100 
 ACC: 00000100 
 SP: 00000000 
 R: 00000100 
 Bus: zzzzzzzz

PC: 00001001 
 IR: 00110000 
 MAR: 00001000 
 MDR: 00100000 
 ACC: 00000100 
 SP: 00000000 
 R: 00000100 
 Bus: 00100000

PC: 00001001 
 IR: 00100000 
 MAR: 00001000 
 MDR: 00100000 
 ACC: 00000100 
 SP: 00000000 
 R: 00000100 
 Bus: zzzzzzzz

PC: 00001001 
 IR: 00100000 
 MAR: 00001000 
 MDR: 00100000 
 ACC: 00000100 
 SP: 00000000 
 R: 00000100 
 Bus: 00001001

PC: 00001001 
 IR: 00100000 
 MAR: 00001001 
 MDR: 00100000 
 ACC: 00000100 
 SP: 00000000 
 R: 00000100 
 Bus: zzzzzzzz

PC: 00001010 
 IR: 00100000 
 MAR: 00001001 
 MDR: 00100011 
 ACC: 00000100 
 SP: 00000000 
 R: 00000100 
 Bus: 00100011

PC: 00001010 
 IR: 00100000 
 MAR: 00100011 
 MDR: 00100011 
 ACC: 00000100 
 SP: 00000000 
 R: 00000100 
 Bus: zzzzzzzz

PC: 00001010 
 IR: 00100000 
 MAR: 00100011 
 MDR: 00000100 
 ACC: 00000100 
 SP: 00000000 
 R: 00000100 
 Bus: 00000100

PC: 00001010 
 IR: 00100000 
 MAR: 00100011 
 MDR: 00000100 
 ACC: 00000100 
 SP: 00000000 
 R: 00000100 
 Bus: 00001010

INFO: [USF-XSim-96] XSim completed. Design snapshot 'all_sim_behav' loaded.
INFO: [USF-XSim-97] XSim simulation ran for 1000ns
launch_simulation: Time (s): cpu = 00:00:06 ; elapsed = 00:00:08 . Memory (MB): peak = 752.051 ; gain = 13.828
set_property top sum_sim [get_filesets sim_1]
set_property top_lib xil_defaultlib [get_filesets sim_1]
launch_simulation
INFO: [Vivado 12-5682] Launching behavioral simulation in 'C:/Users/fay/Documents/GitHub/Computer-Organization-experiment/Lab4_Handouts_20200504_161045/Lab4_Controller/Lab4_Controller.sim/sim_1/behav/xsim'
INFO: [SIM-utils-51] Simulation object is 'sim_1'
INFO: [SIM-utils-54] Inspecting design source files for 'sum_sim' in fileset 'sim_1'...
INFO: [USF-XSim-97] Finding global include files...
INFO: [USF-XSim-98] Fetching design files from 'sim_1'...
INFO: [USF-XSim-2] XSim::Compile design
INFO: [USF-XSim-61] Executing 'COMPILE and ANALYZE' step in 'C:/Users/fay/Documents/GitHub/Computer-Organization-experiment/Lab4_Handouts_20200504_161045/Lab4_Controller/Lab4_Controller.sim/sim_1/behav/xsim'
"xvlog --incr --relax -prj sum_sim_vlog.prj"
INFO: [USF-XSim-69] 'compile' step finished in '1' seconds
INFO: [USF-XSim-3] XSim::Elaborate design
INFO: [USF-XSim-61] Executing 'ELABORATE' step in 'C:/Users/fay/Documents/GitHub/Computer-Organization-experiment/Lab4_Handouts_20200504_161045/Lab4_Controller/Lab4_Controller.sim/sim_1/behav/xsim'
Vivado Simulator 2018.3
Copyright 1986-1999, 2001-2018 Xilinx, Inc. All Rights Reserved.
Running: C:/Xilinx/Vivado/2018.3/bin/unwrapped/win64.o/xelab.exe -wto 5d482cd56d87422b98c35799262c4d54 --incr --debug typical --relax --mt 2 -L xil_defaultlib -L unisims_ver -L unimacro_ver -L secureip --snapshot sum_sim_behav xil_defaultlib.sum_sim xil_defaultlib.glbl -log elaborate.log 
Using 2 slave threads.
Starting static elaboration
Completed static elaboration
Starting simulation data flow analysis
Completed simulation data flow analysis
Time Resolution for simulation is 1ps
Compiling module xil_defaultlib.Control_Unit
Compiling module xil_defaultlib.Regs
Compiling module xil_defaultlib.mem_wrap
Compiling module xil_defaultlib.ALU
Compiling module xil_defaultlib.DataPath
Compiling module xil_defaultlib.top
Compiling module xil_defaultlib.sum_sim
Compiling module xil_defaultlib.glbl
Built simulation snapshot sum_sim_behav
INFO: [USF-XSim-69] 'elaborate' step finished in '2' seconds
INFO: [USF-XSim-4] XSim::Simulate design
INFO: [USF-XSim-61] Executing 'SIMULATE' step in 'C:/Users/fay/Documents/GitHub/Computer-Organization-experiment/Lab4_Handouts_20200504_161045/Lab4_Controller/Lab4_Controller.sim/sim_1/behav/xsim'
INFO: [USF-XSim-98] *** Running xsim
   with args "sum_sim_behav -key {Behavioral:sim_1:Functional:sum_sim} -tclbatch {sum_sim.tcl} -log {simulate.log}"
INFO: [USF-XSim-8] Loading simulator feature
Vivado Simulator 2018.3
Time resolution is 1 ps
source sum_sim.tcl
# set curr_wave [current_wave_config]
# if { [string length $curr_wave] == 0 } {
#   if { [llength [get_objects]] > 0} {
#     add_wave /
#     set_property needs_save false [current_wave_config]
#   } else {
#      send_msg_id Add_Wave-1 WARNING "No top level signals found. Simulator will start without a wave window. If you want to open a wave window go to 'File->New Waveform Configuration' or type 'create_wave_config' in the TCL console."
#   }
# }
# run 1000ns
PC: 00000000 
 IR: 00000000 
 MAR: 00000000 
 MDR: 00000000 
 ACC: 00000000 
 SP: 00000000 
 R: 00000000 
 Bus: zzzzzzzz

PC: 00000001 
 IR: 00000000 
 MAR: 00000000 
 MDR: 00100000 
 ACC: 00000000 
 SP: 00000000 
 R: 00000000 
 Bus: 00100000

PC: 00000001 
 IR: 00100000 
 MAR: 00000000 
 MDR: 00100000 
 ACC: 00000000 
 SP: 00000000 
 R: 00000000 
 Bus: zzzzzzzz

PC: 00000001 
 IR: 00100000 
 MAR: 00000000 
 MDR: 00100000 
 ACC: 00000000 
 SP: 00000000 
 R: 00000000 
 Bus: 00000001

PC: 00000001 
 IR: 00100000 
 MAR: 00000001 
 MDR: 00100000 
 ACC: 00000000 
 SP: 00000000 
 R: 00000000 
 Bus: zzzzzzzz

PC: 00000010 
 IR: 00100000 
 MAR: 00000001 
 MDR: 00100011 
 ACC: 00000000 
 SP: 00000000 
 R: 00000000 
 Bus: 00100011

PC: 00000010 
 IR: 00100000 
 MAR: 00100011 
 MDR: 00100011 
 ACC: 00000000 
 SP: 00000000 
 R: 00000000 
 Bus: zzzzzzzz

PC: 00000010 
 IR: 00100000 
 MAR: 00100011 
 MDR: 00000100 
 ACC: 00000000 
 SP: 00000000 
 R: 00000000 
 Bus: 00000100

PC: 00000010 
 IR: 00100000 
 MAR: 00100011 
 MDR: 00000100 
 ACC: 00000100 
 SP: 00000000 
 R: 00000000 
 Bus: 00000010

PC: 00000010 
 IR: 00100000 
 MAR: 00000010 
 MDR: 00000100 
 ACC: 00000100 
 SP: 00000000 
 R: 00000000 
 Bus: zzzzzzzz

PC: 00000011 
 IR: 00100000 
 MAR: 00000010 
 MDR: 01000000 
 ACC: 00000100 
 SP: 00000000 
 R: 00000000 
 Bus: 01000000

PC: 00000011 
 IR: 01000000 
 MAR: 00000010 
 MDR: 01000000 
 ACC: 00000100 
 SP: 00000000 
 R: 00000000 
 Bus: zzzzzzzz

PC: 00000011 
 IR: 01000000 
 MAR: 00000010 
 MDR: 01000000 
 ACC: 00000100 
 SP: 00000000 
 R: 00000000 
 Bus: 00000100

PC: 00000011 
 IR: 01000000 
 MAR: 00000010 
 MDR: 01000000 
 ACC: 00000100 
 SP: 00000000 
 R: 00000100 
 Bus: 00000011

PC: 00000011 
 IR: 01000000 
 MAR: 00000011 
 MDR: 01000000 
 ACC: 00000100 
 SP: 00000000 
 R: 00000100 
 Bus: zzzzzzzz

PC: 00000100 
 IR: 01000000 
 MAR: 00000011 
 MDR: 00100000 
 ACC: 00000100 
 SP: 00000000 
 R: 00000100 
 Bus: 00100000

PC: 00000100 
 IR: 00100000 
 MAR: 00000011 
 MDR: 00100000 
 ACC: 00000100 
 SP: 00000000 
 R: 00000100 
 Bus: zzzzzzzz

PC: 00000100 
 IR: 00100000 
 MAR: 00000011 
 MDR: 00100000 
 ACC: 00000100 
 SP: 00000000 
 R: 00000100 
 Bus: 00000100

PC: 00000100 
 IR: 00100000 
 MAR: 00000100 
 MDR: 00100000 
 ACC: 00000100 
 SP: 00000000 
 R: 00000100 
 Bus: zzzzzzzz

PC: 00000101 
 IR: 00100000 
 MAR: 00000100 
 MDR: 00100100 
 ACC: 00000100 
 SP: 00000000 
 R: 00000100 
 Bus: 00100100

PC: 00000101 
 IR: 00100000 
 MAR: 00100100 
 MDR: 00100100 
 ACC: 00000100 
 SP: 00000000 
 R: 00000100 
 Bus: zzzzzzzz

PC: 00000101 
 IR: 00100000 
 MAR: 00100100 
 MDR: 00000000 
 ACC: 00000100 
 SP: 00000000 
 R: 00000100 
 Bus: 00000000

PC: 00000101 
 IR: 00100000 
 MAR: 00100100 
 MDR: 00000000 
 ACC: 00000000 
 SP: 00000000 
 R: 00000100 
 Bus: 00000101

PC: 00000101 
 IR: 00100000 
 MAR: 00000101 
 MDR: 00000000 
 ACC: 00000000 
 SP: 00000000 
 R: 00000100 
 Bus: zzzzzzzz

PC: 00000110 
 IR: 00100000 
 MAR: 00000101 
 MDR: 01010000 
 ACC: 00000000 
 SP: 00000000 
 R: 00000100 
 Bus: 01010000

PC: 00000110 
 IR: 01010000 
 MAR: 00000101 
 MDR: 01010000 
 ACC: 00000000 
 SP: 00000000 
 R: 00000100 
 Bus: zzzzzzzz

PC: 00000110 
 IR: 01010000 
 MAR: 00000101 
 MDR: 01010000 
 ACC: 00000000 
 SP: 00000000 
 R: 00000100 
 Bus: 00000100

PC: 00000110 
 IR: 01010000 
 MAR: 00000101 
 MDR: 01010000 
 ACC: 00000100 
 SP: 00000000 
 R: 00000100 
 Bus: 00000110

PC: 00000110 
 IR: 01010000 
 MAR: 00000110 
 MDR: 01010000 
 ACC: 00000100 
 SP: 00000000 
 R: 00000100 
 Bus: zzzzzzzz

PC: 00000111 
 IR: 01010000 
 MAR: 00000110 
 MDR: 00110000 
 ACC: 00000100 
 SP: 00000000 
 R: 00000100 
 Bus: 00110000

PC: 00000111 
 IR: 00110000 
 MAR: 00000110 
 MDR: 00110000 
 ACC: 00000100 
 SP: 00000000 
 R: 00000100 
 Bus: zzzzzzzz

PC: 00000111 
 IR: 00110000 
 MAR: 00000110 
 MDR: 00110000 
 ACC: 00000100 
 SP: 00000000 
 R: 00000100 
 Bus: 00000111

PC: 00000111 
 IR: 00110000 
 MAR: 00000111 
 MDR: 00110000 
 ACC: 00000100 
 SP: 00000000 
 R: 00000100 
 Bus: zzzzzzzz

PC: 00001000 
 IR: 00110000 
 MAR: 00000111 
 MDR: 00100100 
 ACC: 00000100 
 SP: 00000000 
 R: 00000100 
 Bus: 00100100

PC: 00001000 
 IR: 00110000 
 MAR: 00100100 
 MDR: 00100100 
 ACC: 00000100 
 SP: 00000000 
 R: 00000100 
 Bus: 00000100

PC: 00001000 
 IR: 00110000 
 MAR: 00100100 
 MDR: 00000100 
 ACC: 00000100 
 SP: 00000000 
 R: 00000100 
 Bus: 00001000

PC: 00001000 
 IR: 00110000 
 MAR: 00001000 
 MDR: 00000100 
 ACC: 00000100 
 SP: 00000000 
 R: 00000100 
 Bus: zzzzzzzz

PC: 00001001 
 IR: 00110000 
 MAR: 00001000 
 MDR: 00100000 
 ACC: 00000100 
 SP: 00000000 
 R: 00000100 
 Bus: 00100000

PC: 00001001 
 IR: 00100000 
 MAR: 00001000 
 MDR: 00100000 
 ACC: 00000100 
 SP: 00000000 
 R: 00000100 
 Bus: zzzzzzzz

PC: 00001001 
 IR: 00100000 
 MAR: 00001000 
 MDR: 00100000 
 ACC: 00000100 
 SP: 00000000 
 R: 00000100 
 Bus: 00001001

PC: 00001001 
 IR: 00100000 
 MAR: 00001001 
 MDR: 00100000 
 ACC: 00000100 
 SP: 00000000 
 R: 00000100 
 Bus: zzzzzzzz

PC: 00001010 
 IR: 00100000 
 MAR: 00001001 
 MDR: 00100011 
 ACC: 00000100 
 SP: 00000000 
 R: 00000100 
 Bus: 00100011

PC: 00001010 
 IR: 00100000 
 MAR: 00100011 
 MDR: 00100011 
 ACC: 00000100 
 SP: 00000000 
 R: 00000100 
 Bus: zzzzzzzz

PC: 00001010 
 IR: 00100000 
 MAR: 00100011 
 MDR: 00000100 
 ACC: 00000100 
 SP: 00000000 
 R: 00000100 
 Bus: 00000100

PC: 00001010 
 IR: 00100000 
 MAR: 00100011 
 MDR: 00000100 
 ACC: 00000100 
 SP: 00000000 
 R: 00000100 
 Bus: 00001010

INFO: [USF-XSim-96] XSim completed. Design snapshot 'sum_sim_behav' loaded.
INFO: [USF-XSim-97] XSim simulation ran for 1000ns
update_compile_order -fileset sim_1
run 1ms
PC: 00001010 
 IR: 00100000 
 MAR: 00001010 
 MDR: 00000100 
 ACC: 00000100 
 SP: 00000000 
 R: 00000100 
 Bus: zzzzzzzz

PC: 00001011 
 IR: 00100000 
 MAR: 00001010 
 MDR: 10100000 
 ACC: 00000100 
 SP: 00000000 
 R: 00000100 
 Bus: 10100000

PC: 00001011 
 IR: 10100000 
 MAR: 00001010 
 MDR: 10100000 
 ACC: 00000100 
 SP: 00000000 
 R: 00000100 
 Bus: zzzzzzzz

PC: 00001011 
 IR: 10100000 
 MAR: 00001010 
 MDR: 10100000 
 ACC: 00000100 
 SP: 00000000 
 R: 00000100 
 Bus: 00001011

PC: 00001011 
 IR: 10100000 
 MAR: 00001011 
 MDR: 10100000 
 ACC: 00000100 
 SP: 00000000 
 R: 00000100 
 Bus: zzzzzzzz

PC: 00001100 
 IR: 10100000 
 MAR: 00001011 
 MDR: 11111111 
 ACC: 00000100 
 SP: 00000000 
 R: 00000100 
 Bus: 11111111

PC: 00001100 
 IR: 10100000 
 MAR: 00001011 
 MDR: 11111111 
 ACC: 00000100 
 SP: 00000000 
 R: 11111111 
 Bus: 00001100

PC: 00001100 
 IR: 10100000 
 MAR: 00001100 
 MDR: 11111111 
 ACC: 00000100 
 SP: 00000000 
 R: 11111111 
 Bus: zzzzzzzz

PC: 00001101 
 IR: 10100000 
 MAR: 00001100 
 MDR: 01010000 
 ACC: 00000100 
 SP: 00000000 
 R: 11111111 
 Bus: 01010000

PC: 00001101 
 IR: 01010000 
 MAR: 00001100 
 MDR: 01010000 
 ACC: 00000100 
 SP: 00000000 
 R: 11111111 
 Bus: zzzzzzzz

PC: 00001101 
 IR: 01010000 
 MAR: 00001100 
 MDR: 01010000 
 ACC: 00000100 
 SP: 00000000 
 R: 11111111 
 Bus: 11111111

PC: 00001101 
 IR: 01010000 
 MAR: 00001100 
 MDR: 01010000 
 ACC: 00000011 
 SP: 00000000 
 R: 11111111 
 Bus: 00001101

PC: 00001101 
 IR: 01010000 
 MAR: 00001101 
 MDR: 01010000 
 ACC: 00000011 
 SP: 00000000 
 R: 11111111 
 Bus: zzzzzzzz

PC: 00001110 
 IR: 01010000 
 MAR: 00001101 
 MDR: 00110000 
 ACC: 00000011 
 SP: 00000000 
 R: 11111111 
 Bus: 00110000

PC: 00001110 
 IR: 00110000 
 MAR: 00001101 
 MDR: 00110000 
 ACC: 00000011 
 SP: 00000000 
 R: 11111111 
 Bus: zzzzzzzz

PC: 00001110 
 IR: 00110000 
 MAR: 00001101 
 MDR: 00110000 
 ACC: 00000011 
 SP: 00000000 
 R: 11111111 
 Bus: 00001110

PC: 00001110 
 IR: 00110000 
 MAR: 00001110 
 MDR: 00110000 
 ACC: 00000011 
 SP: 00000000 
 R: 11111111 
 Bus: zzzzzzzz

PC: 00001111 
 IR: 00110000 
 MAR: 00001110 
 MDR: 00100011 
 ACC: 00000011 
 SP: 00000000 
 R: 11111111 
 Bus: 00100011

PC: 00001111 
 IR: 00110000 
 MAR: 00100011 
 MDR: 00100011 
 ACC: 00000011 
 SP: 00000000 
 R: 11111111 
 Bus: 00000011

PC: 00001111 
 IR: 00110000 
 MAR: 00100011 
 MDR: 00000011 
 ACC: 00000011 
 SP: 00000000 
 R: 11111111 
 Bus: 00001111

PC: 00001111 
 IR: 00110000 
 MAR: 00001111 
 MDR: 00000011 
 ACC: 00000011 
 SP: 00000000 
 R: 11111111 
 Bus: zzzzzzzz

PC: 00010000 
 IR: 00110000 
 MAR: 00001111 
 MDR: 10010000 
 ACC: 00000011 
 SP: 00000000 
 R: 11111111 
 Bus: 10010000

PC: 00010000 
 IR: 10010000 
 MAR: 00001111 
 MDR: 10010000 
 ACC: 00000011 
 SP: 00000000 
 R: 11111111 
 Bus: zzzzzzzz

PC: 00010000 
 IR: 10010000 
 MAR: 00001111 
 MDR: 10010000 
 ACC: 00000011 
 SP: 00000000 
 R: 11111111 
 Bus: 00010000

PC: 00010000 
 IR: 10010000 
 MAR: 00010000 
 MDR: 10010000 
 ACC: 00000011 
 SP: 00000000 
 R: 11111111 
 Bus: zzzzzzzz

PC: 00010001 
 IR: 10010000 
 MAR: 00010000 
 MDR: 00000000 
 ACC: 00000011 
 SP: 00000000 
 R: 11111111 
 Bus: 00000000

PC: 00000000 
 IR: 10010000 
 MAR: 00010000 
 MDR: 00000000 
 ACC: 00000011 
 SP: 00000000 
 R: 11111111 
 Bus: 00000000

PC: 00000000 
 IR: 10010000 
 MAR: 00000000 
 MDR: 00000000 
 ACC: 00000011 
 SP: 00000000 
 R: 11111111 
 Bus: zzzzzzzz

PC: 00000001 
 IR: 10010000 
 MAR: 00000000 
 MDR: 00100000 
 ACC: 00000011 
 SP: 00000000 
 R: 11111111 
 Bus: 00100000

PC: 00000001 
 IR: 00100000 
 MAR: 00000000 
 MDR: 00100000 
 ACC: 00000011 
 SP: 00000000 
 R: 11111111 
 Bus: zzzzzzzz

PC: 00000001 
 IR: 00100000 
 MAR: 00000000 
 MDR: 00100000 
 ACC: 00000011 
 SP: 00000000 
 R: 11111111 
 Bus: 00000001

PC: 00000001 
 IR: 00100000 
 MAR: 00000001 
 MDR: 00100000 
 ACC: 00000011 
 SP: 00000000 
 R: 11111111 
 Bus: zzzzzzzz

PC: 00000010 
 IR: 00100000 
 MAR: 00000001 
 MDR: 00100011 
 ACC: 00000011 
 SP: 00000000 
 R: 11111111 
 Bus: 00100011

PC: 00000010 
 IR: 00100000 
 MAR: 00100011 
 MDR: 00100011 
 ACC: 00000011 
 SP: 00000000 
 R: 11111111 
 Bus: zzzzzzzz

PC: 00000010 
 IR: 00100000 
 MAR: 00100011 
 MDR: 00000011 
 ACC: 00000011 
 SP: 00000000 
 R: 11111111 
 Bus: 00000011

PC: 00000010 
 IR: 00100000 
 MAR: 00100011 
 MDR: 00000011 
 ACC: 00000011 
 SP: 00000000 
 R: 11111111 
 Bus: 00000010

PC: 00000010 
 IR: 00100000 
 MAR: 00000010 
 MDR: 00000011 
 ACC: 00000011 
 SP: 00000000 
 R: 11111111 
 Bus: zzzzzzzz

PC: 00000011 
 IR: 00100000 
 MAR: 00000010 
 MDR: 01000000 
 ACC: 00000011 
 SP: 00000000 
 R: 11111111 
 Bus: 01000000

PC: 00000011 
 IR: 01000000 
 MAR: 00000010 
 MDR: 01000000 
 ACC: 00000011 
 SP: 00000000 
 R: 11111111 
 Bus: zzzzzzzz

PC: 00000011 
 IR: 01000000 
 MAR: 00000010 
 MDR: 01000000 
 ACC: 00000011 
 SP: 00000000 
 R: 11111111 
 Bus: 00000011

PC: 00000011 
 IR: 01000000 
 MAR: 00000010 
 MDR: 01000000 
 ACC: 00000011 
 SP: 00000000 
 R: 00000011 
 Bus: 00000011

PC: 00000011 
 IR: 01000000 
 MAR: 00000011 
 MDR: 01000000 
 ACC: 00000011 
 SP: 00000000 
 R: 00000011 
 Bus: zzzzzzzz

PC: 00000100 
 IR: 01000000 
 MAR: 00000011 
 MDR: 00100000 
 ACC: 00000011 
 SP: 00000000 
 R: 00000011 
 Bus: 00100000

PC: 00000100 
 IR: 00100000 
 MAR: 00000011 
 MDR: 00100000 
 ACC: 00000011 
 SP: 00000000 
 R: 00000011 
 Bus: zzzzzzzz

PC: 00000100 
 IR: 00100000 
 MAR: 00000011 
 MDR: 00100000 
 ACC: 00000011 
 SP: 00000000 
 R: 00000011 
 Bus: 00000100

PC: 00000100 
 IR: 00100000 
 MAR: 00000100 
 MDR: 00100000 
 ACC: 00000011 
 SP: 00000000 
 R: 00000011 
 Bus: zzzzzzzz

PC: 00000101 
 IR: 00100000 
 MAR: 00000100 
 MDR: 00100100 
 ACC: 00000011 
 SP: 00000000 
 R: 00000011 
 Bus: 00100100

PC: 00000101 
 IR: 00100000 
 MAR: 00100100 
 MDR: 00100100 
 ACC: 00000011 
 SP: 00000000 
 R: 00000011 
 Bus: zzzzzzzz

PC: 00000101 
 IR: 00100000 
 MAR: 00100100 
 MDR: 00000100 
 ACC: 00000011 
 SP: 00000000 
 R: 00000011 
 Bus: 00000100

PC: 00000101 
 IR: 00100000 
 MAR: 00100100 
 MDR: 00000100 
 ACC: 00000100 
 SP: 00000000 
 R: 00000011 
 Bus: 00000101

PC: 00000101 
 IR: 00100000 
 MAR: 00000101 
 MDR: 00000100 
 ACC: 00000100 
 SP: 00000000 
 R: 00000011 
 Bus: zzzzzzzz

PC: 00000110 
 IR: 00100000 
 MAR: 00000101 
 MDR: 01010000 
 ACC: 00000100 
 SP: 00000000 
 R: 00000011 
 Bus: 01010000

PC: 00000110 
 IR: 01010000 
 MAR: 00000101 
 MDR: 01010000 
 ACC: 00000100 
 SP: 00000000 
 R: 00000011 
 Bus: zzzzzzzz

PC: 00000110 
 IR: 01010000 
 MAR: 00000101 
 MDR: 01010000 
 ACC: 00000100 
 SP: 00000000 
 R: 00000011 
 Bus: 00000011

PC: 00000110 
 IR: 01010000 
 MAR: 00000101 
 MDR: 01010000 
 ACC: 00000111 
 SP: 00000000 
 R: 00000011 
 Bus: 00000110

PC: 00000110 
 IR: 01010000 
 MAR: 00000110 
 MDR: 01010000 
 ACC: 00000111 
 SP: 00000000 
 R: 00000011 
 Bus: zzzzzzzz

PC: 00000111 
 IR: 01010000 
 MAR: 00000110 
 MDR: 00110000 
 ACC: 00000111 
 SP: 00000000 
 R: 00000011 
 Bus: 00110000

PC: 00000111 
 IR: 00110000 
 MAR: 00000110 
 MDR: 00110000 
 ACC: 00000111 
 SP: 00000000 
 R: 00000011 
 Bus: zzzzzzzz

PC: 00000111 
 IR: 00110000 
 MAR: 00000110 
 MDR: 00110000 
 ACC: 00000111 
 SP: 00000000 
 R: 00000011 
 Bus: 00000111

PC: 00000111 
 IR: 00110000 
 MAR: 00000111 
 MDR: 00110000 
 ACC: 00000111 
 SP: 00000000 
 R: 00000011 
 Bus: zzzzzzzz

PC: 00001000 
 IR: 00110000 
 MAR: 00000111 
 MDR: 00100100 
 ACC: 00000111 
 SP: 00000000 
 R: 00000011 
 Bus: 00100100

PC: 00001000 
 IR: 00110000 
 MAR: 00100100 
 MDR: 00100100 
 ACC: 00000111 
 SP: 00000000 
 R: 00000011 
 Bus: 00000111

PC: 00001000 
 IR: 00110000 
 MAR: 00100100 
 MDR: 00000111 
 ACC: 00000111 
 SP: 00000000 
 R: 00000011 
 Bus: 00001000

PC: 00001000 
 IR: 00110000 
 MAR: 00001000 
 MDR: 00000111 
 ACC: 00000111 
 SP: 00000000 
 R: 00000011 
 Bus: zzzzzzzz

PC: 00001001 
 IR: 00110000 
 MAR: 00001000 
 MDR: 00100000 
 ACC: 00000111 
 SP: 00000000 
 R: 00000011 
 Bus: 00100000

PC: 00001001 
 IR: 00100000 
 MAR: 00001000 
 MDR: 00100000 
 ACC: 00000111 
 SP: 00000000 
 R: 00000011 
 Bus: zzzzzzzz

PC: 00001001 
 IR: 00100000 
 MAR: 00001000 
 MDR: 00100000 
 ACC: 00000111 
 SP: 00000000 
 R: 00000011 
 Bus: 00001001

PC: 00001001 
 IR: 00100000 
 MAR: 00001001 
 MDR: 00100000 
 ACC: 00000111 
 SP: 00000000 
 R: 00000011 
 Bus: zzzzzzzz

PC: 00001010 
 IR: 00100000 
 MAR: 00001001 
 MDR: 00100011 
 ACC: 00000111 
 SP: 00000000 
 R: 00000011 
 Bus: 00100011

PC: 00001010 
 IR: 00100000 
 MAR: 00100011 
 MDR: 00100011 
 ACC: 00000111 
 SP: 00000000 
 R: 00000011 
 Bus: zzzzzzzz

PC: 00001010 
 IR: 00100000 
 MAR: 00100011 
 MDR: 00000011 
 ACC: 00000111 
 SP: 00000000 
 R: 00000011 
 Bus: 00000011

PC: 00001010 
 IR: 00100000 
 MAR: 00100011 
 MDR: 00000011 
 ACC: 00000011 
 SP: 00000000 
 R: 00000011 
 Bus: 00001010

PC: 00001010 
 IR: 00100000 
 MAR: 00001010 
 MDR: 00000011 
 ACC: 00000011 
 SP: 00000000 
 R: 00000011 
 Bus: zzzzzzzz

PC: 00001011 
 IR: 00100000 
 MAR: 00001010 
 MDR: 10100000 
 ACC: 00000011 
 SP: 00000000 
 R: 00000011 
 Bus: 10100000

PC: 00001011 
 IR: 10100000 
 MAR: 00001010 
 MDR: 10100000 
 ACC: 00000011 
 SP: 00000000 
 R: 00000011 
 Bus: zzzzzzzz

PC: 00001011 
 IR: 10100000 
 MAR: 00001010 
 MDR: 10100000 
 ACC: 00000011 
 SP: 00000000 
 R: 00000011 
 Bus: 00001011

PC: 00001011 
 IR: 10100000 
 MAR: 00001011 
 MDR: 10100000 
 ACC: 00000011 
 SP: 00000000 
 R: 00000011 
 Bus: zzzzzzzz

PC: 00001100 
 IR: 10100000 
 MAR: 00001011 
 MDR: 11111111 
 ACC: 00000011 
 SP: 00000000 
 R: 00000011 
 Bus: 11111111

PC: 00001100 
 IR: 10100000 
 MAR: 00001011 
 MDR: 11111111 
 ACC: 00000011 
 SP: 00000000 
 R: 11111111 
 Bus: 00001100

PC: 00001100 
 IR: 10100000 
 MAR: 00001100 
 MDR: 11111111 
 ACC: 00000011 
 SP: 00000000 
 R: 11111111 
 Bus: zzzzzzzz

PC: 00001101 
 IR: 10100000 
 MAR: 00001100 
 MDR: 01010000 
 ACC: 00000011 
 SP: 00000000 
 R: 11111111 
 Bus: 01010000

PC: 00001101 
 IR: 01010000 
 MAR: 00001100 
 MDR: 01010000 
 ACC: 00000011 
 SP: 00000000 
 R: 11111111 
 Bus: zzzzzzzz

PC: 00001101 
 IR: 01010000 
 MAR: 00001100 
 MDR: 01010000 
 ACC: 00000011 
 SP: 00000000 
 R: 11111111 
 Bus: 11111111

PC: 00001101 
 IR: 01010000 
 MAR: 00001100 
 MDR: 01010000 
 ACC: 00000010 
 SP: 00000000 
 R: 11111111 
 Bus: 00001101

PC: 00001101 
 IR: 01010000 
 MAR: 00001101 
 MDR: 01010000 
 ACC: 00000010 
 SP: 00000000 
 R: 11111111 
 Bus: zzzzzzzz

PC: 00001110 
 IR: 01010000 
 MAR: 00001101 
 MDR: 00110000 
 ACC: 00000010 
 SP: 00000000 
 R: 11111111 
 Bus: 00110000

PC: 00001110 
 IR: 00110000 
 MAR: 00001101 
 MDR: 00110000 
 ACC: 00000010 
 SP: 00000000 
 R: 11111111 
 Bus: zzzzzzzz

PC: 00001110 
 IR: 00110000 
 MAR: 00001101 
 MDR: 00110000 
 ACC: 00000010 
 SP: 00000000 
 R: 11111111 
 Bus: 00001110

PC: 00001110 
 IR: 00110000 
 MAR: 00001110 
 MDR: 00110000 
 ACC: 00000010 
 SP: 00000000 
 R: 11111111 
 Bus: zzzzzzzz

PC: 00001111 
 IR: 00110000 
 MAR: 00001110 
 MDR: 00100011 
 ACC: 00000010 
 SP: 00000000 
 R: 11111111 
 Bus: 00100011

PC: 00001111 
 IR: 00110000 
 MAR: 00100011 
 MDR: 00100011 
 ACC: 00000010 
 SP: 00000000 
 R: 11111111 
 Bus: 00000010

PC: 00001111 
 IR: 00110000 
 MAR: 00100011 
 MDR: 00000010 
 ACC: 00000010 
 SP: 00000000 
 R: 11111111 
 Bus: 00001111

PC: 00001111 
 IR: 00110000 
 MAR: 00001111 
 MDR: 00000010 
 ACC: 00000010 
 SP: 00000000 
 R: 11111111 
 Bus: zzzzzzzz

PC: 00010000 
 IR: 00110000 
 MAR: 00001111 
 MDR: 10010000 
 ACC: 00000010 
 SP: 00000000 
 R: 11111111 
 Bus: 10010000

PC: 00010000 
 IR: 10010000 
 MAR: 00001111 
 MDR: 10010000 
 ACC: 00000010 
 SP: 00000000 
 R: 11111111 
 Bus: zzzzzzzz

PC: 00010000 
 IR: 10010000 
 MAR: 00001111 
 MDR: 10010000 
 ACC: 00000010 
 SP: 00000000 
 R: 11111111 
 Bus: 00010000

PC: 00010000 
 IR: 10010000 
 MAR: 00010000 
 MDR: 10010000 
 ACC: 00000010 
 SP: 00000000 
 R: 11111111 
 Bus: zzzzzzzz

PC: 00010001 
 IR: 10010000 
 MAR: 00010000 
 MDR: 00000000 
 ACC: 00000010 
 SP: 00000000 
 R: 11111111 
 Bus: 00000000

PC: 00000000 
 IR: 10010000 
 MAR: 00010000 
 MDR: 00000000 
 ACC: 00000010 
 SP: 00000000 
 R: 11111111 
 Bus: 00000000

PC: 00000000 
 IR: 10010000 
 MAR: 00000000 
 MDR: 00000000 
 ACC: 00000010 
 SP: 00000000 
 R: 11111111 
 Bus: zzzzzzzz

PC: 00000001 
 IR: 10010000 
 MAR: 00000000 
 MDR: 00100000 
 ACC: 00000010 
 SP: 00000000 
 R: 11111111 
 Bus: 00100000

PC: 00000001 
 IR: 00100000 
 MAR: 00000000 
 MDR: 00100000 
 ACC: 00000010 
 SP: 00000000 
 R: 11111111 
 Bus: zzzzzzzz

PC: 00000001 
 IR: 00100000 
 MAR: 00000000 
 MDR: 00100000 
 ACC: 00000010 
 SP: 00000000 
 R: 11111111 
 Bus: 00000001

PC: 00000001 
 IR: 00100000 
 MAR: 00000001 
 MDR: 00100000 
 ACC: 00000010 
 SP: 00000000 
 R: 11111111 
 Bus: zzzzzzzz

PC: 00000010 
 IR: 00100000 
 MAR: 00000001 
 MDR: 00100011 
 ACC: 00000010 
 SP: 00000000 
 R: 11111111 
 Bus: 00100011

PC: 00000010 
 IR: 00100000 
 MAR: 00100011 
 MDR: 00100011 
 ACC: 00000010 
 SP: 00000000 
 R: 11111111 
 Bus: zzzzzzzz

PC: 00000010 
 IR: 00100000 
 MAR: 00100011 
 MDR: 00000010 
 ACC: 00000010 
 SP: 00000000 
 R: 11111111 
 Bus: 00000010

PC: 00000010 
 IR: 00100000 
 MAR: 00100011 
 MDR: 00000010 
 ACC: 00000010 
 SP: 00000000 
 R: 11111111 
 Bus: 00000010

PC: 00000010 
 IR: 00100000 
 MAR: 00000010 
 MDR: 00000010 
 ACC: 00000010 
 SP: 00000000 
 R: 11111111 
 Bus: zzzzzzzz

PC: 00000011 
 IR: 00100000 
 MAR: 00000010 
 MDR: 01000000 
 ACC: 00000010 
 SP: 00000000 
 R: 11111111 
 Bus: 01000000

PC: 00000011 
 IR: 01000000 
 MAR: 00000010 
 MDR: 01000000 
 ACC: 00000010 
 SP: 00000000 
 R: 11111111 
 Bus: zzzzzzzz

PC: 00000011 
 IR: 01000000 
 MAR: 00000010 
 MDR: 01000000 
 ACC: 00000010 
 SP: 00000000 
 R: 11111111 
 Bus: 00000010

PC: 00000011 
 IR: 01000000 
 MAR: 00000010 
 MDR: 01000000 
 ACC: 00000010 
 SP: 00000000 
 R: 00000010 
 Bus: 00000011

PC: 00000011 
 IR: 01000000 
 MAR: 00000011 
 MDR: 01000000 
 ACC: 00000010 
 SP: 00000000 
 R: 00000010 
 Bus: zzzzzzzz

PC: 00000100 
 IR: 01000000 
 MAR: 00000011 
 MDR: 00100000 
 ACC: 00000010 
 SP: 00000000 
 R: 00000010 
 Bus: 00100000

PC: 00000100 
 IR: 00100000 
 MAR: 00000011 
 MDR: 00100000 
 ACC: 00000010 
 SP: 00000000 
 R: 00000010 
 Bus: zzzzzzzz

PC: 00000100 
 IR: 00100000 
 MAR: 00000011 
 MDR: 00100000 
 ACC: 00000010 
 SP: 00000000 
 R: 00000010 
 Bus: 00000100

PC: 00000100 
 IR: 00100000 
 MAR: 00000100 
 MDR: 00100000 
 ACC: 00000010 
 SP: 00000000 
 R: 00000010 
 Bus: zzzzzzzz

PC: 00000101 
 IR: 00100000 
 MAR: 00000100 
 MDR: 00100100 
 ACC: 00000010 
 SP: 00000000 
 R: 00000010 
 Bus: 00100100

PC: 00000101 
 IR: 00100000 
 MAR: 00100100 
 MDR: 00100100 
 ACC: 00000010 
 SP: 00000000 
 R: 00000010 
 Bus: zzzzzzzz

PC: 00000101 
 IR: 00100000 
 MAR: 00100100 
 MDR: 00000111 
 ACC: 00000010 
 SP: 00000000 
 R: 00000010 
 Bus: 00000111

PC: 00000101 
 IR: 00100000 
 MAR: 00100100 
 MDR: 00000111 
 ACC: 00000111 
 SP: 00000000 
 R: 00000010 
 Bus: 00000101

PC: 00000101 
 IR: 00100000 
 MAR: 00000101 
 MDR: 00000111 
 ACC: 00000111 
 SP: 00000000 
 R: 00000010 
 Bus: zzzzzzzz

PC: 00000110 
 IR: 00100000 
 MAR: 00000101 
 MDR: 01010000 
 ACC: 00000111 
 SP: 00000000 
 R: 00000010 
 Bus: 01010000

PC: 00000110 
 IR: 01010000 
 MAR: 00000101 
 MDR: 01010000 
 ACC: 00000111 
 SP: 00000000 
 R: 00000010 
 Bus: zzzzzzzz

PC: 00000110 
 IR: 01010000 
 MAR: 00000101 
 MDR: 01010000 
 ACC: 00000111 
 SP: 00000000 
 R: 00000010 
 Bus: 00000010

PC: 00000110 
 IR: 01010000 
 MAR: 00000101 
 MDR: 01010000 
 ACC: 00001001 
 SP: 00000000 
 R: 00000010 
 Bus: 00000110

PC: 00000110 
 IR: 01010000 
 MAR: 00000110 
 MDR: 01010000 
 ACC: 00001001 
 SP: 00000000 
 R: 00000010 
 Bus: zzzzzzzz

PC: 00000111 
 IR: 01010000 
 MAR: 00000110 
 MDR: 00110000 
 ACC: 00001001 
 SP: 00000000 
 R: 00000010 
 Bus: 00110000

PC: 00000111 
 IR: 00110000 
 MAR: 00000110 
 MDR: 00110000 
 ACC: 00001001 
 SP: 00000000 
 R: 00000010 
 Bus: zzzzzzzz

PC: 00000111 
 IR: 00110000 
 MAR: 00000110 
 MDR: 00110000 
 ACC: 00001001 
 SP: 00000000 
 R: 00000010 
 Bus: 00000111

PC: 00000111 
 IR: 00110000 
 MAR: 00000111 
 MDR: 00110000 
 ACC: 00001001 
 SP: 00000000 
 R: 00000010 
 Bus: zzzzzzzz

PC: 00001000 
 IR: 00110000 
 MAR: 00000111 
 MDR: 00100100 
 ACC: 00001001 
 SP: 00000000 
 R: 00000010 
 Bus: 00100100

PC: 00001000 
 IR: 00110000 
 MAR: 00100100 
 MDR: 00100100 
 ACC: 00001001 
 SP: 00000000 
 R: 00000010 
 Bus: 00001001

PC: 00001000 
 IR: 00110000 
 MAR: 00100100 
 MDR: 00001001 
 ACC: 00001001 
 SP: 00000000 
 R: 00000010 
 Bus: 00001000

PC: 00001000 
 IR: 00110000 
 MAR: 00001000 
 MDR: 00001001 
 ACC: 00001001 
 SP: 00000000 
 R: 00000010 
 Bus: zzzzzzzz

PC: 00001001 
 IR: 00110000 
 MAR: 00001000 
 MDR: 00100000 
 ACC: 00001001 
 SP: 00000000 
 R: 00000010 
 Bus: 00100000

PC: 00001001 
 IR: 00100000 
 MAR: 00001000 
 MDR: 00100000 
 ACC: 00001001 
 SP: 00000000 
 R: 00000010 
 Bus: zzzzzzzz

PC: 00001001 
 IR: 00100000 
 MAR: 00001000 
 MDR: 00100000 
 ACC: 00001001 
 SP: 00000000 
 R: 00000010 
 Bus: 00001001

PC: 00001001 
 IR: 00100000 
 MAR: 00001001 
 MDR: 00100000 
 ACC: 00001001 
 SP: 00000000 
 R: 00000010 
 Bus: zzzzzzzz

PC: 00001010 
 IR: 00100000 
 MAR: 00001001 
 MDR: 00100011 
 ACC: 00001001 
 SP: 00000000 
 R: 00000010 
 Bus: 00100011

PC: 00001010 
 IR: 00100000 
 MAR: 00100011 
 MDR: 00100011 
 ACC: 00001001 
 SP: 00000000 
 R: 00000010 
 Bus: zzzzzzzz

PC: 00001010 
 IR: 00100000 
 MAR: 00100011 
 MDR: 00000010 
 ACC: 00001001 
 SP: 00000000 
 R: 00000010 
 Bus: 00000010

PC: 00001010 
 IR: 00100000 
 MAR: 00100011 
 MDR: 00000010 
 ACC: 00000010 
 SP: 00000000 
 R: 00000010 
 Bus: 00001010

PC: 00001010 
 IR: 00100000 
 MAR: 00001010 
 MDR: 00000010 
 ACC: 00000010 
 SP: 00000000 
 R: 00000010 
 Bus: zzzzzzzz

PC: 00001011 
 IR: 00100000 
 MAR: 00001010 
 MDR: 10100000 
 ACC: 00000010 
 SP: 00000000 
 R: 00000010 
 Bus: 10100000

PC: 00001011 
 IR: 10100000 
 MAR: 00001010 
 MDR: 10100000 
 ACC: 00000010 
 SP: 00000000 
 R: 00000010 
 Bus: zzzzzzzz

PC: 00001011 
 IR: 10100000 
 MAR: 00001010 
 MDR: 10100000 
 ACC: 00000010 
 SP: 00000000 
 R: 00000010 
 Bus: 00001011

PC: 00001011 
 IR: 10100000 
 MAR: 00001011 
 MDR: 10100000 
 ACC: 00000010 
 SP: 00000000 
 R: 00000010 
 Bus: zzzzzzzz

PC: 00001100 
 IR: 10100000 
 MAR: 00001011 
 MDR: 11111111 
 ACC: 00000010 
 SP: 00000000 
 R: 00000010 
 Bus: 11111111

PC: 00001100 
 IR: 10100000 
 MAR: 00001011 
 MDR: 11111111 
 ACC: 00000010 
 SP: 00000000 
 R: 11111111 
 Bus: 00001100

PC: 00001100 
 IR: 10100000 
 MAR: 00001100 
 MDR: 11111111 
 ACC: 00000010 
 SP: 00000000 
 R: 11111111 
 Bus: zzzzzzzz

PC: 00001101 
 IR: 10100000 
 MAR: 00001100 
 MDR: 01010000 
 ACC: 00000010 
 SP: 00000000 
 R: 11111111 
 Bus: 01010000

PC: 00001101 
 IR: 01010000 
 MAR: 00001100 
 MDR: 01010000 
 ACC: 00000010 
 SP: 00000000 
 R: 11111111 
 Bus: zzzzzzzz

PC: 00001101 
 IR: 01010000 
 MAR: 00001100 
 MDR: 01010000 
 ACC: 00000010 
 SP: 00000000 
 R: 11111111 
 Bus: 11111111

PC: 00001101 
 IR: 01010000 
 MAR: 00001100 
 MDR: 01010000 
 ACC: 00000001 
 SP: 00000000 
 R: 11111111 
 Bus: 00001101

PC: 00001101 
 IR: 01010000 
 MAR: 00001101 
 MDR: 01010000 
 ACC: 00000001 
 SP: 00000000 
 R: 11111111 
 Bus: zzzzzzzz

PC: 00001110 
 IR: 01010000 
 MAR: 00001101 
 MDR: 00110000 
 ACC: 00000001 
 SP: 00000000 
 R: 11111111 
 Bus: 00110000

PC: 00001110 
 IR: 00110000 
 MAR: 00001101 
 MDR: 00110000 
 ACC: 00000001 
 SP: 00000000 
 R: 11111111 
 Bus: zzzzzzzz

PC: 00001110 
 IR: 00110000 
 MAR: 00001101 
 MDR: 00110000 
 ACC: 00000001 
 SP: 00000000 
 R: 11111111 
 Bus: 00001110

PC: 00001110 
 IR: 00110000 
 MAR: 00001110 
 MDR: 00110000 
 ACC: 00000001 
 SP: 00000000 
 R: 11111111 
 Bus: zzzzzzzz

PC: 00001111 
 IR: 00110000 
 MAR: 00001110 
 MDR: 00100011 
 ACC: 00000001 
 SP: 00000000 
 R: 11111111 
 Bus: 00100011

PC: 00001111 
 IR: 00110000 
 MAR: 00100011 
 MDR: 00100011 
 ACC: 00000001 
 SP: 00000000 
 R: 11111111 
 Bus: 00000001

PC: 00001111 
 IR: 00110000 
 MAR: 00100011 
 MDR: 00000001 
 ACC: 00000001 
 SP: 00000000 
 R: 11111111 
 Bus: 00001111

PC: 00001111 
 IR: 00110000 
 MAR: 00001111 
 MDR: 00000001 
 ACC: 00000001 
 SP: 00000000 
 R: 11111111 
 Bus: zzzzzzzz

PC: 00010000 
 IR: 00110000 
 MAR: 00001111 
 MDR: 10010000 
 ACC: 00000001 
 SP: 00000000 
 R: 11111111 
 Bus: 10010000

PC: 00010000 
 IR: 10010000 
 MAR: 00001111 
 MDR: 10010000 
 ACC: 00000001 
 SP: 00000000 
 R: 11111111 
 Bus: zzzzzzzz

PC: 00010000 
 IR: 10010000 
 MAR: 00001111 
 MDR: 10010000 
 ACC: 00000001 
 SP: 00000000 
 R: 11111111 
 Bus: 00010000

PC: 00010000 
 IR: 10010000 
 MAR: 00010000 
 MDR: 10010000 
 ACC: 00000001 
 SP: 00000000 
 R: 11111111 
 Bus: zzzzzzzz

PC: 00010001 
 IR: 10010000 
 MAR: 00010000 
 MDR: 00000000 
 ACC: 00000001 
 SP: 00000000 
 R: 11111111 
 Bus: 00000000

PC: 00000000 
 IR: 10010000 
 MAR: 00010000 
 MDR: 00000000 
 ACC: 00000001 
 SP: 00000000 
 R: 11111111 
 Bus: 00000000

PC: 00000000 
 IR: 10010000 
 MAR: 00000000 
 MDR: 00000000 
 ACC: 00000001 
 SP: 00000000 
 R: 11111111 
 Bus: zzzzzzzz

PC: 00000001 
 IR: 10010000 
 MAR: 00000000 
 MDR: 00100000 
 ACC: 00000001 
 SP: 00000000 
 R: 11111111 
 Bus: 00100000

PC: 00000001 
 IR: 00100000 
 MAR: 00000000 
 MDR: 00100000 
 ACC: 00000001 
 SP: 00000000 
 R: 11111111 
 Bus: zzzzzzzz

PC: 00000001 
 IR: 00100000 
 MAR: 00000000 
 MDR: 00100000 
 ACC: 00000001 
 SP: 00000000 
 R: 11111111 
 Bus: 00000001

PC: 00000001 
 IR: 00100000 
 MAR: 00000001 
 MDR: 00100000 
 ACC: 00000001 
 SP: 00000000 
 R: 11111111 
 Bus: zzzzzzzz

PC: 00000010 
 IR: 00100000 
 MAR: 00000001 
 MDR: 00100011 
 ACC: 00000001 
 SP: 00000000 
 R: 11111111 
 Bus: 00100011

PC: 00000010 
 IR: 00100000 
 MAR: 00100011 
 MDR: 00100011 
 ACC: 00000001 
 SP: 00000000 
 R: 11111111 
 Bus: zzzzzzzz

PC: 00000010 
 IR: 00100000 
 MAR: 00100011 
 MDR: 00000001 
 ACC: 00000001 
 SP: 00000000 
 R: 11111111 
 Bus: 00000001

PC: 00000010 
 IR: 00100000 
 MAR: 00100011 
 MDR: 00000001 
 ACC: 00000001 
 SP: 00000000 
 R: 11111111 
 Bus: 00000010

PC: 00000010 
 IR: 00100000 
 MAR: 00000010 
 MDR: 00000001 
 ACC: 00000001 
 SP: 00000000 
 R: 11111111 
 Bus: zzzzzzzz

PC: 00000011 
 IR: 00100000 
 MAR: 00000010 
 MDR: 01000000 
 ACC: 00000001 
 SP: 00000000 
 R: 11111111 
 Bus: 01000000

PC: 00000011 
 IR: 01000000 
 MAR: 00000010 
 MDR: 01000000 
 ACC: 00000001 
 SP: 00000000 
 R: 11111111 
 Bus: zzzzzzzz

PC: 00000011 
 IR: 01000000 
 MAR: 00000010 
 MDR: 01000000 
 ACC: 00000001 
 SP: 00000000 
 R: 11111111 
 Bus: 00000001

PC: 00000011 
 IR: 01000000 
 MAR: 00000010 
 MDR: 01000000 
 ACC: 00000001 
 SP: 00000000 
 R: 00000001 
 Bus: 00000011

PC: 00000011 
 IR: 01000000 
 MAR: 00000011 
 MDR: 01000000 
 ACC: 00000001 
 SP: 00000000 
 R: 00000001 
 Bus: zzzzzzzz

PC: 00000100 
 IR: 01000000 
 MAR: 00000011 
 MDR: 00100000 
 ACC: 00000001 
 SP: 00000000 
 R: 00000001 
 Bus: 00100000

PC: 00000100 
 IR: 00100000 
 MAR: 00000011 
 MDR: 00100000 
 ACC: 00000001 
 SP: 00000000 
 R: 00000001 
 Bus: zzzzzzzz

PC: 00000100 
 IR: 00100000 
 MAR: 00000011 
 MDR: 00100000 
 ACC: 00000001 
 SP: 00000000 
 R: 00000001 
 Bus: 00000100

PC: 00000100 
 IR: 00100000 
 MAR: 00000100 
 MDR: 00100000 
 ACC: 00000001 
 SP: 00000000 
 R: 00000001 
 Bus: zzzzzzzz

PC: 00000101 
 IR: 00100000 
 MAR: 00000100 
 MDR: 00100100 
 ACC: 00000001 
 SP: 00000000 
 R: 00000001 
 Bus: 00100100

PC: 00000101 
 IR: 00100000 
 MAR: 00100100 
 MDR: 00100100 
 ACC: 00000001 
 SP: 00000000 
 R: 00000001 
 Bus: zzzzzzzz

PC: 00000101 
 IR: 00100000 
 MAR: 00100100 
 MDR: 00001001 
 ACC: 00000001 
 SP: 00000000 
 R: 00000001 
 Bus: 00001001

PC: 00000101 
 IR: 00100000 
 MAR: 00100100 
 MDR: 00001001 
 ACC: 00001001 
 SP: 00000000 
 R: 00000001 
 Bus: 00000101

PC: 00000101 
 IR: 00100000 
 MAR: 00000101 
 MDR: 00001001 
 ACC: 00001001 
 SP: 00000000 
 R: 00000001 
 Bus: zzzzzzzz

PC: 00000110 
 IR: 00100000 
 MAR: 00000101 
 MDR: 01010000 
 ACC: 00001001 
 SP: 00000000 
 R: 00000001 
 Bus: 01010000

PC: 00000110 
 IR: 01010000 
 MAR: 00000101 
 MDR: 01010000 
 ACC: 00001001 
 SP: 00000000 
 R: 00000001 
 Bus: zzzzzzzz

PC: 00000110 
 IR: 01010000 
 MAR: 00000101 
 MDR: 01010000 
 ACC: 00001001 
 SP: 00000000 
 R: 00000001 
 Bus: 00000001

PC: 00000110 
 IR: 01010000 
 MAR: 00000101 
 MDR: 01010000 
 ACC: 00001010 
 SP: 00000000 
 R: 00000001 
 Bus: 00000110

PC: 00000110 
 IR: 01010000 
 MAR: 00000110 
 MDR: 01010000 
 ACC: 00001010 
 SP: 00000000 
 R: 00000001 
 Bus: zzzzzzzz

PC: 00000111 
 IR: 01010000 
 MAR: 00000110 
 MDR: 00110000 
 ACC: 00001010 
 SP: 00000000 
 R: 00000001 
 Bus: 00110000

PC: 00000111 
 IR: 00110000 
 MAR: 00000110 
 MDR: 00110000 
 ACC: 00001010 
 SP: 00000000 
 R: 00000001 
 Bus: zzzzzzzz

PC: 00000111 
 IR: 00110000 
 MAR: 00000110 
 MDR: 00110000 
 ACC: 00001010 
 SP: 00000000 
 R: 00000001 
 Bus: 00000111

PC: 00000111 
 IR: 00110000 
 MAR: 00000111 
 MDR: 00110000 
 ACC: 00001010 
 SP: 00000000 
 R: 00000001 
 Bus: zzzzzzzz

PC: 00001000 
 IR: 00110000 
 MAR: 00000111 
 MDR: 00100100 
 ACC: 00001010 
 SP: 00000000 
 R: 00000001 
 Bus: 00100100

PC: 00001000 
 IR: 00110000 
 MAR: 00100100 
 MDR: 00100100 
 ACC: 00001010 
 SP: 00000000 
 R: 00000001 
 Bus: 00001010

PC: 00001000 
 IR: 00110000 
 MAR: 00100100 
 MDR: 00001010 
 ACC: 00001010 
 SP: 00000000 
 R: 00000001 
 Bus: 00001000

PC: 00001000 
 IR: 00110000 
 MAR: 00001000 
 MDR: 00001010 
 ACC: 00001010 
 SP: 00000000 
 R: 00000001 
 Bus: zzzzzzzz

PC: 00001001 
 IR: 00110000 
 MAR: 00001000 
 MDR: 00100000 
 ACC: 00001010 
 SP: 00000000 
 R: 00000001 
 Bus: 00100000

PC: 00001001 
 IR: 00100000 
 MAR: 00001000 
 MDR: 00100000 
 ACC: 00001010 
 SP: 00000000 
 R: 00000001 
 Bus: zzzzzzzz

PC: 00001001 
 IR: 00100000 
 MAR: 00001000 
 MDR: 00100000 
 ACC: 00001010 
 SP: 00000000 
 R: 00000001 
 Bus: 00001001

PC: 00001001 
 IR: 00100000 
 MAR: 00001001 
 MDR: 00100000 
 ACC: 00001010 
 SP: 00000000 
 R: 00000001 
 Bus: zzzzzzzz

PC: 00001010 
 IR: 00100000 
 MAR: 00001001 
 MDR: 00100011 
 ACC: 00001010 
 SP: 00000000 
 R: 00000001 
 Bus: 00100011

PC: 00001010 
 IR: 00100000 
 MAR: 00100011 
 MDR: 00100011 
 ACC: 00001010 
 SP: 00000000 
 R: 00000001 
 Bus: zzzzzzzz

PC: 00001010 
 IR: 00100000 
 MAR: 00100011 
 MDR: 00000001 
 ACC: 00001010 
 SP: 00000000 
 R: 00000001 
 Bus: 00000001

PC: 00001010 
 IR: 00100000 
 MAR: 00100011 
 MDR: 00000001 
 ACC: 00000001 
 SP: 00000000 
 R: 00000001 
 Bus: 00001010

PC: 00001010 
 IR: 00100000 
 MAR: 00001010 
 MDR: 00000001 
 ACC: 00000001 
 SP: 00000000 
 R: 00000001 
 Bus: zzzzzzzz

PC: 00001011 
 IR: 00100000 
 MAR: 00001010 
 MDR: 10100000 
 ACC: 00000001 
 SP: 00000000 
 R: 00000001 
 Bus: 10100000

PC: 00001011 
 IR: 10100000 
 MAR: 00001010 
 MDR: 10100000 
 ACC: 00000001 
 SP: 00000000 
 R: 00000001 
 Bus: zzzzzzzz

PC: 00001011 
 IR: 10100000 
 MAR: 00001010 
 MDR: 10100000 
 ACC: 00000001 
 SP: 00000000 
 R: 00000001 
 Bus: 00001011

PC: 00001011 
 IR: 10100000 
 MAR: 00001011 
 MDR: 10100000 
 ACC: 00000001 
 SP: 00000000 
 R: 00000001 
 Bus: zzzzzzzz

PC: 00001100 
 IR: 10100000 
 MAR: 00001011 
 MDR: 11111111 
 ACC: 00000001 
 SP: 00000000 
 R: 00000001 
 Bus: 11111111

PC: 00001100 
 IR: 10100000 
 MAR: 00001011 
 MDR: 11111111 
 ACC: 00000001 
 SP: 00000000 
 R: 11111111 
 Bus: 00001100

PC: 00001100 
 IR: 10100000 
 MAR: 00001100 
 MDR: 11111111 
 ACC: 00000001 
 SP: 00000000 
 R: 11111111 
 Bus: zzzzzzzz

PC: 00001101 
 IR: 10100000 
 MAR: 00001100 
 MDR: 01010000 
 ACC: 00000001 
 SP: 00000000 
 R: 11111111 
 Bus: 01010000

PC: 00001101 
 IR: 01010000 
 MAR: 00001100 
 MDR: 01010000 
 ACC: 00000001 
 SP: 00000000 
 R: 11111111 
 Bus: zzzzzzzz

PC: 00001101 
 IR: 01010000 
 MAR: 00001100 
 MDR: 01010000 
 ACC: 00000001 
 SP: 00000000 
 R: 11111111 
 Bus: 11111111

PC: 00001101 
 IR: 01010000 
 MAR: 00001100 
 MDR: 01010000 
 ACC: 00000000 
 SP: 00000000 
 R: 11111111 
 Bus: 00001101

PC: 00001101 
 IR: 01010000 
 MAR: 00001101 
 MDR: 01010000 
 ACC: 00000000 
 SP: 00000000 
 R: 11111111 
 Bus: zzzzzzzz

PC: 00001110 
 IR: 01010000 
 MAR: 00001101 
 MDR: 00110000 
 ACC: 00000000 
 SP: 00000000 
 R: 11111111 
 Bus: 00110000

PC: 00001110 
 IR: 00110000 
 MAR: 00001101 
 MDR: 00110000 
 ACC: 00000000 
 SP: 00000000 
 R: 11111111 
 Bus: zzzzzzzz

PC: 00001110 
 IR: 00110000 
 MAR: 00001101 
 MDR: 00110000 
 ACC: 00000000 
 SP: 00000000 
 R: 11111111 
 Bus: 00001110

PC: 00001110 
 IR: 00110000 
 MAR: 00001110 
 MDR: 00110000 
 ACC: 00000000 
 SP: 00000000 
 R: 11111111 
 Bus: zzzzzzzz

PC: 00001111 
 IR: 00110000 
 MAR: 00001110 
 MDR: 00100011 
 ACC: 00000000 
 SP: 00000000 
 R: 11111111 
 Bus: 00100011

PC: 00001111 
 IR: 00110000 
 MAR: 00100011 
 MDR: 00100011 
 ACC: 00000000 
 SP: 00000000 
 R: 11111111 
 Bus: 00000000

PC: 00001111 
 IR: 00110000 
 MAR: 00100011 
 MDR: 00000000 
 ACC: 00000000 
 SP: 00000000 
 R: 11111111 
 Bus: 00001111

PC: 00001111 
 IR: 00110000 
 MAR: 00001111 
 MDR: 00000000 
 ACC: 00000000 
 SP: 00000000 
 R: 11111111 
 Bus: zzzzzzzz

PC: 00010000 
 IR: 00110000 
 MAR: 00001111 
 MDR: 10010000 
 ACC: 00000000 
 SP: 00000000 
 R: 11111111 
 Bus: 10010000

PC: 00010000 
 IR: 10010000 
 MAR: 00001111 
 MDR: 10010000 
 ACC: 00000000 
 SP: 00000000 
 R: 11111111 
 Bus: zzzzzzzz

PC: 00010000 
 IR: 10010000 
 MAR: 00001111 
 MDR: 10010000 
 ACC: 00000000 
 SP: 00000000 
 R: 11111111 
 Bus: 00010000

PC: 00010000 
 IR: 10010000 
 MAR: 00010000 
 MDR: 10010000 
 ACC: 00000000 
 SP: 00000000 
 R: 11111111 
 Bus: zzzzzzzz

PC: 00010001 
 IR: 10010000 
 MAR: 00010000 
 MDR: 00000000 
 ACC: 00000000 
 SP: 00000000 
 R: 11111111 
 Bus: 00010001

PC: 00010001 
 IR: 10010000 
 MAR: 00010001 
 MDR: 00000000 
 ACC: 00000000 
 SP: 00000000 
 R: 11111111 
 Bus: zzzzzzzz

PC: 00010010 
 IR: 10010000 
 MAR: 00010001 
 MDR: 10000000 
 ACC: 00000000 
 SP: 00000000 
 R: 11111111 
 Bus: 10000000

PC: 00010010 
 IR: 10000000 
 MAR: 00010001 
 MDR: 10000000 
 ACC: 00000000 
 SP: 00000000 
 R: 11111111 
 Bus: zzzzzzzz

PC: 00010010 
 IR: 10000000 
 MAR: 00010001 
 MDR: 10000000 
 ACC: 00000000 
 SP: 00000000 
 R: 11111111 
 Bus: 00010010

PC: 00010010 
 IR: 10000000 
 MAR: 00010010 
 MDR: 10000000 
 ACC: 00000000 
 SP: 00000000 
 R: 11111111 
 Bus: zzzzzzzz

PC: 00010011 
 IR: 10000000 
 MAR: 00010010 
 MDR: 00011011 
 ACC: 00000000 
 SP: 00000000 
 R: 11111111 
 Bus: 00011011

PC: 00011011 
 IR: 10000000 
 MAR: 00010010 
 MDR: 00011011 
 ACC: 00000000 
 SP: 00000000 
 R: 11111111 
 Bus: 00011011

PC: 00011011 
 IR: 10000000 
 MAR: 00011011 
 MDR: 00011011 
 ACC: 00000000 
 SP: 00000000 
 R: 11111111 
 Bus: zzzzzzzz

PC: 00011100 
 IR: 10000000 
 MAR: 00011011 
 MDR: 10100000 
 ACC: 00000000 
 SP: 00000000 
 R: 11111111 
 Bus: 10100000

PC: 00011100 
 IR: 10100000 
 MAR: 00011011 
 MDR: 10100000 
 ACC: 00000000 
 SP: 00000000 
 R: 11111111 
 Bus: zzzzzzzz

PC: 00011100 
 IR: 10100000 
 MAR: 00011011 
 MDR: 10100000 
 ACC: 00000000 
 SP: 00000000 
 R: 11111111 
 Bus: 00011100

PC: 00011100 
 IR: 10100000 
 MAR: 00011100 
 MDR: 10100000 
 ACC: 00000000 
 SP: 00000000 
 R: 11111111 
 Bus: zzzzzzzz

PC: 00011101 
 IR: 10100000 
 MAR: 00011100 
 MDR: 00000000 
 ACC: 00000000 
 SP: 00000000 
 R: 11111111 
 Bus: 00000000

PC: 00011101 
 IR: 10100000 
 MAR: 00011100 
 MDR: 00000000 
 ACC: 00000000 
 SP: 00000000 
 R: 00000000 
 Bus: 00011101

PC: 00011101 
 IR: 10100000 
 MAR: 00011101 
 MDR: 00000000 
 ACC: 00000000 
 SP: 00000000 
 R: 00000000 
 Bus: zzzzzzzz

PC: 00011110 
 IR: 10100000 
 MAR: 00011101 
 MDR: 01100000 
 ACC: 00000000 
 SP: 00000000 
 R: 00000000 
 Bus: 01100000

PC: 00011110 
 IR: 01100000 
 MAR: 00011101 
 MDR: 01100000 
 ACC: 00000000 
 SP: 00000000 
 R: 00000000 
 Bus: zzzzzzzz

PC: 00011110 
 IR: 01100000 
 MAR: 00011101 
 MDR: 01100000 
 ACC: 00000000 
 SP: 00000000 
 R: 00000000 
 Bus: 00000000

PC: 00011110 
 IR: 01100000 
 MAR: 00011101 
 MDR: 01100000 
 ACC: 00000000 
 SP: 00000000 
 R: 00000000 
 Bus: 00011110

PC: 00011110 
 IR: 01100000 
 MAR: 00011110 
 MDR: 01100000 
 ACC: 00000000 
 SP: 00000000 
 R: 00000000 
 Bus: zzzzzzzz

PC: 00011111 
 IR: 01100000 
 MAR: 00011110 
 MDR: 10100000 
 ACC: 00000000 
 SP: 00000000 
 R: 00000000 
 Bus: 10100000

PC: 00011111 
 IR: 10100000 
 MAR: 00011110 
 MDR: 10100000 
 ACC: 00000000 
 SP: 00000000 
 R: 00000000 
 Bus: zzzzzzzz

PC: 00011111 
 IR: 10100000 
 MAR: 00011110 
 MDR: 10100000 
 ACC: 00000000 
 SP: 00000000 
 R: 00000000 
 Bus: 00011111

PC: 00011111 
 IR: 10100000 
 MAR: 00011111 
 MDR: 10100000 
 ACC: 00000000 
 SP: 00000000 
 R: 00000000 
 Bus: zzzzzzzz

PC: 00100000 
 IR: 10100000 
 MAR: 00011111 
 MDR: 11111111 
 ACC: 00000000 
 SP: 00000000 
 R: 00000000 
 Bus: 11111111

PC: 00100000 
 IR: 10100000 
 MAR: 00011111 
 MDR: 11111111 
 ACC: 00000000 
 SP: 00000000 
 R: 11111111 
 Bus: 00100000

PC: 00100000 
 IR: 10100000 
 MAR: 00100000 
 MDR: 11111111 
 ACC: 00000000 
 SP: 00000000 
 R: 11111111 
 Bus: zzzzzzzz

PC: 00100001 
 IR: 10100000 
 MAR: 00100000 
 MDR: 01010000 
 ACC: 00000000 
 SP: 00000000 
 R: 11111111 
 Bus: 01010000

PC: 00100001 
 IR: 01010000 
 MAR: 00100000 
 MDR: 01010000 
 ACC: 00000000 
 SP: 00000000 
 R: 11111111 
 Bus: zzzzzzzz

PC: 00100001 
 IR: 01010000 
 MAR: 00100000 
 MDR: 01010000 
 ACC: 00000000 
 SP: 00000000 
 R: 11111111 
 Bus: 11111111

PC: 00100001 
 IR: 01010000 
 MAR: 00100000 
 MDR: 01010000 
 ACC: 11111111 
 SP: 00000000 
 R: 11111111 
 Bus: 00100001

PC: 00100001 
 IR: 01010000 
 MAR: 00100001 
 MDR: 01010000 
 ACC: 11111111 
 SP: 00000000 
 R: 11111111 
 Bus: zzzzzzzz

PC: 00100010 
 IR: 01010000 
 MAR: 00100001 
 MDR: 00110000 
 ACC: 11111111 
 SP: 00000000 
 R: 11111111 
 Bus: 00110000

PC: 00100010 
 IR: 00110000 
 MAR: 00100001 
 MDR: 00110000 
 ACC: 11111111 
 SP: 00000000 
 R: 11111111 
 Bus: zzzzzzzz

PC: 00100010 
 IR: 00110000 
 MAR: 00100001 
 MDR: 00110000 
 ACC: 11111111 
 SP: 00000000 
 R: 11111111 
 Bus: 00100010

PC: 00100010 
 IR: 00110000 
 MAR: 00100010 
 MDR: 00110000 
 ACC: 11111111 
 SP: 00000000 
 R: 11111111 
 Bus: zzzzzzzz

PC: 00100011 
 IR: 00110000 
 MAR: 00100010 
 MDR: 00100101 
 ACC: 11111111 
 SP: 00000000 
 R: 11111111 
 Bus: 00100101

PC: 00100011 
 IR: 00110000 
 MAR: 00100101 
 MDR: 00100101 
 ACC: 11111111 
 SP: 00000000 
 R: 11111111 
 Bus: 11111111

PC: 00100011 
 IR: 00110000 
 MAR: 00100101 
 MDR: 11111111 
 ACC: 11111111 
 SP: 00000000 
 R: 11111111 
 Bus: 00100011

Gooooooooooooooooooood! Finally Here! 4+3+2+1= 10
close_sim
INFO: [Simtcl 6-16] Simulation closed
close_sim
INFO: [Simtcl 6-16] Simulation closed
exit
INFO: [Common 17-206] Exiting Vivado at Wed May  6 08:41:15 2020...
