#-----------------------------------------------------------
# Vivado v2018.3 (64-bit)
# SW Build 2405991 on Thu Dec  6 23:38:27 MST 2018
# IP Build 2404404 on Fri Dec  7 01:43:56 MST 2018
# Start of session at: Mon May  4 14:31:21 2020
# Process ID: 14292
# Current directory: D:/Lab4_Handouts/Lab4_Controller
# Command line: vivado.exe -gui_launcher_event rodinguilauncherevent15404 D:\Lab4_Handouts\Lab4_Controller\Lab4_Controller.xpr
# Log file: D:/Lab4_Handouts/Lab4_Controller/vivado.log
# Journal file: D:/Lab4_Handouts/Lab4_Controller\vivado.jou
#-----------------------------------------------------------
start_gui
open_project D:/Lab4_Handouts/Lab4_Controller/Lab4_Controller.xpr
INFO: [Project 1-313] Project file moved from 'D:/Lab4_Controller' since last save.
Scanning sources...
Finished scanning sources
INFO: [IP_Flow 19-234] Refreshing IP repositories
INFO: [IP_Flow 19-1704] No user IP repositories specified
INFO: [IP_Flow 19-2313] Loaded Vivado IP repository 'C:/Xilinx/Vivado/2018.3/data/ip'.
update_compile_order -fileset sources_1
exit
INFO: [Common 17-206] Exiting Vivado at Mon May  4 14:32:17 2020...
