#-----------------------------------------------------------
# Vivado v2018.3 (64-bit)
# SW Build 2405991 on Thu Dec  6 23:38:27 MST 2018
# IP Build 2404404 on Fri Dec  7 01:43:56 MST 2018
# Start of session at: Thu Apr 16 18:56:50 2020
# Process ID: 5084
# Current directory: C:/Users/fay/Documents/GitHub/Computer-Organization-experiment/Lab3_Booth_2/Booth
# Command line: vivado.exe -gui_launcher_event rodinguilauncherevent3052 C:\Users\fay\Documents\GitHub\Computer-Organization-experiment\Lab3_Booth_2\Booth\Booth.xpr
# Log file: C:/Users/fay/Documents/GitHub/Computer-Organization-experiment/Lab3_Booth_2/Booth/vivado.log
# Journal file: C:/Users/fay/Documents/GitHub/Computer-Organization-experiment/Lab3_Booth_2/Booth\vivado.jou
#-----------------------------------------------------------
start_gui
open_project C:/Users/fay/Documents/GitHub/Computer-Organization-experiment/Lab3_Booth_2/Booth/Booth.xpr
INFO: [ProjectBase 1-489] The host OS only allows 260 characters in a normal path. The project is stored in a path with more than 80 characters. If you experience issues with IP, Block Designs, or files not being found, please consider moving the project to a location with a shorter path. Alternately consider using the OS subst command to map part of the path to a drive letter.
Current project path is 'C:/Users/fay/Documents/GitHub/Computer-Organization-experiment/Lab3_Booth_2/Booth'
INFO: [Project 1-313] Project file moved from 'C:/Users/fay/Documents/GitHub/Computer-Organization-experiment/Lab3_Booth/Booth' since last save.
Scanning sources...
Finished scanning sources
INFO: [IP_Flow 19-234] Refreshing IP repositories
INFO: [IP_Flow 19-1704] No user IP repositories specified
INFO: [IP_Flow 19-2313] Loaded Vivado IP repository 'C:/Xilinx/Vivado/2018.3/data/ip'.
update_compile_order -fileset sources_1
exit
INFO: [Common 17-206] Exiting Vivado at Thu Apr 16 19:18:31 2020...
