#-----------------------------------------------------------
# Vivado v2018.3 (64-bit)
# SW Build 2405991 on Thu Dec  6 23:38:27 MST 2018
# IP Build 2404404 on Fri Dec  7 01:43:56 MST 2018
# Start of session at: Sun Mar 29 14:00:33 2020
# Process ID: 18744
# Current directory: D:/正式实验文件/Lab1_Cache
# Command line: vivado.exe -gui_launcher_event rodinguilauncherevent13456 D:\正式实验文件\Lab1_Cache\Lab1_Cache.xpr
# Log file: D:/正式实验文件/Lab1_Cache/vivado.log
# Journal file: D:/正式实验文件/Lab1_Cache\vivado.jou
#-----------------------------------------------------------
start_gui
open_project D:/正式实验文件/Lab1_Cache/Lab1_Cache.xpr
INFO: [Project 1-313] Project file moved from 'D:/Lab1_Cache' since last save.
Scanning sources...
Finished scanning sources
INFO: [IP_Flow 19-234] Refreshing IP repositories
INFO: [IP_Flow 19-1704] No user IP repositories specified
INFO: [IP_Flow 19-2313] Loaded Vivado IP repository 'C:/Xilinx/Vivado/2018.3/data/ip'.
update_compile_order -fileset sources_1
reset_project
exit
INFO: [Common 17-206] Exiting Vivado at Sun Mar 29 14:03:11 2020...
